Telegram connected: username = github65bot
Telegram connected: username = github65bot
Telegram connected: username = github65bot
Telegram API Error:
[409]
Conflict: terminated by other getUpdates request; make sure that only one bot instance is running
Telegram API Error:
[409]
Conflict: terminated by other getUpdates request; make sure that only one bot instance is running
Telegram API Error:
[409]
Conflict: terminated by other getUpdates request; make sure that only one bot instance is running
Telegram API Error:
[409]
Conflict: terminated by other getUpdates request; make sure that only one bot instance is running
Telegram connected: username = github65bot
Telegram API Error:
[409]
Conflict: terminated by other getUpdates request; make sure that only one bot instance is running
Telegram API Error:
[409]
Conflict: terminated by other getUpdates request; make sure that only one bot instance is running
Telegram connected: username = github65bot
Telegram API Error:
[409]
Conflict: terminated by other getUpdates request; make sure that only one bot instance is running
Telegram API Error:
[409]
Conflict: terminated by other getUpdates request; make sure that only one bot instance is running
Telegram connected: username = github65bot
Telegram API Error:
[409]
Conflict: terminated by other getUpdates request; make sure that only one bot instance is running
Telegram API Error:
[409]
Conflict: terminated by other getUpdates request; make sure that only one bot instance is running
Telegram API Error:
[409]
Conflict: terminated by other getUpdates request; make sure that only one bot instance is running
Telegram connected: username = github65bot
Telegram connected: username = github65bot
Telegram connected: username = github65bot
Telegram connected: username = github65bot
Telegram connected: username = github65bot
Telegram connected: username = github65bot
[2022-07-03 02:19:11]  Message sent to @iBaseDev: test message
[2022-07-03 02:19:11]  Message sent to @theonlydeazy: test message
[2022-07-03 02:19:11]  Message sent to @topazdev: test message
[2022-07-03 02:19:12]  Message sent to @Test TG Bot: test message
[2022-07-03 02:19:12]  Message sent to @+KgeCUFgM7uhjMDA5: test message
Telegram connected: username = github65bot
[2022-07-03 02:20:58]  Message sent to @iBaseDev: test message
[2022-07-03 02:20:58]  Message sent to @theonlydeazy: test message
[2022-07-03 02:20:58]  Message sent to @topazdev: test message
[2022-07-03 02:20:58]  Message sent to @Test TG Bot: test message
[2022-07-03 02:20:58]  Message sent to @+KgeCUFgM7uhjMDA5: test message
Telegram connected: username = github65bot
[2022-07-03 02:22:12]  Message sent to @iBaseDev: test message
[2022-07-03 02:22:12]  Message sent to @theonlydeazy: test message
[2022-07-03 02:22:12]  Message sent to @topazdev: test message
[2022-07-03 02:22:12]  Message sent to @Test TG Bot: test message
[2022-07-03 02:22:12]  Message sent to @+KgeCUFgM7uhjMDA5: test message
Telegram connected: username = github65bot
[2022-07-03 02:22:57]  Message sent to @iBaseDev: test message
[2022-07-03 02:22:57]  Message sent to @theonlydeazy: test message
[2022-07-03 02:22:57]  Message sent to @topazdev: test message
[2022-07-03 02:22:57]  Message sent to @Test TG Bot: test message
[2022-07-03 02:22:57]  Message sent to @+KgeCUFgM7uhjMDA5: test message
Telegram connected: username = github65bot
[2022-07-03 02:23:19]  Message sent to @iBaseDev: test message
[2022-07-03 02:23:19]  Message sent to @theonlydeazy: test message
[2022-07-03 02:23:19]  Message sent to @topazdev: test message
[2022-07-03 02:23:20]  Message sent to @Test TG Bot: test message
[2022-07-03 02:23:20]  Message sent to @+KgeCUFgM7uhjMDA5: test message
Telegram connected: username = github65bot
[2022-07-03 02:24:22]  Message sent to @iBaseDev: test message
[2022-07-03 02:24:22]  Message sent to @theonlydeazy: test message
[2022-07-03 02:24:22]  Message sent to @topazdev: test message
[2022-07-03 02:24:22]  "tyt" from topazdev. chatId = 5473185053, messageId = 453
[2022-07-03 02:24:22]  Message sent to @Test TG Bot: test message
[2022-07-03 02:24:22]  Message sent to @+KgeCUFgM7uhjMDA5: test message
Telegram connected: username = github65bot
[2022-07-03 02:25:24]  Message sent to @iBaseDev: test message
[2022-07-03 02:25:24]  Message sent to @theonlydeazy: test message
[2022-07-03 02:25:24]  Message sent to @topazdev: test message
[2022-07-03 02:25:25]  Message sent to @Test TG Bot: test message
[2022-07-03 02:25:25]  Message sent to @+KgeCUFgM7uhjMDA5: test message
Telegram connected: username = github65bot
[2022-07-03 02:27:09]  Message sent to @iBaseDev: test message
[2022-07-03 02:27:09]  Message sent to @theonlydeazy: test message
[2022-07-03 02:27:09]  Message sent to @topazdev: test message
[2022-07-03 02:27:10]  Message sent to @Test TG Bot: test message
[2022-07-03 02:27:10]  Message sent to @+KgeCUFgM7uhjMDA5: test message
Telegram connected: username = github65bot
[2022-07-03 22:31:59]  <INFO>  commit saved in database (1 / 331): deazyyy/DontKYC-NFT/e9130f11e09ecc835cef384e81cd3de6ae7d96ee
[2022-07-03 22:32:00]  <INFO>  commit saved in database (2 / 331): deazyyy/DontKYC-NFT/f2d3915aa7331f51899ff033111d709d98176c0e
[2022-07-03 22:32:01]  <INFO>  commit saved in database (3 / 331): deazyyy/DontKYC-NFT/fb6e3641798dfff3afb0a27f601ebe81241a6aac
[2022-07-03 22:32:01]  <INFO>  commit saved in database (4 / 331): deazyyy/DontKYC-NFT/24c0f80f51bf93b65d04a001e7629ab355103f81
[2022-07-03 22:32:02]  <INFO>  commit saved in database (5 / 331): deazyyy/DontKYC-NFT/d7667bf81fdec1b481bcded862ba701b0e515a0a
[2022-07-03 22:32:03]  <INFO>  commit saved in database (6 / 331): deazyyy/DontKYC-NFT/1de71af5c3c3564c10ba3e40f2e69c6b732bc726
[2022-07-03 22:32:04]  <INFO>  commit saved in database (7 / 331): deazyyy/DontKYC-NFT/655f0c5b2f91836ee4a0c24d125761a888ce3e10
[2022-07-03 22:32:05]  <INFO>  commit saved in database (8 / 331): deazyyy/DontKYC-NFT/cda2beb6f3a3b8958c8fba1f7973a6eeba07ed81
[2022-07-03 22:32:06]  <INFO>  commit saved in database (9 / 331): deazyyy/DontKYC-NFT/ae7e3594ac34efdc949bb7254759eadccca531fb
[2022-07-03 22:32:07]  <INFO>  commit saved in database (10 / 331): deazyyy/DontKYC-NFT/e2ab2ee8c2a66de9b6b293455932ea82ebb84748
[2022-07-03 22:32:08]  <INFO>  commit saved in database (11 / 331): deazyyy/DontKYC-NFT/97d52d1a264091698aed1bbab42349c20ebac7ad
[2022-07-03 22:32:09]  <INFO>  commit saved in database (12 / 331): deazyyy/DontKYC-NFT/8ee568982fbdc6e99904a22a5a135a226e3a57c0
[2022-07-03 22:32:10]  <INFO>  commit saved in database (13 / 331): deazyyy/DontKYC-NFT/76d263a4a8688776d841cf94626efc3619c65aed
[2022-07-03 22:32:11]  <INFO>  commit saved in database (14 / 331): deazyyy/DontKYC-NFT/10e07d474f3c0f8673245ff8a41956d7fcd7ba32
[2022-07-03 22:32:12]  <INFO>  commit saved in database (15 / 331): deazyyy/DontKYC-NFT/c33bf2096b87074278e2a9cdc169ed6e60a60f89
[2022-07-03 22:32:13]  <INFO>  commit saved in database (16 / 331): deazyyy/DontKYC-NFT/e347f618ab65081fc891cb9b93cf215a54aaea19
[2022-07-03 22:32:14]  <INFO>  commit saved in database (17 / 331): deazyyy/DontKYC-NFT/3feae2c1a0023d7f9430e2f1d0acd0d47bd2b5f5
[2022-07-03 22:32:15]  <INFO>  commit saved in database (18 / 331): deazyyy/DontKYC-NFT/8ef4e7f9f6b776d80f15dc4d2fe9864b587c633d
[2022-07-03 22:32:16]  <INFO>  commit saved in database (19 / 331): deazyyy/DontKYC-NFT/83b53c45a6563f901b253375ea26881d03537726
[2022-07-03 22:32:18]  <INFO>  commit saved in database (20 / 331): deazyyy/DontKYC-NFT/32b0447c3138afe9142d917ce1372db53e6138a9
[2022-07-03 22:32:19]  <INFO>  commit saved in database (21 / 331): deazyyy/DontKYC-NFT/8659d61b8418bcaa9b406c7f1d7d09adbda9872c
[2022-07-03 22:32:20]  <INFO>  commit saved in database (22 / 331): deazyyy/DontKYC-NFT/cc36a690904747eda5b7c8e1b90811e5980ccdcc
[2022-07-03 22:32:21]  <INFO>  commit saved in database (23 / 331): deazyyy/DontKYC-NFT/dc72feb9036ec9bc462622e32a2719f1938588e6
[2022-07-03 22:32:22]  <INFO>  commit saved in database (24 / 331): deazyyy/DontKYC-NFT/e38a96311555ddc4473727a8266551bfa8ed0734
[2022-07-03 22:32:23]  <INFO>  commit saved in database (25 / 331): deazyyy/DontKYC-NFT/e098112770561c0d2597a2eaf7f45a31f38b8922
[2022-07-03 22:32:24]  <INFO>  commit saved in database (26 / 331): deazyyy/DontKYC-NFT/8c63ea2a3fa6cd2fc02174d32a4017b51dcf90ea
[2022-07-03 22:32:25]  <INFO>  commit saved in database (27 / 331): deazyyy/DontKYC-NFT/01b3b0af760e062140d1c3b1931de15579342d53
[2022-07-03 22:32:25]  <INFO>  commit saved in database (28 / 331): deazyyy/DontKYC-NFT/7f5f5a5b573021fed1ae3c83323c752a6e47ff0a
[2022-07-03 22:32:26]  <INFO>  commit saved in database (29 / 331): deazyyy/DontKYC-NFT/748b4fded527314f2c4dda3e6d6387870f4da6ab
[2022-07-03 22:32:27]  <INFO>  commit saved in database (30 / 331): deazyyy/DontKYC-NFT/b770a7b0137d45262359956992dc7131bdb2a943
[2022-07-03 22:32:28]  <INFO>  commit saved in database (31 / 331): deazyyy/DontKYC-NFT/719ba824546c1d365a476238221c08feb4c333a2
[2022-07-03 22:32:29]  <INFO>  commit saved in database (32 / 331): deazyyy/DontKYC-NFT/f54c174888a051fa0b4d0dfa1a375f3bc54a408a
[2022-07-03 22:32:30]  <INFO>  commit saved in database (33 / 331): deazyyy/DontKYC-NFT/ef4b5cd4285897067b5420e4f4ad6b2cf7311d9c
[2022-07-03 22:32:31]  <INFO>  commit saved in database (34 / 331): deazyyy/DontKYC-NFT/2a0ea682d0fe9e1c17b72a1cac3072fbd2291797
[2022-07-03 22:32:32]  <INFO>  commit saved in database (35 / 331): deazyyy/DontKYC-NFT/408b2375dc6ab4e085f6ca77fad9780c02f89ba2
[2022-07-03 22:32:33]  <INFO>  commit saved in database (36 / 331): deazyyy/DontKYC-NFT/8c1a9dd02cdd65245dedc3b1a51e7bd850844309
[2022-07-03 22:32:34]  <INFO>  commit saved in database (37 / 331): deazyyy/DontKYC-NFT/7ce96917842df06a47d4e542e1b46a4f57ebc08a
[2022-07-03 22:32:35]  <INFO>  commit saved in database (38 / 331): deazyyy/DontKYC-NFT/a694aadce04544e1a7cf561eaef01dcda07ebc39
[2022-07-03 22:32:36]  <INFO>  commit saved in database (39 / 331): deazyyy/DontKYC-NFT/5a98a211e543d694d3baf492b86c40c8c1e154f0
[2022-07-03 22:32:38]  <INFO>  commit saved in database (40 / 331): deazyyy/DontKYC-NFT/afccd24b48e28359f9cf54e0034bdb638a76028c
[2022-07-03 22:32:39]  <INFO>  commit saved in database (41 / 331): deazyyy/DontKYC-NFT/31ad803b7ec0c1e1a394fc465599b868001a6471
[2022-07-03 22:32:40]  <INFO>  commit saved in database (42 / 331): deazyyy/DontKYC-NFT/b3a9442a3fc4b2b3abc7c61ce58228abce3cabf4
[2022-07-03 22:32:42]  <INFO>  commit saved in database (43 / 331): deazyyy/DontKYC-NFT/a20fe7a9dcca32730338917de2b9e2afe4f0e869
[2022-07-03 22:32:43]  <INFO>  commit saved in database (44 / 331): deazyyy/DontKYC-NFT/677460da36ca990332daac3d74f1f7a0cfd03f9e
[2022-07-03 22:32:43]  <INFO>  commit saved in database (45 / 331): deazyyy/DontKYC-NFT/9be9ee17c966a065727aad9ff8256c1c679ae466
[2022-07-03 22:32:44]  <INFO>  commit saved in database (46 / 331): deazyyy/DontKYC-NFT/0c59b29ee2d3aae058935449bd985e6e833b150a
[2022-07-03 22:32:45]  <INFO>  commit saved in database (47 / 331): deazyyy/DontKYC-NFT/7d7be67d8ac90f4fdc687b3aa1994c13496e97b4
[2022-07-03 22:32:46]  <INFO>  commit saved in database (48 / 331): deazyyy/DontKYC-NFT/7f1c7bfb4d318330890cd14fa1f3b4c814352d26
[2022-07-03 22:32:47]  <INFO>  commit saved in database (49 / 331): deazyyy/DontKYC-NFT/6bb1c2cc9ea3da78b444441120f4c10d1e9c8ef1
[2022-07-03 22:32:48]  <INFO>  commit saved in database (50 / 331): deazyyy/DontKYC-NFT/fe37610b7fa29c342f7bb731b57e22bd29440f0b
[2022-07-03 22:32:49]  <INFO>  commit saved in database (51 / 331): deazyyy/DontKYC-NFT/af76b5aafcb5c55a4be5991b48419999961bca76
[2022-07-03 22:32:50]  <INFO>  commit saved in database (52 / 331): deazyyy/DontKYC-NFT/e0334b273914281b2f83dc11b25cf1947763bfec
[2022-07-03 22:32:51]  <INFO>  commit saved in database (53 / 331): deazyyy/DontKYC-NFT/5aef2161574b557ddacd8311634478d162be669d
[2022-07-03 22:32:52]  <INFO>  commit saved in database (54 / 331): deazyyy/DontKYC-NFT/0b3139dcb87abfbf560008d04d45ef635d1f4e4d
[2022-07-03 22:32:53]  <INFO>  commit saved in database (55 / 331): deazyyy/DontKYC-NFT/a3f7c513bc577c1fd615f31d091553ed7467dac2
[2022-07-03 22:32:54]  <INFO>  commit saved in database (56 / 331): deazyyy/DontKYC-NFT/59166c55c45b006378c77849ca0529d0562a7d87
[2022-07-03 22:32:55]  <INFO>  commit saved in database (57 / 331): deazyyy/DontKYC-NFT/addec74acacfd5d17c8278ddf1abf730fbccb4fa
[2022-07-03 22:32:56]  <INFO>  commit saved in database (58 / 331): deazyyy/DontKYC-NFT/b6cc0e185686967eb97a561f145c850897deb7d7
[2022-07-03 22:32:57]  <INFO>  commit saved in database (59 / 331): deazyyy/DontKYC-NFT/3dfec30ba3847055759a863f83dcb2dfc586bd31
[2022-07-03 22:32:58]  <INFO>  commit saved in database (60 / 331): deazyyy/DontKYC-NFT/dc54352a9cd47389b8fbee841afbd19102a17191
[2022-07-03 22:32:59]  <INFO>  commit saved in database (61 / 331): deazyyy/DontKYC-NFT/dfc8aea70e08cd27252fbb7bbdee23aec90d4de7
[2022-07-03 22:33:00]  <INFO>  commit saved in database (62 / 331): deazyyy/DontKYC-NFT/3a496ad451f8efc2e04a0bc98746bf3490f87855
[2022-07-03 22:33:00]  <INFO>  commit saved in database (63 / 331): deazyyy/DontKYC-NFT/23226c3fbee572b9ae52528e7cc6c9221baae3a7
[2022-07-03 22:33:01]  <INFO>  commit saved in database (64 / 331): deazyyy/DontKYC-NFT/38898ecec04c3483222c1d556bfcb0972a08ffee
[2022-07-03 22:33:02]  <INFO>  commit saved in database (65 / 331): deazyyy/DontKYC-NFT/9564eebd818785c63f2a88a7fd4c824995bc00f7
[2022-07-03 22:33:03]  <INFO>  commit saved in database (66 / 331): deazyyy/DontKYC-NFT/470f454518e2b5630aee6c35c7f17fab6432fa45
[2022-07-03 22:33:04]  <INFO>  commit saved in database (67 / 331): deazyyy/DontKYC-NFT/1e696f87c6a29bb1e79ed11557eb6d67f52f1050
[2022-07-03 22:33:05]  <INFO>  commit saved in database (68 / 331): deazyyy/DontKYC-NFT/8f5f6ae504e6df2969b916e8ad1476909cf5cdd7
[2022-07-03 22:33:06]  <INFO>  commit saved in database (69 / 331): deazyyy/DontKYC-NFT/70e93875ee01915f8f881e3cf913b0de3e52484a
[2022-07-03 22:33:07]  <INFO>  commit saved in database (70 / 331): deazyyy/DontKYC-NFT/d97e19969283733f8e4b8fc7ca539d32ea3780b4
[2022-07-03 22:33:08]  <INFO>  commit saved in database (71 / 331): deazyyy/DontKYC-NFT/865287e8b157b7e7f44e12d45d0379e2ddbbf10f
[2022-07-03 22:33:09]  <INFO>  commit saved in database (72 / 331): deazyyy/DontKYC-NFT/eef331b30748fe71f993af8b64986851cb6f0899
[2022-07-03 22:33:10]  <INFO>  commit saved in database (73 / 331): deazyyy/DontKYC-NFT/98011fa03d8fd662f3bf75a844adc2898f195c72
[2022-07-03 22:33:11]  <INFO>  commit saved in database (74 / 331): deazyyy/DontKYC-NFT/5d4a0aa2ec0127fe474e4f810e9a920d60371c69
[2022-07-03 22:33:12]  <INFO>  commit saved in database (75 / 331): deazyyy/DontKYC-NFT/ee2ec61078979e21e18a0b8d16041eae29aa862e
[2022-07-03 22:33:13]  <INFO>  commit saved in database (76 / 331): deazyyy/DontKYC-NFT/f9a112f7e0fe96dfc03af4ddd75903a65a47db6d
[2022-07-03 22:33:14]  <INFO>  commit saved in database (77 / 331): deazyyy/DontKYC-NFT/d9200597b7e326c55afb4297968bc0cc8912e0aa
[2022-07-03 22:33:15]  <INFO>  commit saved in database (78 / 331): deazyyy/DontKYC-NFT/1bf941ae035062c6288b5ade2943233ed13e04b3
[2022-07-03 22:33:16]  <INFO>  commit saved in database (79 / 331): deazyyy/DontKYC-NFT/2d700b8888e995813f71216c8ad35a19559775ae
[2022-07-03 22:33:17]  <INFO>  commit saved in database (80 / 331): deazyyy/DontKYC-NFT/07eab16ba05ed6f4d89bcb371437d128e9ef3659
[2022-07-03 22:33:18]  <INFO>  commit saved in database (81 / 331): deazyyy/DontKYC-NFT/b03c75f86ea04db30669009b7db485be30c0ce0c
[2022-07-03 22:33:19]  <INFO>  commit saved in database (82 / 331): deazyyy/DontKYC-NFT/7e787a8624df27ba8d8c50a80cfd29c5f05746c4
[2022-07-03 22:33:20]  <INFO>  commit saved in database (83 / 331): deazyyy/DontKYC-NFT/697d5858789436c9968ae0ef4e905b54ad4d0f84
[2022-07-03 22:33:21]  <INFO>  commit saved in database (84 / 331): deazyyy/DontKYC-NFT/d865f8b82f66a8b4ca379d46e1dacfdd549c8d43
[2022-07-03 22:33:22]  <INFO>  commit saved in database (85 / 331): deazyyy/DontKYC-NFT/4759412b8601a019544ca0701a27fa0466f2d331
[2022-07-03 22:33:23]  <INFO>  commit saved in database (86 / 331): deazyyy/DontKYC-NFT/c0206b8fa34364995dc0df89e2720289352d17cb
[2022-07-03 22:33:24]  <INFO>  commit saved in database (87 / 331): deazyyy/DontKYC-NFT/b1ad42f295f200c7e20ee4b1c38496b4e7fa691c
[2022-07-03 22:33:25]  <INFO>  commit saved in database (88 / 331): deazyyy/DontKYC-NFT/1fe71cb5f359f1217d14944fcc8287eb6f825bb4
[2022-07-03 22:33:26]  <INFO>  commit saved in database (89 / 331): deazyyy/DontKYC-NFT/b0ec70d3312004ae395edfea93f668b5ffce8718
[2022-07-03 22:33:27]  <INFO>  commit saved in database (90 / 331): deazyyy/DontKYC-NFT/b29b27b367bbf08a4f35a247f1d88fb2f6e3c3b7
[2022-07-03 22:33:28]  <INFO>  commit saved in database (91 / 331): deazyyy/DontKYC-NFT/b9913585c0f1a05ab7fdb71e2026c0b0a54eb9a9
[2022-07-03 22:33:29]  <INFO>  commit saved in database (92 / 331): deazyyy/DontKYC-NFT/d9a2b6a38512a2f0cb7e5808e86eb2fedaeacfc6
[2022-07-03 22:33:30]  <INFO>  commit saved in database (93 / 331): deazyyy/DontKYC-NFT/4819ddfa4009cee6c0917ff81f3f83d3f5fbaf51
[2022-07-03 22:33:31]  <INFO>  commit saved in database (94 / 331): deazyyy/DontKYC-NFT/f3760399051206343499de8473d654652140aa03
[2022-07-03 22:33:32]  <INFO>  commit saved in database (95 / 331): deazyyy/DontKYC-NFT/6c9093672d04da33afa0a3614322a63b2b019746
[2022-07-03 22:33:33]  <INFO>  commit saved in database (96 / 331): deazyyy/DontKYC-NFT/b5b4ac1099ccbffa048f2cad6dd200a34a3de749
[2022-07-03 22:33:34]  <INFO>  commit saved in database (97 / 331): deazyyy/DontKYC-NFT/225df94b746ef49afd448fbe46820a2aefa1bc83
[2022-07-03 22:33:35]  <INFO>  commit saved in database (98 / 331): deazyyy/DontKYC-NFT/08ec884818f604fd77ffed159df16fb4947a14f6
[2022-07-03 22:33:36]  <INFO>  commit saved in database (99 / 331): deazyyy/DontKYC-NFT/de97d7a5103e7934cc0ac41af7cb76705b9765fe
[2022-07-03 22:33:37]  <INFO>  commit saved in database (100 / 331): deazyyy/DontKYC-NFT/69c52c9021d39331bdc0e394f522155e4201d64d
[2022-07-03 22:33:38]  <INFO>  commit saved in database (101 / 331): deazyyy/DontKYC-NFT/8c1015ed024c388323f7c499da12602d569bf670
[2022-07-03 22:33:39]  <INFO>  commit saved in database (102 / 331): deazyyy/DontKYC-NFT/e936e17c31222279cad7a039d7241d277ae457f6
[2022-07-03 22:33:40]  <INFO>  commit saved in database (103 / 331): deazyyy/DontKYC-NFT/f04d90d72c7dcbc3b034a8e3f55262cfe26ced1f
[2022-07-03 22:33:41]  <INFO>  commit saved in database (104 / 331): deazyyy/DontKYC-NFT/c332706fa3f35bbdb8d593d5f2b2244058617b25
[2022-07-03 22:33:42]  <INFO>  commit saved in database (105 / 331): deazyyy/DontKYC-NFT/3ced3917f2f72e5e9559203132aa1fcaad3ca30a
[2022-07-03 22:33:43]  <INFO>  commit saved in database (106 / 331): deazyyy/DontKYC-NFT/c9f7c2f2149078f61e0ef237ae8d2ffa584c589d
[2022-07-03 22:33:44]  <INFO>  commit saved in database (107 / 331): deazyyy/DontKYC-NFT/f58ce8e4bc5693a863fcac6680f2b409bb2bead3
[2022-07-03 22:33:45]  <INFO>  commit saved in database (108 / 331): deazyyy/DontKYC-NFT/11294ee01d6d956ddb934db60ec9be7d036230a1
[2022-07-03 22:33:46]  <INFO>  commit saved in database (109 / 331): deazyyy/DontKYC-NFT/f728d55edf1b8dc776bbc2e8d6607bb09d67304d
[2022-07-03 22:33:47]  <INFO>  commit saved in database (110 / 331): deazyyy/DontKYC-NFT/77a3c06637d7ea356e160d590424bccd47b6e6a4
[2022-07-03 22:33:48]  <INFO>  commit saved in database (111 / 331): deazyyy/DontKYC-NFT/fa68eb52c185b3857ddce74eb797006afe40fb8c
[2022-07-03 22:33:49]  <INFO>  commit saved in database (112 / 331): deazyyy/DontKYC-NFT/30f27e127f1e56a792dd3da0be27544d24e3c204
[2022-07-03 22:33:51]  <INFO>  commit saved in database (113 / 331): deazyyy/DontKYC-NFT/b669ab6e12e894e03411e2a7d143c15ddaeba25e
[2022-07-03 22:33:52]  <INFO>  commit saved in database (114 / 331): deazyyy/DontKYC-NFT/e2c2a324c59931913993838f7f1bf825bf382402
[2022-07-03 22:33:54]  <INFO>  commit saved in database (115 / 331): deazyyy/DontKYC-NFT/e7bcceb9a876abf62c6d13dab3e4601cf8fee890
[2022-07-03 22:33:56]  <INFO>  commit saved in database (116 / 331): deazyyy/DontKYC-NFT/68d9ca23f3a60fa43de66ec8b2c96962317f30e6
[2022-07-03 22:33:57]  <INFO>  commit saved in database (117 / 331): deazyyy/DontKYC-NFT/9b43f861586ac2d31aff5d175675169672929d2e
[2022-07-03 22:33:58]  <INFO>  commit saved in database (118 / 331): deazyyy/DontKYC-NFT/25404da6a4da7737934dcdff8f983ed7e3373907
[2022-07-03 22:33:59]  <INFO>  commit saved in database (119 / 331): deazyyy/DontKYC-NFT/98de7604e6c4e801b9439ec94d224fc03a2fef5f
[2022-07-03 22:34:00]  <INFO>  commit saved in database (120 / 331): deazyyy/DontKYC-NFT/c08fbc2bb506a38807e09a0d8dfda46eb4ba053d
[2022-07-03 22:34:00]  <INFO>  commit saved in database (121 / 331): deazyyy/DontKYC-NFT/0bba3cd59449932b48f20618adb3532bb4001905
[2022-07-03 22:34:01]  <INFO>  commit saved in database (122 / 331): deazyyy/DontKYC-NFT/3391aedbdaa864cc4db6197e8ec05002dce8a2df
[2022-07-03 22:34:03]  <INFO>  commit saved in database (123 / 331): deazyyy/DontKYC-NFT/22318625c47cdbf677ae6b01ab6c64de8efbf537
[2022-07-03 22:34:04]  <INFO>  commit saved in database (124 / 331): deazyyy/DontKYC-NFT/3d506ba44469ea20f54f429c55f47065c6f8e5cb
[2022-07-03 22:34:05]  <INFO>  commit saved in database (125 / 331): deazyyy/DontKYC-NFT/bf0bb6f76c245bc41125e5ba26a56559aefae31e
[2022-07-03 22:34:06]  <INFO>  commit saved in database (126 / 331): deazyyy/DontKYC-NFT/ea743be4f2ee2a3fc18c46a0dadf5988887774ca
[2022-07-03 22:34:07]  <INFO>  commit saved in database (127 / 331): deazyyy/DontKYC-NFT/dc99a1299f02eae0b04331643d92dcc6000dbf1d
[2022-07-03 22:34:08]  <INFO>  commit saved in database (128 / 331): deazyyy/DontKYC-NFT/685793edfddbb48973f17ca88f4e90215592c21e
[2022-07-03 22:34:09]  <INFO>  commit saved in database (129 / 331): deazyyy/DontKYC-NFT/616eed5418e419908f973d67eedc77a185d7ac37
[2022-07-03 22:34:11]  <INFO>  commit saved in database (130 / 331): deazyyy/DontKYC-NFT/35458fbff7e65a8e12ad364bc228a8b1564f00dc
[2022-07-03 22:34:12]  <INFO>  commit saved in database (131 / 331): deazyyy/DontKYC-NFT/7d06b240fa53127ee6f4dc28a22ef5fc43fb9921
[2022-07-03 22:34:13]  <INFO>  commit saved in database (132 / 331): deazyyy/DontKYC-NFT/ac31848c36c55d98ddfaf481ee87c2624937dd73
[2022-07-03 22:34:14]  <INFO>  commit saved in database (133 / 331): deazyyy/DontKYC-NFT/a17e4fa677ba84337adcd364b70a0bb538f279b5
[2022-07-03 22:34:15]  <INFO>  commit saved in database (134 / 331): deazyyy/DontKYC-NFT/dfef24cf1ff4861f0c2802a14a03f101f69b3fcc
[2022-07-03 22:34:16]  <INFO>  commit saved in database (135 / 331): deazyyy/DontKYC-NFT/1de49f7554ad10761082d95e97f3cd236b9499d4
[2022-07-03 22:34:17]  <INFO>  commit saved in database (136 / 331): deazyyy/DontKYC-NFT/520e1368bb26a4ee3d7d10ccddd8019da4f5a4ee
[2022-07-03 22:34:18]  <INFO>  commit saved in database (137 / 331): deazyyy/DontKYC-NFT/01660ad6ecb81af7ca331a7e13d06a3ae84c79ec
[2022-07-03 22:34:19]  <INFO>  commit saved in database (138 / 331): deazyyy/DontKYC-NFT/6e5656e8fa35a9dff4d4a8f1757e5262ba63b436
[2022-07-03 22:34:20]  <INFO>  commit saved in database (139 / 331): deazyyy/DontKYC-NFT/35ca20c4dfdf148d4d1dbca0fa803abb45e8747f
[2022-07-03 22:34:21]  <INFO>  commit saved in database (140 / 331): deazyyy/DontKYC-NFT/1e9e178bb6cc7e34050c151931d99a9c1ca6184d
[2022-07-03 22:34:22]  <INFO>  commit saved in database (141 / 331): deazyyy/DontKYC-NFT/88c7254fa483692e82f3c04a25286838e71ed04c
[2022-07-03 22:34:23]  <INFO>  commit saved in database (142 / 331): deazyyy/DontKYC-NFT/021c0eb6d6296ed612dc2fa08079122dd6fcd486
[2022-07-03 22:34:23]  <INFO>  commit saved in database (143 / 331): deazyyy/DontKYC-NFT/3789b28599ff05ad5e610f816813a754b29dd5c2
[2022-07-03 22:34:24]  <INFO>  commit saved in database (144 / 331): deazyyy/DontKYC-NFT/fd0ef923926ed07249e4ca4f01884e20b768939c
[2022-07-03 22:34:25]  <INFO>  commit saved in database (145 / 331): deazyyy/DontKYC-NFT/7e32409d61622ac3adc6d18a655a39e81e46aa50
[2022-07-03 22:34:26]  <INFO>  commit saved in database (146 / 331): deazyyy/DontKYC-NFT/f9399e180f37c61d88565cd60119f21742bc1bde
[2022-07-03 22:34:27]  <INFO>  commit saved in database (147 / 331): deazyyy/DontKYC-NFT/0020e67f289d55c445a328bebafdb5547dc6c4e0
[2022-07-03 22:34:28]  <INFO>  commit saved in database (148 / 331): deazyyy/DontKYC-NFT/c3612313bf755922addd11eef83d51a19a8360dd
[2022-07-03 22:34:30]  <INFO>  commit saved in database (149 / 331): deazyyy/DontKYC-NFT/86e68181c0d1212b02ecc478afd4eb0d8df4178f
[2022-07-03 22:34:31]  <INFO>  commit saved in database (150 / 331): deazyyy/DontKYC-NFT/7cb06fc7cb734725e794c39f26cce054d7300e4a
[2022-07-03 22:34:32]  <INFO>  commit saved in database (151 / 331): deazyyy/DontKYC-NFT/e7398a1e0bbb0f5185e717ad3d490b3740acfc1a
[2022-07-03 22:34:32]  <INFO>  commit saved in database (152 / 331): deazyyy/DontKYC-NFT/b1114d68b11ea7f20db44ade6b06d68df0e11932
[2022-07-03 22:34:33]  <INFO>  commit saved in database (153 / 331): deazyyy/DontKYC-NFT/ad165410c79edcb23189f70fad26ce75e949b960
[2022-07-03 22:34:34]  <INFO>  commit saved in database (154 / 331): deazyyy/DontKYC-NFT/016d29470ade730ac9680f624f0ea30f89653085
[2022-07-03 22:34:36]  <INFO>  commit saved in database (155 / 331): deazyyy/DontKYC-NFT/73481771ec2faf40a2d7a4a4e8979c47b34d5565
[2022-07-03 22:34:37]  <INFO>  commit saved in database (156 / 331): deazyyy/DontKYC-NFT/d0377e8d4fab837f9727af2916722aa71043d667
[2022-07-03 22:34:38]  <INFO>  commit saved in database (157 / 331): deazyyy/DontKYC-NFT/cbb7adc72bc22f42529e4ae129a9b21683ea00fa
[2022-07-03 22:34:39]  <INFO>  commit saved in database (158 / 331): deazyyy/DontKYC-NFT/f4cec14e1cf6cd71f889e12cdbcc1056f80c1411
[2022-07-03 22:34:40]  <INFO>  commit saved in database (159 / 331): deazyyy/DontKYC-NFT/babe1d6ab98aadac98435eb4e9adfef7377c0ba2
[2022-07-03 22:34:41]  <INFO>  commit saved in database (160 / 331): deazyyy/DontKYC-NFT/2d4947dcb2e3bb63a12b554dc7028d9dc4519cad
[2022-07-03 22:34:42]  <INFO>  commit saved in database (161 / 331): deazyyy/DontKYC-NFT/3870689cf90ca9214c18aff95a5c3d0ba2241c95
[2022-07-03 22:34:43]  <INFO>  commit saved in database (162 / 331): deazyyy/DontKYC-NFT/eec858d8655a620935e5e0efaeeb84b1733a547b
[2022-07-03 22:34:44]  <INFO>  commit saved in database (163 / 331): deazyyy/DontKYC-NFT/b19c41732cf167de46648b3cbc6ae7d143c5bac6
[2022-07-03 22:34:45]  <INFO>  commit saved in database (164 / 331): deazyyy/DontKYC-NFT/07f458973a3d3c66b85a8c6606b5620878da2035
[2022-07-03 22:34:46]  <INFO>  commit saved in database (165 / 331): deazyyy/DontKYC-NFT/981de3b4b0df59e8b7a7eaf3dec6f4ce914b1ce8
[2022-07-03 22:34:47]  <INFO>  commit saved in database (166 / 331): deazyyy/DontKYC-NFT/1da9ba4e013f2e83d49bf801272a942cf2d2b1d9
[2022-07-03 22:34:48]  <INFO>  commit saved in database (167 / 331): deazyyy/DontKYC-NFT/97d91e9ed920d67bc424aec0ec333e9b4aea2479
[2022-07-03 22:34:49]  <INFO>  commit saved in database (168 / 331): deazyyy/DontKYC-NFT/a98b3f0149ce1d75c130aa0910379a14facec02f
[2022-07-03 22:34:50]  <INFO>  commit saved in database (169 / 331): deazyyy/DontKYC-NFT/c600cba5a7ee39f87fbf51a0076271d546de3591
[2022-07-03 22:34:50]  <INFO>  commit saved in database (170 / 331): deazyyy/DontKYC-NFT/20efa136fd5e7508cabe105ffbd78afa8f6e5cac
[2022-07-03 22:34:51]  <INFO>  commit saved in database (171 / 331): deazyyy/DontKYC-NFT/5e349187909e4d99c949e2365ca2f68e94a4487c
[2022-07-03 22:34:52]  <INFO>  commit saved in database (172 / 331): deazyyy/DontKYC-NFT/4c25af147c93f523ccca31c8ec308db0355339d6
[2022-07-03 22:34:54]  <INFO>  commit saved in database (173 / 331): deazyyy/DontKYC-NFT/7a505869bb1ad5c9ad5f99f06e48dfa42286a34e
[2022-07-03 22:34:55]  <INFO>  commit saved in database (174 / 331): deazyyy/DontKYC-NFT/e7c6c90ac703640eef0649355651bc447b3c075d
[2022-07-03 22:34:56]  <INFO>  commit saved in database (175 / 331): deazyyy/DontKYC-NFT/7d19a976e30b94d3b236592a4ae22fc34e38cb67
[2022-07-03 22:34:57]  <INFO>  commit saved in database (176 / 331): deazyyy/DontKYC-NFT/38dc077992607588f7713cf9cc4d92288990576b
[2022-07-03 22:34:59]  <INFO>  commit saved in database (177 / 331): deazyyy/DontKYC-NFT/685b0fe576c6105062a20269309d26f92b5d81d1
[2022-07-03 22:35:00]  <INFO>  commit saved in database (178 / 331): deazyyy/DontKYC-NFT/79af2648635d0228a2100085d01cd1b24867e5d3
[2022-07-03 22:35:01]  <INFO>  commit saved in database (179 / 331): deazyyy/DontKYC-NFT/9ef45ba7bafe6768cbd7b5649c1156b939898fde
[2022-07-03 22:35:02]  <INFO>  commit saved in database (180 / 331): deazyyy/DontKYC-NFT/4182bfb35a93fa9e167c34ab83aa18d3ef78c351
[2022-07-03 22:35:03]  <INFO>  commit saved in database (181 / 331): deazyyy/DontKYC-NFT/5160d68a7c973a71a213f3c488946bc4e5a4ae7f
[2022-07-03 22:35:04]  <INFO>  commit saved in database (182 / 331): deazyyy/DontKYC-NFT/ada038a58e057adf130ca75e1398621e2ad015ea
[2022-07-03 22:35:06]  <INFO>  commit saved in database (183 / 331): deazyyy/DontKYC-NFT/87deb22e24ea52ec338c0851f49a45c4e835d40c
[2022-07-03 22:35:07]  <INFO>  commit saved in database (184 / 331): deazyyy/DontKYC-NFT/b8ed61dfc1aa3c1455dcb3ee1c0031d7e176da28
[2022-07-03 22:35:08]  <INFO>  commit saved in database (185 / 331): deazyyy/DontKYC-NFT/688726bd37f1aa2a6609bcf03356325cda941f1b
[2022-07-03 22:35:08]  <INFO>  commit saved in database (186 / 331): deazyyy/DontKYC-NFT/e8553663eea380a30fe5522f43c2e8b33c5a1e36
[2022-07-03 22:35:09]  <INFO>  commit saved in database (187 / 331): deazyyy/DontKYC-NFT/b54adba0de4ff3f6f11eb15fce4cf1f366fec8ed
[2022-07-03 22:35:11]  <INFO>  commit saved in database (188 / 331): deazyyy/DontKYC-NFT/0f2b629220f3efbb1cfac3c764ce52bb45492924
[2022-07-03 22:35:12]  <INFO>  commit saved in database (189 / 331): deazyyy/DontKYC-NFT/1f6b3fbea5956875c6cc89a98f2734dd1584a810
[2022-07-03 22:35:13]  <INFO>  commit saved in database (190 / 331): deazyyy/DontKYC-NFT/4aaa6e7cdcf325779bad73700391aa02e3df95c2
[2022-07-03 22:35:14]  <INFO>  commit saved in database (191 / 331): deazyyy/DontKYC-NFT/7ec4df087b3f3cb223571f42f95cd1cb71130a8a
[2022-07-03 22:35:15]  <INFO>  commit saved in database (192 / 331): deazyyy/DontKYC-NFT/f472a247c39996c66858ec290437f0c4280d9e51
[2022-07-03 22:35:16]  <INFO>  commit saved in database (193 / 331): deazyyy/DontKYC-NFT/0c6dad143666d71d98271fb824b9f43f761eb1a5
[2022-07-03 22:35:18]  <INFO>  commit saved in database (194 / 331): deazyyy/DontKYC-NFT/6ec9637bf5108d1ab17348fa48d7e0684f2645d5
[2022-07-03 22:35:19]  <INFO>  commit saved in database (195 / 331): deazyyy/DontKYC-NFT/99f5e643175313e4329f23fd0c1c121c0e4b121b
[2022-07-03 22:35:20]  <INFO>  commit saved in database (196 / 331): deazyyy/DontKYC-NFT/00deed01cf62c77759741622d280435b1f46928b
[2022-07-03 22:35:22]  <INFO>  commit saved in database (197 / 331): deazyyy/DontKYC-NFT/810ddf836582e15aaf755057d24768af07288ba6
[2022-07-03 22:35:23]  <INFO>  commit saved in database (198 / 331): deazyyy/DontKYC-NFT/12541a2a8a3ed35313afc2db06152afb142b2756
[2022-07-03 22:35:24]  <INFO>  commit saved in database (199 / 331): deazyyy/DontKYC-NFT/d2a7ada2b5f1f555bc2065777f396d57d054c8a0
[2022-07-03 22:35:25]  <INFO>  commit saved in database (200 / 331): deazyyy/DontKYC-NFT/a09d32964af6ca3f3779ccdac80cb24c96bea78c
[2022-07-03 22:35:26]  <INFO>  commit saved in database (201 / 331): deazyyy/DontKYC-NFT/44ff2052d5240cde596a325796ee78d5948ffcca
[2022-07-03 22:35:27]  <INFO>  commit saved in database (202 / 331): deazyyy/DontKYC-NFT/de925b8ce9eec04120872efbec90cc022f793a03
[2022-07-03 22:35:27]  <INFO>  commit saved in database (203 / 331): deazyyy/DontKYC-NFT/a2736041b25154e86197c9c6a8a4ae99e22d2111
[2022-07-03 22:35:31]  <INFO>  commit saved in database (204 / 331): deazyyy/DontKYC-NFT/d962e181063e6c205913418e376a2f0313456365
[2022-07-03 22:35:31]  <INFO>  commit saved in database (205 / 331): deazyyy/DontKYC-NFT/d3cd5f0920637420e80f4291eef213963398c784
[2022-07-03 22:35:33]  <INFO>  commit saved in database (206 / 331): deazyyy/DontKYC-NFT/eae0581ddbf451a403eb61778014a3bd20568c5b
[2022-07-03 22:35:34]  <INFO>  commit saved in database (207 / 331): deazyyy/DontKYC-NFT/e76b88f017f0e04435a5f9b31240e9734cc7b8d1
[2022-07-03 22:35:35]  <INFO>  commit saved in database (208 / 331): deazyyy/DontKYC-NFT/c51e01a50c775ec62369e2c18bdf175fb85f1b7e
[2022-07-03 22:35:37]  <INFO>  commit saved in database (209 / 331): deazyyy/DontKYC-NFT/1cb7de20d9a8a0d6db058266d9f8ce5107a3f3f5
[2022-07-03 22:35:38]  <INFO>  commit saved in database (210 / 331): deazyyy/DontKYC-NFT/2eb5134769285d1f8f363ea04bc57a308ae6c104
[2022-07-03 22:35:39]  <INFO>  commit saved in database (211 / 331): deazyyy/DontKYC-NFT/bcd3ca2e9580afd44a54476bcc4a76dfe5df4a3b
[2022-07-03 22:35:41]  <INFO>  commit saved in database (212 / 331): deazyyy/DontKYC-NFT/d11c73170e475d9d1e229c867c58fb8c9fb850aa
[2022-07-03 22:35:43]  <INFO>  commit saved in database (213 / 331): deazyyy/DontKYC-NFT/0809822eb4879ebdacfbeaebd2756eeea48b15e3
[2022-07-03 22:35:44]  <INFO>  commit saved in database (214 / 331): deazyyy/DontKYC-NFT/d04d0a20ff8a69eb48e89d777472f8aab9807f1d
[2022-07-03 22:35:45]  <INFO>  commit saved in database (215 / 331): deazyyy/DontKYC-NFT/1928d5744ad1cc18918efa8eccc4fd726c7c09ea
[2022-07-03 22:35:45]  <INFO>  commit saved in database (216 / 331): deazyyy/DontKYC-NFT/ea1d1365c1ef27f88134481a3f243d400c77b6d2
[2022-07-03 22:35:46]  <INFO>  commit saved in database (217 / 331): deazyyy/DontKYC-NFT/4707ea99816e9710fc9aa9e03fb42fad075bdb67
[2022-07-03 22:35:48]  <INFO>  commit saved in database (218 / 331): deazyyy/DontKYC-NFT/fd10289c7e664ed91f1860218e5cee4538edd9e3
[2022-07-03 22:35:49]  <INFO>  commit saved in database (219 / 331): deazyyy/DontKYC-NFT/e6160daa0196c8eb785ef36b48f40836bfcd7af2
[2022-07-03 22:35:50]  <INFO>  commit saved in database (220 / 331): deazyyy/DontKYC-NFT/661b58083d2e8458b01f578e82ae7cf76aeb197c
[2022-07-03 22:35:51]  <INFO>  commit saved in database (221 / 331): deazyyy/DontKYC-NFT/69434eb7f6ec4f661a2706d6aa62cbb285823cad
[2022-07-03 22:35:52]  <INFO>  commit saved in database (222 / 331): deazyyy/DontKYC-NFT/5b6480b13dc47348b3810317c6318649d39014b3
[2022-07-03 22:35:53]  <INFO>  commit saved in database (223 / 331): deazyyy/DontKYC-NFT/e1370a573c03786229b611e7137addfb620c1775
[2022-07-03 22:35:54]  <INFO>  commit saved in database (224 / 331): deazyyy/DontKYC-NFT/44e9fd68b8b8613e15982cca29be256115846f89
[2022-07-03 22:35:55]  <INFO>  commit saved in database (225 / 331): deazyyy/DontKYC-NFT/286a1f0cd5c2920bb0594f8a0535a661ce4aa1d2
[2022-07-03 22:35:56]  <INFO>  commit saved in database (226 / 331): deazyyy/DontKYC-NFT/9b9c28f8a53a9965f729c74b06f36bc1d43e4ed2
[2022-07-03 22:35:57]  <INFO>  commit saved in database (227 / 331): deazyyy/DontKYC-NFT/8b881298412ba15c709f7faaae4b85a32e55bdef
[2022-07-03 22:35:58]  <INFO>  commit saved in database (228 / 331): deazyyy/DontKYC-NFT/1155e183d42f633d6543c09684f04959f41d803d
[2022-07-03 22:35:59]  <INFO>  commit saved in database (229 / 331): deazyyy/DontKYC-NFT/17bef847df20209ad949a7316a91e1a8d5e00cab
[2022-07-03 22:36:00]  <INFO>  commit saved in database (230 / 331): deazyyy/DontKYC-NFT/d0ba091cfa1f505a4c27806d503c9a5d8afe1bca
[2022-07-03 22:36:01]  <INFO>  commit saved in database (231 / 331): deazyyy/DontKYC-NFT/4abfcf36391f512ce46e55e464b58212ae104929
[2022-07-03 22:36:02]  <INFO>  commit saved in database (232 / 331): deazyyy/DontKYC-NFT/7984209f35732da41e344545e1964bbaa6e08854
[2022-07-03 22:36:03]  <INFO>  commit saved in database (233 / 331): deazyyy/DontKYC-NFT/84bf1360d896f3cc8505ae89b0db7e9ace48add4
[2022-07-03 22:36:04]  <INFO>  commit saved in database (234 / 331): deazyyy/DontKYC-NFT/700f9bb6b3909b639a5194abae14e71dcd662846
[2022-07-03 22:36:05]  <INFO>  commit saved in database (235 / 331): deazyyy/DontKYC-NFT/f8c1453e3475e82de534752d0a7198bf599ab957
[2022-07-03 22:36:05]  <INFO>  commit saved in database (236 / 331): deazyyy/DontKYC-NFT/bf85a09e916bfbc5598fb61cc51c52ff461017bd
[2022-07-03 22:36:06]  <INFO>  commit saved in database (237 / 331): deazyyy/DontKYC-NFT/7fdcbba0d14c8c33f8624257017a371ede883f25
[2022-07-03 22:36:07]  <INFO>  commit saved in database (238 / 331): deazyyy/DontKYC-NFT/efb640d5b58f453d0c0197d558b6c12d15a510c8
[2022-07-03 22:36:08]  <INFO>  commit saved in database (239 / 331): deazyyy/DontKYC-NFT/0e55f01e7a6df6f6221c9cd96799b9e030c22530
[2022-07-03 22:36:09]  <INFO>  commit saved in database (240 / 331): deazyyy/DontKYC-NFT/8718b5e04a2768b821bb5dd1bb94b17950f84ea6
[2022-07-03 22:36:10]  <INFO>  commit saved in database (241 / 331): deazyyy/DontKYC-NFT/79184f4ae9838e1799eb298c767d020c6b0e49b2
[2022-07-03 22:36:11]  <INFO>  commit saved in database (242 / 331): deazyyy/DontKYC-NFT/2e135a65a96d15a283916ad63e4068a37e82c9a9
[2022-07-03 22:36:12]  <INFO>  commit saved in database (243 / 331): deazyyy/DontKYC-NFT/180eece082dfcd3289a24944db94a9f9c2130c0b
[2022-07-03 22:36:13]  <INFO>  commit saved in database (244 / 331): deazyyy/DontKYC-NFT/4c3f27df848180116b01bc62e874977a9ac64518
[2022-07-03 22:36:14]  <INFO>  commit saved in database (245 / 331): deazyyy/DontKYC-NFT/54109bee58719538738eb0b90e7ad927fb8f866f
[2022-07-03 22:36:15]  <INFO>  commit saved in database (246 / 331): deazyyy/DontKYC-NFT/bba3394318498d725d4902e0819661270b2627fb
[2022-07-03 22:36:16]  <INFO>  commit saved in database (247 / 331): deazyyy/DontKYC-NFT/9cebbff09343700c635d32feb449222fc7bcbf21
[2022-07-03 22:36:17]  <INFO>  commit saved in database (248 / 331): deazyyy/DontKYC-NFT/5f8e6b1220de2441648ed4b7834729c37ecbc434
[2022-07-03 22:36:17]  <INFO>  commit saved in database (249 / 331): deazyyy/DontKYC-NFT/a931832c51ffe6113531daf011df1def7c642e01
[2022-07-03 22:36:18]  <INFO>  commit saved in database (250 / 331): deazyyy/DontKYC-NFT/8018d2a4fc29bed0969d0ea1a1bca446c8c77212
[2022-07-03 22:36:19]  <INFO>  commit saved in database (251 / 331): deazyyy/DontKYC-NFT/be121fa0ab4418e9b1b746d5dbd6eff54d44b356
[2022-07-03 22:36:20]  <INFO>  commit saved in database (252 / 331): deazyyy/DontKYC-NFT/9499498fefd4ffb5f0c72485f590ee043e5200bd
[2022-07-03 22:36:22]  <INFO>  commit saved in database (253 / 331): deazyyy/DontKYC-NFT/76e6625c7b9969d753681fa77e3aa3949f3fc19c
[2022-07-03 22:36:23]  <INFO>  commit saved in database (254 / 331): deazyyy/DontKYC-NFT/6ef4519ed061bc60970c4d613239db20e4964757
[2022-07-03 22:36:24]  <INFO>  commit saved in database (255 / 331): deazyyy/DontKYC-NFT/82d0fb54871a8af4289de47a6866759004b4d422
[2022-07-03 22:36:24]  <INFO>  commit saved in database (256 / 331): deazyyy/DontKYC-NFT/24d9893fd379075887060368cf06d1d7b83651c9
[2022-07-03 22:36:25]  <INFO>  commit saved in database (257 / 331): deazyyy/DontKYC-NFT/cb3d7caabadc0b2fb770fa84e6c855c799c6affe
[2022-07-03 22:36:26]  <INFO>  commit saved in database (258 / 331): deazyyy/DontKYC-NFT/505cc85765be3aba899b76302adda60120397dbd
[2022-07-03 22:36:28]  <INFO>  commit saved in database (259 / 331): deazyyy/DontKYC-NFT/12a81f9d1eaa492595d1a1296e4c53de9fdf447b
[2022-07-03 22:36:29]  <INFO>  commit saved in database (260 / 331): deazyyy/DontKYC-NFT/2d8fcf20498682bf3c17e039c6f42967e3bf52d1
[2022-07-03 22:36:30]  <INFO>  commit saved in database (261 / 331): deazyyy/DontKYC-NFT/a7c62a34f79e661cf06ec01003b8dc9c70a91f07
[2022-07-03 22:36:30]  <INFO>  commit saved in database (262 / 331): deazyyy/DontKYC-NFT/98bbaa65c237c065ded5bbea5c1769da481c4993
[2022-07-03 22:36:31]  <INFO>  commit saved in database (263 / 331): deazyyy/DontKYC-NFT/35e99ed4b2fd60f0e872bea68d92f9115a0a85dd
[2022-07-03 22:36:32]  <INFO>  commit saved in database (264 / 331): deazyyy/DontKYC-NFT/845c41c2f48470a9232beafb0a11a3274b1b81d6
[2022-07-03 22:36:33]  <INFO>  commit saved in database (265 / 331): deazyyy/DontKYC-NFT/79102297eaee3dcec4513ccb7a8406a054a95e5f
[2022-07-03 22:36:34]  <INFO>  commit saved in database (266 / 331): deazyyy/DontKYC-NFT/38c4fbddaca56f279d72cea8b585b5fb37e60b96
[2022-07-03 22:36:35]  <INFO>  commit saved in database (267 / 331): deazyyy/DontKYC-NFT/88c76664ff0ca7dfdc419dad7d464babbcb200c4
[2022-07-03 22:36:36]  <INFO>  commit saved in database (268 / 331): deazyyy/DontKYC-NFT/b19b827f668404422ad5e6f651a28b959b3ceb6e
[2022-07-03 22:36:37]  <INFO>  commit saved in database (269 / 331): deazyyy/DontKYC-NFT/6d23ac6d2da6eeba827b60d3c5b629ff6ccc4886
[2022-07-03 22:36:38]  <INFO>  commit saved in database (270 / 331): deazyyy/DontKYC-NFT/4f2dd04cce4132eb212109a4480681df43b3c922
[2022-07-03 22:36:39]  <INFO>  commit saved in database (271 / 331): deazyyy/DontKYC-NFT/494a0ac70bc6cc12cadce2e7b680483843f50272
[2022-07-03 22:36:40]  <INFO>  commit saved in database (272 / 331): deazyyy/DontKYC-NFT/27821ca61030301ed4120a7b9fcd27acde6a0fe4
[2022-07-03 22:36:41]  <INFO>  commit saved in database (273 / 331): deazyyy/DontKYC-NFT/0c7643860d08c1240d3a07a0d65922fa344c7ab8
[2022-07-03 22:36:41]  <INFO>  commit saved in database (274 / 331): deazyyy/DontKYC-NFT/b442a0602350f5f8cd3eba54fd5f9f648e04c624
[2022-07-03 22:36:42]  <INFO>  commit saved in database (275 / 331): deazyyy/DontKYC-NFT/553785e6b78e490b44a9e7495371502e4635ebbe
[2022-07-03 22:36:43]  <INFO>  commit saved in database (276 / 331): deazyyy/DontKYC-NFT/e2a69936c3c262ad1c30fe757fe7b9ffe695ce0c
[2022-07-03 22:36:44]  <INFO>  commit saved in database (277 / 331): deazyyy/DontKYC-NFT/5eab8bb11f5f18e0ce48e185b0e4e5cd48603304
[2022-07-03 22:36:45]  <INFO>  commit saved in database (278 / 331): deazyyy/DontKYC-NFT/8f53408d25639ed2f7a2719c284bc705bc4204fb
[2022-07-03 22:36:46]  <INFO>  commit saved in database (279 / 331): deazyyy/DontKYC-NFT/9ffc2b0c3e1088d28d06e1ffe74755c6772e0954
[2022-07-03 22:36:47]  <INFO>  commit saved in database (280 / 331): deazyyy/DontKYC-NFT/51ec156d7c3268b2dd1762d36e133518365fef45
[2022-07-03 22:36:48]  <INFO>  commit saved in database (281 / 331): deazyyy/DontKYC-NFT/60dc26c9ad41cc0d8e26bc0beb0c2b9597801d78
[2022-07-03 22:36:49]  <INFO>  commit saved in database (282 / 331): deazyyy/DontKYC-NFT/88d449bd848b0423565d5ccdb19765e887750a56
[2022-07-03 22:36:50]  <INFO>  commit saved in database (283 / 331): deazyyy/DontKYC-NFT/92d750fe06baadc6bf6a4d8951b07f4c9514c50b
[2022-07-03 22:36:51]  <INFO>  commit saved in database (284 / 331): deazyyy/DontKYC-NFT/b9ec0ba58b69c03f4a035010206aec73104ab7fd
[2022-07-03 22:36:52]  <INFO>  commit saved in database (285 / 331): deazyyy/DontKYC-NFT/7c3c860fdaccaf14aaf0786f274c92606eb7b221
[2022-07-03 22:36:52]  <INFO>  commit saved in database (286 / 331): deazyyy/DontKYC-NFT/3f00c4c4d944c8cfd38096f6c2b3ac0787c5ba40
[2022-07-03 22:36:53]  <INFO>  commit saved in database (287 / 331): deazyyy/DontKYC-NFT/bd29e42bb05bbe1502bfb5bb8465f6ffd8afe669
[2022-07-03 22:36:55]  <INFO>  commit saved in database (288 / 331): deazyyy/DontKYC-NFT/bf75ff6da87d9ec76a32b273641062a356b9a476
[2022-07-03 22:36:56]  <INFO>  commit saved in database (289 / 331): deazyyy/DontKYC-NFT/9e27f85edd11e996c5c820783f8e5fea88fc7d98
[2022-07-03 22:36:57]  <INFO>  commit saved in database (290 / 331): deazyyy/DontKYC-NFT/ad62d29e3b471864691b5a7e350a068a8e03c2ed
[2022-07-03 22:36:58]  <INFO>  commit saved in database (291 / 331): deazyyy/DontKYC-NFT/2c2e768b5cf48e87bd7ed22f2e8ea968c8b86c0b
[2022-07-03 22:36:58]  <INFO>  commit saved in database (292 / 331): deazyyy/DontKYC-NFT/46525822b439221e293cbb831d98a248431f490e
[2022-07-03 22:37:00]  <INFO>  commit saved in database (293 / 331): deazyyy/DontKYC-NFT/fbd516f260dd3248783e9714112be24261bbdf96
[2022-07-03 22:37:02]  <INFO>  commit saved in database (294 / 331): deazyyy/DontKYC-NFT/d72f0b92083c858faa7b9fbbd3f31259a2959116
[2022-07-03 22:37:03]  <INFO>  commit saved in database (295 / 331): deazyyy/DontKYC-NFT/ffdd5f28fffee640e8203d76c079b6a9d2ac9ba0
[2022-07-03 22:37:04]  <INFO>  commit saved in database (296 / 331): deazyyy/DontKYC-NFT/cd7e1e6d0c1ad005b2e3c39f46ef94fd4d1ca240
[2022-07-03 22:37:05]  <INFO>  commit saved in database (297 / 331): deazyyy/DontKYC-NFT/ec6d291b7486a65135ab9810ca97c03fd3d91746
[2022-07-03 22:37:05]  <INFO>  commit saved in database (298 / 331): deazyyy/DontKYC-NFT/e50d7e8211a8fe4b3e7c704a43dcce58c1cd2fb2
[2022-07-03 22:37:06]  <INFO>  commit saved in database (299 / 331): deazyyy/DontKYC-NFT/8837dbcd93c4418efacac8be0ca9f772daf6433c
[2022-07-03 22:37:07]  <INFO>  commit saved in database (300 / 331): deazyyy/DontKYC-NFT/37b477e8d3fac149f19e66e54fae8fea109522b1
[2022-07-03 22:37:08]  <INFO>  commit saved in database (301 / 331): deazyyy/DontKYC-NFT/157d0ab73ef947d2f22fc5f704eb4a1813637d49
[2022-07-03 22:37:09]  <INFO>  commit saved in database (302 / 331): deazyyy/DontKYC-NFT/5169dadbea933ecd228a04ed675a82ffe7a00a6f
[2022-07-03 22:37:10]  <INFO>  commit saved in database (303 / 331): deazyyy/DontKYC-NFT/9dad499c235e45995b1b59ade36696814dbe4b0b
[2022-07-03 22:37:11]  <INFO>  commit saved in database (304 / 331): deazyyy/DontKYC-NFT/fc04e3f17171eb16e04d1e69171e113acc575182
[2022-07-03 22:37:12]  <INFO>  commit saved in database (305 / 331): deazyyy/DontKYC-NFT/f9b90e138a39ea0d5f6a604b72792fa85ac267cc
[2022-07-03 22:37:13]  <INFO>  commit saved in database (306 / 331): deazyyy/DontKYC-NFT/5dab77da04c9855503ef3faab7c35af20cc98d20
[2022-07-03 22:37:14]  <INFO>  commit saved in database (307 / 331): deazyyy/DontKYC-NFT/ea45e721b0b88c96855c0e0fbe0d29e093fd0e1b
[2022-07-03 22:37:15]  <INFO>  commit saved in database (308 / 331): deazyyy/DontKYC-NFT/338bfe4dff91f82aead5b794b42024ef77f91cf5
[2022-07-03 22:37:15]  <INFO>  commit saved in database (309 / 331): deazyyy/DontKYC-NFT/244fa1725b5260503e74b6e3ee60585815d6dce1
[2022-07-03 22:37:16]  <INFO>  commit saved in database (310 / 331): deazyyy/DontKYC-NFT/a78684bba5df60dc8d3b47b8a0f1d703931ce91c
[2022-07-03 22:37:17]  <INFO>  commit saved in database (311 / 331): deazyyy/DontKYC-NFT/9fd3d3205ff4abc9d7fea6c791e924705a76d621
[2022-07-03 22:37:18]  <INFO>  commit saved in database (312 / 331): deazyyy/DontKYC-NFT/9251c6266b33dca8bf9e1b88248509b9d1323b4d
[2022-07-03 22:37:19]  <INFO>  commit saved in database (313 / 331): deazyyy/DontKYC-NFT/f3b5257a1ff284a8d7db952e533e1fb80bb30598
[2022-07-03 22:37:20]  <INFO>  commit saved in database (314 / 331): deazyyy/DontKYC-NFT/8fdde13afca2cb021435875a4dffcdef19e08cd9
[2022-07-03 22:37:21]  <INFO>  commit saved in database (315 / 331): deazyyy/DontKYC-NFT/e30265903c4ac3fc8839388fd38c912a3c634641
[2022-07-03 22:37:22]  <INFO>  commit saved in database (316 / 331): deazyyy/DontKYC-NFT/3b661c9597d65ea984573488df2d347db9f754bf
[2022-07-03 22:37:23]  <INFO>  commit saved in database (317 / 331): deazyyy/DontKYC-NFT/96f08ffa3a64add098acef660739b8705855e115
[2022-07-03 22:37:24]  <INFO>  commit saved in database (318 / 331): deazyyy/DontKYC-NFT/6672d754e2ebfe4c4ce7200f8ee43a1621ce2a7f
[2022-07-03 22:37:25]  <INFO>  commit saved in database (319 / 331): deazyyy/DontKYC-NFT/77d9b78bd079116dc32df91f853dcf86514a7052
[2022-07-03 22:37:26]  <INFO>  commit saved in database (320 / 331): deazyyy/DontKYC-NFT/60c69f179955a52019ec9fcf3740f84b81c73083
[2022-07-03 22:37:27]  <INFO>  commit saved in database (321 / 331): deazyyy/DontKYC-NFT/461edde0f4aaa11ba40e32753a422835c0f6e1d9
[2022-07-03 22:37:28]  <INFO>  commit saved in database (322 / 331): deazyyy/DontKYC-NFT/f9216cb1993bee7974da9edb45d905c40c98dcb0
[2022-07-03 22:37:28]  <INFO>  commit saved in database (323 / 331): deazyyy/DontKYC-NFT/2a038160be08c8918668aaa27d131435ab7f4fb6
[2022-07-03 22:37:29]  <INFO>  commit saved in database (324 / 331): deazyyy/DontKYC-NFT/5e3a2e57ce4c886478d80051d40942754cbb0471
[2022-07-03 22:37:30]  <INFO>  commit saved in database (325 / 331): deazyyy/DontKYC-NFT/54d7416883c360b3f303707038dcd6c81d44f0e6
[2022-07-03 22:37:31]  <INFO>  commit saved in database (326 / 331): deazyyy/DontKYC-NFT/f5d0c95f6a2dff32d0366537ec33d8ed16c3bbeb
[2022-07-03 22:37:32]  <INFO>  commit saved in database (327 / 331): deazyyy/DontKYC-NFT/6632b9f5165702907c12b3f49b4baea2e1c1024d
[2022-07-03 22:37:33]  <INFO>  commit saved in database (328 / 331): deazyyy/DontKYC-NFT/1201a811b788fff3862557267ccb044162be5aee
[2022-07-03 22:37:34]  <INFO>  commit saved in database (329 / 331): deazyyy/DontKYC-NFT/6e4a77bed9367eb964c59bcb8a2591e8b99409a1
[2022-07-03 22:37:35]  <INFO>  commit saved in database (330 / 331): deazyyy/DontKYC-NFT/d2fc737bd944878ca2faf90f994fa93f1ef918db
[2022-07-03 22:37:36]  <INFO>  commit saved in database (331 / 331): deazyyy/DontKYC-NFT/ba38a450baa89ca701d207ea52363f5ff0024dd8
[2022-07-03 22:37:36]  <INFO>  331 new commits on deazyyy/DontKYC-NFT
[2022-07-03 22:37:36]  Message sent to @iBaseDev: Repository initialized:  <a href="https://github.com/deazyyy/DontKYC-NFT/">deazyyy/DontKYC-NFT</a>  (331 commits)
[2022-07-03 22:37:36]  Message sent to @theonlydeazy: Repository initialized:  <a href="https://github.com/deazyyy/DontKYC-NFT/">deazyyy/DontKYC-NFT</a>  (331 commits)
[2022-07-03 22:37:36]  Message sent to @topazdev: Repository initialized:  <a href="https://github.com/deazyyy/DontKYC-NFT/">deazyyy/DontKYC-NFT</a>  (331 commits)
[2022-07-03 22:37:36]  Message sent to @Test TG Bot: Repository initialized:  <a href="https://github.com/deazyyy/DontKYC-NFT/">deazyyy/DontKYC-NFT</a>  (331 commits)
[2022-07-03 22:37:36]  Message sent to @+KgeCUFgM7uhjMDA5: Repository initialized:  <a href="https://github.com/deazyyy/DontKYC-NFT/">deazyyy/DontKYC-NFT</a>  (331 commits)
[2022-07-03 22:37:36]  <INFO>  331 new commits in 1 repositories.
[2022-07-03 22:38:09]  <INFO>  No new commit in 1 repositories.
[2022-07-03 22:38:42]  <INFO>  No new commit in 1 repositories.
[2022-07-03 22:39:18]  <INFO>  No new commit in 1 repositories.
[2022-07-03 22:39:51]  <INFO>  No new commit in 1 repositories.
[2022-07-03 22:40:24]  <INFO>  No new commit in 1 repositories.
[2022-07-03 22:40:58]  <INFO>  No new commit in 1 repositories.
[2022-07-03 22:41:31]  <INFO>  No new commit in 1 repositories.
[2022-07-03 22:42:03]  <INFO>  No new commit in 1 repositories.
[2022-07-03 22:42:36]  <INFO>  No new commit in 1 repositories.
[2022-07-03 22:43:09]  <INFO>  No new commit in 1 repositories.
[2022-07-03 22:43:42]  <INFO>  No new commit in 1 repositories.
[2022-07-03 22:44:15]  <INFO>  No new commit in 1 repositories.
[2022-07-03 22:44:48]  <INFO>  No new commit in 1 repositories.
[2022-07-03 22:45:24]  <INFO>  No new commit in 1 repositories.
[2022-07-03 22:45:58]  <INFO>  No new commit in 1 repositories.
[2022-07-03 22:46:31]  <INFO>  No new commit in 1 repositories.
[2022-07-03 22:47:04]  <INFO>  No new commit in 1 repositories.
[2022-07-03 22:47:36]  <INFO>  No new commit in 1 repositories.
[2022-07-03 22:48:10]  <INFO>  No new commit in 1 repositories.
[2022-07-03 22:48:43]  <INFO>  No new commit in 1 repositories.
[2022-07-03 22:49:16]  <INFO>  No new commit in 1 repositories.
[2022-07-03 22:49:50]  <INFO>  No new commit in 1 repositories.
[2022-07-03 22:50:23]  <INFO>  No new commit in 1 repositories.
[2022-07-03 22:50:56]  <INFO>  No new commit in 1 repositories.
[2022-07-03 22:51:29]  <INFO>  No new commit in 1 repositories.
[2022-07-03 22:52:02]  <INFO>  No new commit in 1 repositories.
[2022-07-03 22:52:36]  "/view_commits" from topazdev. chatId = 5473185053, messageId = 454
Telegram connected: username = github65bot
[2022-07-03 22:59:32]  "/view_commits" from topazdev. chatId = 5473185053, messageId = 454
System.NotSupportedException:  The ReadAsync method cannot be called when another read operation is pending.
   at System.Net.Security.SslStream.ReadAsyncInternal[TIOAdapter](TIOAdapter adapter, Memory`1 buffer)
   at System.Net.Security.SslStream.Read(Byte[] buffer, Int32 offset, Int32 count)
   at MySql.Data.MySqlClient.TimedStream.Read(Byte[] buffer, Int32 offset, Int32 count)
   at MySql.Data.MySqlClient.MySqlStream.ReadFully(Stream stream, Byte[] buffer, Int32 offset, Int32 count)
   at MySql.Data.MySqlClient.MySqlStream.LoadPacket()
   at MySql.Data.MySqlClient.MySqlStream.ReadPacket()
   at MySql.Data.MySqlClient.NativeDriver.PrepareStatement(String sql, MySqlField[]& parameters)
   at MySql.Data.MySqlClient.Driver.PrepareStatement(String sql, MySqlField[]& parameters)
   at MySql.Data.MySqlClient.PreparableStatement.Prepare()
   at MySql.Data.MySqlClient.MySqlCommand.Prepare(Int32 cursorPageSize)
   at MySql.Data.MySqlClient.MySqlCommand.Prepare()
   at Github2Telegram.Dao.GithubCommitDao.SelectLast(Int32 offset, Int32 limit) in D:\Valloon\Workspace\VisualStudio2022\Github2Telegram\Github2Telegram\Dao\GithubCommitDao.cs:line 59
   at Github2Telegram.TelegramClient.HandleUpdateAsync(ITelegramBotClient botClient, Update update, CancellationToken cancellationToken) in D:\Valloon\Workspace\VisualStudio2022\Github2Telegram\Github2Telegram\TelegramClient.cs:line 475
   at Telegram.Bot.Extensions.Polling.DefaultUpdateHandler.HandleUpdateAsync(ITelegramBotClient botClient, Update update, CancellationToken cancellationToken)
   at Telegram.Bot.Extensions.Polling.DefaultUpdateReceiver.ReceiveAsync(IUpdateHandler updateHandler, CancellationToken cancellationToken)
   at Telegram.Bot.TelegramBotClientPollingExtensions.ReceiveAsync(ITelegramBotClient botClient, IUpdateHandler updateHandler, ReceiverOptions receiverOptions, CancellationToken cancellationToken)
   at Telegram.Bot.TelegramBotClientPollingExtensions.<>c__DisplayClass3_0.<<StartReceiving>b__0>d.MoveNext()
Telegram connected: username = github65bot
[2022-07-03 23:00:24]  "/view_commits" from topazdev. chatId = 5473185053, messageId = 454
System.NotSupportedException:  The ReadAsync method cannot be called when another read operation is pending.
   at System.Net.Security.SslStream.ReadAsyncInternal[TIOAdapter](TIOAdapter adapter, Memory`1 buffer)
   at System.Net.Security.SslStream.Read(Byte[] buffer, Int32 offset, Int32 count)
   at MySql.Data.MySqlClient.TimedStream.Read(Byte[] buffer, Int32 offset, Int32 count)
   at MySql.Data.MySqlClient.MySqlStream.ReadFully(Stream stream, Byte[] buffer, Int32 offset, Int32 count)
   at MySql.Data.MySqlClient.MySqlStream.LoadPacket()
   at MySql.Data.MySqlClient.MySqlStream.ReadPacket()
   at MySql.Data.MySqlClient.NativeDriver.PrepareStatement(String sql, MySqlField[]& parameters)
   at MySql.Data.MySqlClient.Driver.PrepareStatement(String sql, MySqlField[]& parameters)
   at MySql.Data.MySqlClient.PreparableStatement.Prepare()
   at MySql.Data.MySqlClient.MySqlCommand.Prepare(Int32 cursorPageSize)
   at MySql.Data.MySqlClient.MySqlCommand.Prepare()
   at Github2Telegram.Dao.GithubCommitDao.SelectLast(Int32 offset, Int32 limit) in D:\Valloon\Workspace\VisualStudio2022\Github2Telegram\Github2Telegram\Dao\GithubCommitDao.cs:line 59
   at Github2Telegram.TelegramClient.HandleUpdateAsync(ITelegramBotClient botClient, Update update, CancellationToken cancellationToken) in D:\Valloon\Workspace\VisualStudio2022\Github2Telegram\Github2Telegram\TelegramClient.cs:line 475
   at Telegram.Bot.Extensions.Polling.DefaultUpdateHandler.HandleUpdateAsync(ITelegramBotClient botClient, Update update, CancellationToken cancellationToken)
   at Telegram.Bot.Extensions.Polling.DefaultUpdateReceiver.ReceiveAsync(IUpdateHandler updateHandler, CancellationToken cancellationToken)
   at Telegram.Bot.TelegramBotClientPollingExtensions.ReceiveAsync(ITelegramBotClient botClient, IUpdateHandler updateHandler, ReceiverOptions receiverOptions, CancellationToken cancellationToken)
   at Telegram.Bot.TelegramBotClientPollingExtensions.<>c__DisplayClass3_0.<<StartReceiving>b__0>d.MoveNext()
Telegram connected: username = github65bot
[2022-07-03 23:02:47]  "/view_commits" from topazdev. chatId = 5473185053, messageId = 454
System.NotSupportedException:  The ReadAsync method cannot be called when another read operation is pending.
   at System.Net.Security.SslStream.ReadAsyncInternal[TIOAdapter](TIOAdapter adapter, Memory`1 buffer)
   at System.Net.Security.SslStream.Read(Byte[] buffer, Int32 offset, Int32 count)
   at MySql.Data.MySqlClient.TimedStream.Read(Byte[] buffer, Int32 offset, Int32 count)
   at MySql.Data.MySqlClient.MySqlStream.ReadFully(Stream stream, Byte[] buffer, Int32 offset, Int32 count)
   at MySql.Data.MySqlClient.MySqlStream.LoadPacket()
   at MySql.Data.MySqlClient.MySqlStream.ReadPacket()
   at MySql.Data.MySqlClient.NativeDriver.PrepareStatement(String sql, MySqlField[]& parameters)
   at MySql.Data.MySqlClient.Driver.PrepareStatement(String sql, MySqlField[]& parameters)
   at MySql.Data.MySqlClient.PreparableStatement.Prepare()
   at MySql.Data.MySqlClient.MySqlCommand.Prepare(Int32 cursorPageSize)
   at MySql.Data.MySqlClient.MySqlCommand.Prepare()
   at Github2Telegram.Dao.GithubCommitDao.SelectLast(Int32 offset, Int32 limit) in D:\Valloon\Workspace\VisualStudio2022\Github2Telegram\Github2Telegram\Dao\GithubCommitDao.cs:line 59
   at Github2Telegram.TelegramClient.HandleUpdateAsync(ITelegramBotClient botClient, Update update, CancellationToken cancellationToken) in D:\Valloon\Workspace\VisualStudio2022\Github2Telegram\Github2Telegram\TelegramClient.cs:line 475
   at Telegram.Bot.Extensions.Polling.DefaultUpdateHandler.HandleUpdateAsync(ITelegramBotClient botClient, Update update, CancellationToken cancellationToken)
   at Telegram.Bot.Extensions.Polling.DefaultUpdateReceiver.ReceiveAsync(IUpdateHandler updateHandler, CancellationToken cancellationToken)
   at Telegram.Bot.TelegramBotClientPollingExtensions.ReceiveAsync(ITelegramBotClient botClient, IUpdateHandler updateHandler, ReceiverOptions receiverOptions, CancellationToken cancellationToken)
   at Telegram.Bot.TelegramBotClientPollingExtensions.<>c__DisplayClass3_0.<<StartReceiving>b__0>d.MoveNext()
Telegram connected: username = github65bot
[2022-07-03 23:04:23]  "/view_commits" from topazdev. chatId = 5473185053, messageId = 454
System.NotSupportedException:  The ReadAsync method cannot be called when another read operation is pending.
   at System.Net.Security.SslStream.ReadAsyncInternal[TIOAdapter](TIOAdapter adapter, Memory`1 buffer)
   at System.Net.Security.SslStream.Read(Byte[] buffer, Int32 offset, Int32 count)
   at MySql.Data.MySqlClient.TimedStream.Read(Byte[] buffer, Int32 offset, Int32 count)
   at MySql.Data.MySqlClient.MySqlStream.ReadFully(Stream stream, Byte[] buffer, Int32 offset, Int32 count)
   at MySql.Data.MySqlClient.MySqlStream.LoadPacket()
   at MySql.Data.MySqlClient.MySqlStream.ReadPacket()
   at MySql.Data.MySqlClient.NativeDriver.PrepareStatement(String sql, MySqlField[]& parameters)
   at MySql.Data.MySqlClient.Driver.PrepareStatement(String sql, MySqlField[]& parameters)
   at MySql.Data.MySqlClient.PreparableStatement.Prepare()
   at MySql.Data.MySqlClient.MySqlCommand.Prepare(Int32 cursorPageSize)
   at MySql.Data.MySqlClient.MySqlCommand.Prepare()
   at Github2Telegram.Dao.GithubCommitDao.SelectLast(Int32 offset, Int32 limit) in D:\Valloon\Workspace\VisualStudio2022\Github2Telegram\Github2Telegram\Dao\GithubCommitDao.cs:line 59
   at Github2Telegram.TelegramClient.HandleUpdateAsync(ITelegramBotClient botClient, Update update, CancellationToken cancellationToken) in D:\Valloon\Workspace\VisualStudio2022\Github2Telegram\Github2Telegram\TelegramClient.cs:line 475
   at Telegram.Bot.Extensions.Polling.DefaultUpdateHandler.HandleUpdateAsync(ITelegramBotClient botClient, Update update, CancellationToken cancellationToken)
   at Telegram.Bot.Extensions.Polling.DefaultUpdateReceiver.ReceiveAsync(IUpdateHandler updateHandler, CancellationToken cancellationToken)
   at Telegram.Bot.TelegramBotClientPollingExtensions.ReceiveAsync(ITelegramBotClient botClient, IUpdateHandler updateHandler, ReceiverOptions receiverOptions, CancellationToken cancellationToken)
   at Telegram.Bot.TelegramBotClientPollingExtensions.<>c__DisplayClass3_0.<<StartReceiving>b__0>d.MoveNext()
Telegram connected: username = github65bot
[2022-07-03 23:09:38]  "/view_commits" from topazdev. chatId = 5473185053, messageId = 454
System.NotSupportedException:  The ReadAsync method cannot be called when another read operation is pending.
   at System.Net.Security.SslStream.ReadAsyncInternal[TIOAdapter](TIOAdapter adapter, Memory`1 buffer)
   at System.Net.Security.SslStream.Read(Byte[] buffer, Int32 offset, Int32 count)
   at MySql.Data.MySqlClient.TimedStream.Read(Byte[] buffer, Int32 offset, Int32 count)
   at MySql.Data.MySqlClient.MySqlStream.ReadFully(Stream stream, Byte[] buffer, Int32 offset, Int32 count)
   at MySql.Data.MySqlClient.MySqlStream.LoadPacket()
   at MySql.Data.MySqlClient.MySqlStream.ReadPacket()
   at MySql.Data.MySqlClient.NativeDriver.PrepareStatement(String sql, MySqlField[]& parameters)
   at MySql.Data.MySqlClient.Driver.PrepareStatement(String sql, MySqlField[]& parameters)
   at MySql.Data.MySqlClient.PreparableStatement.Prepare()
   at MySql.Data.MySqlClient.MySqlCommand.Prepare(Int32 cursorPageSize)
   at MySql.Data.MySqlClient.MySqlCommand.Prepare()
   at Github2Telegram.Dao.GithubCommitDao.SelectLast(Int32 offset, Int32 limit) in D:\Valloon\Workspace\VisualStudio2022\Github2Telegram\Github2Telegram\Dao\GithubCommitDao.cs:line 59
   at Github2Telegram.TelegramClient.HandleUpdateAsync(ITelegramBotClient botClient, Update update, CancellationToken cancellationToken) in D:\Valloon\Workspace\VisualStudio2022\Github2Telegram\Github2Telegram\TelegramClient.cs:line 475
   at Telegram.Bot.Extensions.Polling.DefaultUpdateHandler.HandleUpdateAsync(ITelegramBotClient botClient, Update update, CancellationToken cancellationToken)
   at Telegram.Bot.Extensions.Polling.DefaultUpdateReceiver.ReceiveAsync(IUpdateHandler updateHandler, CancellationToken cancellationToken)
   at Telegram.Bot.TelegramBotClientPollingExtensions.ReceiveAsync(ITelegramBotClient botClient, IUpdateHandler updateHandler, ReceiverOptions receiverOptions, CancellationToken cancellationToken)
   at Telegram.Bot.TelegramBotClientPollingExtensions.<>c__DisplayClass3_0.<<StartReceiving>b__0>d.MoveNext()
Telegram connected: username = github65bot
[2022-07-03 23:12:15]  "/view_commits" from topazdev. chatId = 5473185053, messageId = 454
System.NotSupportedException:  The ReadAsync method cannot be called when another read operation is pending.
   at System.Net.Security.SslStream.ReadAsyncInternal[TIOAdapter](TIOAdapter adapter, Memory`1 buffer)
   at System.Net.Security.SslStream.Read(Byte[] buffer, Int32 offset, Int32 count)
   at MySql.Data.MySqlClient.TimedStream.Read(Byte[] buffer, Int32 offset, Int32 count)
   at MySql.Data.MySqlClient.MySqlStream.ReadFully(Stream stream, Byte[] buffer, Int32 offset, Int32 count)
   at MySql.Data.MySqlClient.MySqlStream.LoadPacket()
   at MySql.Data.MySqlClient.MySqlStream.ReadPacket()
   at MySql.Data.MySqlClient.NativeDriver.PrepareStatement(String sql, MySqlField[]& parameters)
   at MySql.Data.MySqlClient.Driver.PrepareStatement(String sql, MySqlField[]& parameters)
   at MySql.Data.MySqlClient.PreparableStatement.Prepare()
   at MySql.Data.MySqlClient.MySqlCommand.Prepare(Int32 cursorPageSize)
   at MySql.Data.MySqlClient.MySqlCommand.Prepare()
   at Github2Telegram.Dao.GithubCommitDao.SelectLast(Int32 offset, Int32 limit) in D:\Valloon\Workspace\VisualStudio2022\Github2Telegram\Github2Telegram\Dao\GithubCommitDao.cs:line 59
   at Github2Telegram.TelegramClient.HandleUpdateAsync(ITelegramBotClient botClient, Update update, CancellationToken cancellationToken) in D:\Valloon\Workspace\VisualStudio2022\Github2Telegram\Github2Telegram\TelegramClient.cs:line 475
   at Telegram.Bot.Extensions.Polling.DefaultUpdateHandler.HandleUpdateAsync(ITelegramBotClient botClient, Update update, CancellationToken cancellationToken)
   at Telegram.Bot.Extensions.Polling.DefaultUpdateReceiver.ReceiveAsync(IUpdateHandler updateHandler, CancellationToken cancellationToken)
   at Telegram.Bot.TelegramBotClientPollingExtensions.ReceiveAsync(ITelegramBotClient botClient, IUpdateHandler updateHandler, ReceiverOptions receiverOptions, CancellationToken cancellationToken)
   at Telegram.Bot.TelegramBotClientPollingExtensions.<>c__DisplayClass3_0.<<StartReceiving>b__0>d.MoveNext()
[2022-07-03 23:14:15]  "/view_commits" from topazdev. chatId = 5473185053, messageId = 454
Telegram connected: username = github65bot
[2022-07-03 23:14:23]  <INFO>  No new commit in 1 repositories.
Telegram connected: username = github65bot
[2022-07-03 23:17:28]  "/view_commits" from topazdev. chatId = 5473185053, messageId = 458
[2022-07-03 23:17:36]  <INFO>  No new commit in 1 repositories.
[2022-07-03 23:18:09]  <INFO>  No new commit in 1 repositories.
Telegram connected: username = github65bot
[2022-07-03 23:19:27]  <ERROR>  System.NotSupportedException:  The ReadAsync method cannot be called when another read operation is pending.
   at System.Net.Security.SslStream.ReadAsyncInternal[TIOAdapter](TIOAdapter adapter, Memory`1 buffer)
   at System.Net.Security.SslStream.Read(Byte[] buffer, Int32 offset, Int32 count)
   at MySql.Data.MySqlClient.TimedStream.Read(Byte[] buffer, Int32 offset, Int32 count)
   at MySql.Data.MySqlClient.MySqlStream.ReadFully(Stream stream, Byte[] buffer, Int32 offset, Int32 count)
   at MySql.Data.MySqlClient.MySqlStream.LoadPacket()
   at MySql.Data.MySqlClient.MySqlStream.ReadPacket()
   at MySql.Data.MySqlClient.NativeDriver.PrepareStatement(String sql, MySqlField[]& parameters)
   at MySql.Data.MySqlClient.Driver.PrepareStatement(String sql, MySqlField[]& parameters)
   at MySql.Data.MySqlClient.PreparableStatement.Prepare()
   at MySql.Data.MySqlClient.MySqlCommand.Prepare(Int32 cursorPageSize)
   at MySql.Data.MySqlClient.MySqlCommand.Prepare()
   at Github2Telegram.Dao.GithubCommitDao.SelectLast(String account, String repo) in D:\Valloon\Workspace\VisualStudio2022\Github2Telegram\Github2Telegram\Dao\GithubCommitDao.cs:line 34
   at Github2Telegram.GithubClient.Run() in D:\Valloon\Workspace\VisualStudio2022\Github2Telegram\Github2Telegram\GithubClient.cs:line 49
[2022-07-03 23:19:57]  <ERROR>  MySql.Data.MySqlClient.MySqlException (0x80004005): Fatal error encountered attempting to read the resultset.
 ---> MySql.Data.MySqlClient.MySqlException (0x80004005): Expected end of data packet
   at MySql.Data.MySqlClient.NativeDriver.CheckEOF()
   at MySql.Data.MySqlClient.Driver.GetColumns(Int32 count)
   at MySql.Data.MySqlClient.ResultSet.LoadColumns(Int32 numCols)
   at MySql.Data.MySqlClient.ResultSet..ctor(Driver d, Int32 statementId, Int32 numCols)
   at MySql.Data.MySqlClient.Driver.NextResult(Int32 statementId, Boolean force)
   at MySql.Data.MySqlClient.MySqlDataReader.NextResult()
   at MySql.Data.MySqlClient.MySqlDataReader.NextResult()
   at MySql.Data.MySqlClient.MySqlDataReader.Close()
   at MySql.Data.MySqlClient.MySqlCommand.ResetReader()
   at MySql.Data.MySqlClient.MySqlCommand.ExecuteReader(CommandBehavior behavior)
   at MySql.Data.MySqlClient.MySqlCommand.ExecuteReader()
   at Github2Telegram.Dao.GithubAccountDao.SelectAll() in D:\Valloon\Workspace\VisualStudio2022\Github2Telegram\Github2Telegram\Dao\GithubAccountDao.cs:line 26
   at Github2Telegram.GithubClient.Run() in D:\Valloon\Workspace\VisualStudio2022\Github2Telegram\Github2Telegram\GithubClient.cs:line 17
Telegram connected: username = github65bot
[2022-07-03 23:20:44]  <INFO>  No new commit in 1 repositories.
[2022-07-03 23:21:22]  <INFO>  No new commit in 1 repositories.
[2022-07-03 23:21:56]  <INFO>  No new commit in 1 repositories.
[2022-07-03 23:22:30]  <INFO>  No new commit in 1 repositories.
Telegram connected: username = github65bot
[2022-07-03 23:24:33]  "/view_commits" from topazdev. chatId = 5473185053, messageId = 462
[2022-07-03 23:24:41]  <INFO>  No new commit in 1 repositories.
[2022-07-03 23:25:15]  <INFO>  No new commit in 1 repositories.
Telegram connected: username = github65bot
[2022-07-03 23:26:02]  "/view_commits" from topazdev. chatId = 5473185053, messageId = 464
[2022-07-03 23:26:10]  <INFO>  No new commit in 1 repositories.
[2022-07-03 23:26:43]  <INFO>  No new commit in 1 repositories.
Telegram connected: username = github65bot
[2022-07-03 23:27:41]  <INFO>  No new commit in 1 repositories.
[2022-07-03 23:27:51]  "/view_commits" from topazdev. chatId = 5473185053, messageId = 466
[2022-07-03 23:28:14]  <INFO>  No new commit in 1 repositories.
[2022-07-03 23:28:26]  "deazyyy/DontKYC-NFT" from topazdev. chatId = 5473185053, messageId = 471
[2022-07-03 23:28:47]  <INFO>  No new commit in 1 repositories.
[2022-07-03 23:29:20]  <INFO>  No new commit in 1 repositories.
[2022-07-03 23:29:53]  <INFO>  No new commit in 1 repositories.
Telegram connected: username = github65bot
[2022-07-03 23:30:35]  "/view_commits_by_repo" from topazdev. chatId = 5473185053, messageId = 473
[2022-07-03 23:30:38]  "deazyyy/DontKYC-NFT" from topazdev. chatId = 5473185053, messageId = 475
[2022-07-03 23:30:43]  <INFO>  No new commit in 1 repositories.
[2022-07-03 23:31:16]  <INFO>  No new commit in 1 repositories.
Telegram connected: username = github65bot
[2022-07-03 23:31:53]  "/view_commits_by_repo" from topazdev. chatId = 5473185053, messageId = 477
[2022-07-03 23:31:57]  "deazyyy/DontKYC-NFT" from topazdev. chatId = 5473185053, messageId = 479
[2022-07-03 23:32:01]  replied: "Invalid value. Try again or type 'exit' to cancel."
[2022-07-03 23:32:02]  <INFO>  No new commit in 1 repositories.
[2022-07-03 23:32:05]  "exit" from topazdev. chatId = 5473185053, messageId = 482
[2022-07-03 23:32:36]  <INFO>  No new commit in 1 repositories.
[2022-07-03 23:33:09]  <INFO>  No new commit in 1 repositories.
[2022-07-03 23:33:43]  <INFO>  No new commit in 1 repositories.
[2022-07-03 23:34:16]  <INFO>  No new commit in 1 repositories.
[2022-07-03 23:34:48]  <INFO>  No new commit in 1 repositories.
Telegram connected: username = github65bot
[2022-07-03 23:35:27]  "/view_commits_by_repo" from topazdev. chatId = 5473185053, messageId = 483
[2022-07-03 23:35:31]  <INFO>  No new commit in 1 repositories.
[2022-07-03 23:36:07]  <INFO>  No new commit in 1 repositories.
[2022-07-03 23:36:36]  "deazyyy/DontKYC-NFT" from topazdev. chatId = 5473185053, messageId = 485
System.FormatException: Input string was not in a correct format.
   at System.Number.ThrowOverflowOrFormatException(ParsingStatus status, TypeCode type)
   at System.Convert.ToInt32(String value)
   at Github2Telegram.TelegramClient.HandleUpdateAsync(ITelegramBotClient botClient, Update update, CancellationToken cancellationToken) in D:\Valloon\Workspace\VisualStudio2022\Github2Telegram\Github2Telegram\TelegramClient.cs:line 385
[2022-07-03 23:36:40]  <INFO>  No new commit in 1 repositories.
[2022-07-03 23:37:14]  <INFO>  No new commit in 1 repositories.
System.FormatException: Input string was not in a correct format.
   at System.Number.ThrowOverflowOrFormatException(ParsingStatus status, TypeCode type)
   at System.Convert.ToInt32(String value)
   at Github2Telegram.TelegramClient.HandleUpdateAsync(ITelegramBotClient botClient, Update update, CancellationToken cancellationToken) in D:\Valloon\Workspace\VisualStudio2022\Github2Telegram\Github2Telegram\TelegramClient.cs:line 385
System.NotSupportedException:  The ReadAsync method cannot be called when another read operation is pending.
   at System.Net.Security.SslStream.ReadAsyncInternal[TIOAdapter](TIOAdapter adapter, Memory`1 buffer)
   at System.Net.Security.SslStream.Read(Byte[] buffer, Int32 offset, Int32 count)
   at MySql.Data.MySqlClient.TimedStream.Read(Byte[] buffer, Int32 offset, Int32 count)
   at MySql.Data.MySqlClient.MySqlStream.ReadFully(Stream stream, Byte[] buffer, Int32 offset, Int32 count)
   at MySql.Data.MySqlClient.MySqlStream.LoadPacket()
   at MySql.Data.MySqlClient.MySqlStream.ReadPacket()
   at MySql.Data.MySqlClient.NativeDriver.PrepareStatement(String sql, MySqlField[]& parameters)
   at MySql.Data.MySqlClient.Driver.PrepareStatement(String sql, MySqlField[]& parameters)
   at MySql.Data.MySqlClient.PreparableStatement.Prepare()
   at MySql.Data.MySqlClient.MySqlCommand.Prepare(Int32 cursorPageSize)
   at MySql.Data.MySqlClient.MySqlCommand.Prepare()
   at Github2Telegram.Dao.GithubCommitDao.SelectLast(String account, String repo, Int32 offset, Int32 limit) in D:\Valloon\Workspace\VisualStudio2022\Github2Telegram\Github2Telegram\Dao\GithubCommitDao.cs:line 87
   at Github2Telegram.TelegramClient.HandleUpdateAsync(ITelegramBotClient botClient, Update update, CancellationToken cancellationToken) in D:\Valloon\Workspace\VisualStudio2022\Github2Telegram\Github2Telegram\TelegramClient.cs:line 396
   at Telegram.Bot.Extensions.Polling.DefaultUpdateHandler.HandleUpdateAsync(ITelegramBotClient botClient, Update update, CancellationToken cancellationToken)
   at Telegram.Bot.Extensions.Polling.DefaultUpdateReceiver.ReceiveAsync(IUpdateHandler updateHandler, CancellationToken cancellationToken)
   at Telegram.Bot.TelegramBotClientPollingExtensions.ReceiveAsync(ITelegramBotClient botClient, IUpdateHandler updateHandler, ReceiverOptions receiverOptions, CancellationToken cancellationToken)
   at Telegram.Bot.TelegramBotClientPollingExtensions.<>c__DisplayClass3_0.<<StartReceiving>b__0>d.MoveNext()
[2022-07-03 23:37:46]  <ERROR>  System.FormatException: Input string was not in a correct format.
   at System.Number.ThrowOverflowOrFormatException(ParsingStatus status, TypeCode type)
   at MySql.Data.Types.MySqlUInt64.MySql.Data.Types.IMySqlValue.ReadValue(MySqlPacket packet, Int64 length, Boolean nullVal)
   at MySql.Data.MySqlClient.NativeDriver.ReadColumnValue(Int32 index, MySqlField field, IMySqlValue valObject)
   at MySql.Data.MySqlClient.ResultSet.ReadColumnData(Boolean outputParms)
   at MySql.Data.MySqlClient.ResultSet.NextRow(CommandBehavior behavior)
   at MySql.Data.MySqlClient.MySqlDataReader.Read()
   at MySql.Data.MySqlClient.Driver.ReportWarnings(MySqlConnection connection)
   at MySql.Data.MySqlClient.Driver.CloseQuery(MySqlConnection connection, Int32 statementId)
   at MySql.Data.MySqlClient.MySqlCommand.Close(MySqlDataReader reader)
   at MySql.Data.MySqlClient.MySqlDataReader.Close()
   at MySql.Data.MySqlClient.MySqlDataReader.Dispose(Boolean disposing)
   at MySql.Data.MySqlClient.MySqlDataReader.Dispose()
   at Github2Telegram.Dao.GithubRepoDao.SelectAll() in D:\Valloon\Workspace\VisualStudio2022\Github2Telegram\Github2Telegram\Dao\GithubRepoDao.cs:line 38
   at Github2Telegram.GithubClient.Run() in D:\Valloon\Workspace\VisualStudio2022\Github2Telegram\Github2Telegram\GithubClient.cs:line 18
[2022-07-03 23:38:16]  <ERROR>  System.IndexOutOfRangeException: Could not find specified column in results: token
   at MySql.Data.MySqlClient.ResultSet.GetOrdinal(String name)
   at MySql.Data.MySqlClient.MySqlDataReader.get_Item(String name)
   at Github2Telegram.Dao.GithubAccountDao.SelectAll() in D:\Valloon\Workspace\VisualStudio2022\Github2Telegram\Github2Telegram\Dao\GithubAccountDao.cs:line 30
   at Github2Telegram.GithubClient.Run() in D:\Valloon\Workspace\VisualStudio2022\Github2Telegram\Github2Telegram\GithubClient.cs:line 17
Telegram connected: username = github65bot
Telegram API Error:
[400]
Bad Request: query is too old and response timeout expired or query ID is invalid
[2022-07-03 23:39:14]  <INFO>  No new commit in 1 repositories.
Telegram connected: username = github65bot
Telegram API Error:
[400]
Bad Request: query is too old and response timeout expired or query ID is invalid
Telegram connected: username = github65bot
[2022-07-03 23:40:05]  "/view_commits_by_repo" from topazdev. chatId = 5473185053, messageId = 488
[2022-07-03 23:40:13]  "deazyyy/DontKYC-NFT" from topazdev. chatId = 5473185053, messageId = 490
[2022-07-03 23:40:13]  <ERROR>  System.NotSupportedException:  The ReadAsync method cannot be called when another read operation is pending.
   at System.Net.Security.SslStream.ReadAsyncInternal[TIOAdapter](TIOAdapter adapter, Memory`1 buffer)
   at System.Net.Security.SslStream.Read(Byte[] buffer, Int32 offset, Int32 count)
   at MySql.Data.MySqlClient.TimedStream.Read(Byte[] buffer, Int32 offset, Int32 count)
   at MySql.Data.MySqlClient.MySqlStream.ReadFully(Stream stream, Byte[] buffer, Int32 offset, Int32 count)
   at MySql.Data.MySqlClient.MySqlStream.LoadPacket()
   at MySql.Data.MySqlClient.MySqlStream.ReadPacket()
   at MySql.Data.MySqlClient.NativeDriver.PrepareStatement(String sql, MySqlField[]& parameters)
   at MySql.Data.MySqlClient.Driver.PrepareStatement(String sql, MySqlField[]& parameters)
   at MySql.Data.MySqlClient.PreparableStatement.Prepare()
   at MySql.Data.MySqlClient.MySqlCommand.Prepare(Int32 cursorPageSize)
   at MySql.Data.MySqlClient.MySqlCommand.Prepare()
   at Github2Telegram.Dao.GithubCommitDao.SelectLast(String account, String repo) in D:\Valloon\Workspace\VisualStudio2022\Github2Telegram\Github2Telegram\Dao\GithubCommitDao.cs:line 34
   at Github2Telegram.GithubClient.Run() in D:\Valloon\Workspace\VisualStudio2022\Github2Telegram\Github2Telegram\GithubClient.cs:line 49
System.FormatException: Input string was not in a correct format.
   at System.Number.ThrowOverflowOrFormatException(ParsingStatus status, TypeCode type)
   at System.Convert.ToInt32(String value)
   at Github2Telegram.TelegramClient.HandleUpdateAsync(ITelegramBotClient botClient, Update update, CancellationToken cancellationToken) in D:\Valloon\Workspace\VisualStudio2022\Github2Telegram\Github2Telegram\TelegramClient.cs:line 385
MySql.Data.MySqlClient.MySqlException (0x80004005): Expected prepared statement marker
   at MySql.Data.MySqlClient.NativeDriver.PrepareStatement(String sql, MySqlField[]& parameters)
   at MySql.Data.MySqlClient.Driver.PrepareStatement(String sql, MySqlField[]& parameters)
   at MySql.Data.MySqlClient.PreparableStatement.Prepare()
   at MySql.Data.MySqlClient.MySqlCommand.Prepare(Int32 cursorPageSize)
   at MySql.Data.MySqlClient.MySqlCommand.Prepare()
   at Github2Telegram.Dao.GithubCommitDao.SelectLast(String account, String repo, Int32 offset, Int32 limit) in D:\Valloon\Workspace\VisualStudio2022\Github2Telegram\Github2Telegram\Dao\GithubCommitDao.cs:line 87
   at Github2Telegram.TelegramClient.HandleUpdateAsync(ITelegramBotClient botClient, Update update, CancellationToken cancellationToken) in D:\Valloon\Workspace\VisualStudio2022\Github2Telegram\Github2Telegram\TelegramClient.cs:line 396
   at Telegram.Bot.Extensions.Polling.DefaultUpdateHandler.HandleUpdateAsync(ITelegramBotClient botClient, Update update, CancellationToken cancellationToken)
   at Telegram.Bot.Extensions.Polling.DefaultUpdateReceiver.ReceiveAsync(IUpdateHandler updateHandler, CancellationToken cancellationToken)
   at Telegram.Bot.TelegramBotClientPollingExtensions.ReceiveAsync(ITelegramBotClient botClient, IUpdateHandler updateHandler, ReceiverOptions receiverOptions, CancellationToken cancellationToken)
   at Telegram.Bot.TelegramBotClientPollingExtensions.<>c__DisplayClass3_0.<<StartReceiving>b__0>d.MoveNext()
[2022-07-03 23:40:43]  <ERROR>  MySql.Data.MySqlClient.MySqlException (0x80004005): Fatal error encountered attempting to read the resultset.
 ---> MySql.Data.MySqlClient.MySqlException (0x80004005): Expected end of data packet
   at MySql.Data.MySqlClient.NativeDriver.CheckEOF()
   at MySql.Data.MySqlClient.Driver.GetColumns(Int32 count)
   at MySql.Data.MySqlClient.ResultSet.LoadColumns(Int32 numCols)
   at MySql.Data.MySqlClient.ResultSet..ctor(Driver d, Int32 statementId, Int32 numCols)
   at MySql.Data.MySqlClient.Driver.NextResult(Int32 statementId, Boolean force)
   at MySql.Data.MySqlClient.MySqlDataReader.NextResult()
   at MySql.Data.MySqlClient.MySqlDataReader.NextResult()
   at MySql.Data.MySqlClient.MySqlDataReader.Close()
   at MySql.Data.MySqlClient.MySqlCommand.ResetReader()
   at MySql.Data.MySqlClient.MySqlCommand.ExecuteReader(CommandBehavior behavior)
   at MySql.Data.MySqlClient.MySqlCommand.ExecuteReader()
   at Github2Telegram.Dao.GithubAccountDao.SelectAll() in D:\Valloon\Workspace\VisualStudio2022\Github2Telegram\Github2Telegram\Dao\GithubAccountDao.cs:line 26
   at Github2Telegram.GithubClient.Run() in D:\Valloon\Workspace\VisualStudio2022\Github2Telegram\Github2Telegram\GithubClient.cs:line 17
Telegram connected: username = github65bot
[2022-07-03 23:43:21]  <INFO>  No new commit in 1 repositories.
[2022-07-03 23:43:24]  "/view_commits_by_repo" from topazdev. chatId = 5473185053, messageId = 492
[2022-07-03 23:43:30]  "deazyyy/DontKYC-NFT" from topazdev. chatId = 5473185053, messageId = 494
System.FormatException: Input string was not in a correct format.
   at System.Number.ThrowOverflowOrFormatException(ParsingStatus status, TypeCode type)
   at System.Convert.ToInt32(String value)
   at Github2Telegram.TelegramClient.HandleUpdateAsync(ITelegramBotClient botClient, Update update, CancellationToken cancellationToken) in D:\Valloon\Workspace\VisualStudio2022\Github2Telegram\Github2Telegram\TelegramClient.cs:line 387
Telegram connected: username = github65bot
[2022-07-03 23:46:53]  "/view_commits_by_repo" from topazdev. chatId = 5473185053, messageId = 497
[2022-07-03 23:46:56]  <INFO>  No new commit in 1 repositories.
[2022-07-03 23:46:57]  "deazyyy/DontKYC-NFT" from topazdev. chatId = 5473185053, messageId = 499
[2022-07-03 23:47:28]  <INFO>  No new commit in 1 repositories.
Telegram connected: username = github65bot
[2022-07-03 23:49:32]  Message sent to @iBaseDev: test message
[2022-07-03 23:49:32]  Message sent to @theonlydeazy: test message
[2022-07-03 23:49:32]  Message sent to @topazdev: test message
[2022-07-03 23:49:32]  Message sent to @Test TG Bot: test message
[2022-07-03 23:49:32]  Message sent to @+KgeCUFgM7uhjMDA5: test message
[2022-07-03 23:49:37]  Message sent to @iBaseDev: test message
[2022-07-03 23:49:37]  Message sent to @theonlydeazy: test message
[2022-07-03 23:49:37]  Message sent to @topazdev: test message
[2022-07-03 23:49:38]  Message sent to @Test TG Bot: test message
[2022-07-03 23:49:38]  Message sent to @+KgeCUFgM7uhjMDA5: test message
[2022-07-03 23:49:43]  Message sent to @iBaseDev: test message
[2022-07-03 23:49:43]  Message sent to @theonlydeazy: test message
[2022-07-03 23:49:43]  Message sent to @topazdev: test message
[2022-07-03 23:49:44]  Message sent to @Test TG Bot: test message
[2022-07-03 23:49:44]  Message sent to @+KgeCUFgM7uhjMDA5: test message
[2022-07-03 23:49:49]  Message sent to @iBaseDev: test message
[2022-07-03 23:49:49]  Message sent to @theonlydeazy: test message
[2022-07-03 23:49:49]  Message sent to @topazdev: test message
[2022-07-03 23:49:50]  Message sent to @Test TG Bot: test message
[2022-07-03 23:49:50]  Message sent to @+KgeCUFgM7uhjMDA5: test message
[2022-07-03 23:49:55]  Message sent to @iBaseDev: test message
[2022-07-03 23:49:55]  Message sent to @theonlydeazy: test message
[2022-07-03 23:49:55]  Message sent to @topazdev: test message
[2022-07-03 23:49:55]  Message sent to @Test TG Bot: test message
[2022-07-03 23:49:55]  Message sent to @+KgeCUFgM7uhjMDA5: test message
[2022-07-03 23:50:00]  Message sent to @iBaseDev: test message
[2022-07-03 23:50:00]  Message sent to @theonlydeazy: test message
[2022-07-03 23:50:00]  Message sent to @topazdev: test message
[2022-07-03 23:50:01]  Message sent to @Test TG Bot: test message
[2022-07-03 23:50:01]  Message sent to @+KgeCUFgM7uhjMDA5: test message
[2022-07-03 23:50:06]  Message sent to @iBaseDev: test message
[2022-07-03 23:50:06]  Message sent to @theonlydeazy: test message
[2022-07-03 23:50:06]  Message sent to @topazdev: test message
[2022-07-03 23:50:06]  Message sent to @Test TG Bot: test message
[2022-07-03 23:50:06]  Message sent to @+KgeCUFgM7uhjMDA5: test message
Telegram connected: username = github65bot
[2022-07-03 23:51:24]  Message sent to @iBaseDev: test message
[2022-07-03 23:51:24]  Message sent to @theonlydeazy: test message
[2022-07-03 23:51:24]  Message sent to @topazdev: test message
[2022-07-03 23:51:24]  Message sent to @Test TG Bot: test message
[2022-07-03 23:51:24]  Message sent to @+KgeCUFgM7uhjMDA5: test message
[2022-07-03 23:51:24]  Message sent to @github65bot_test: test message
[2022-07-03 23:51:29]  Message sent to @iBaseDev: test message
[2022-07-03 23:51:29]  Message sent to @theonlydeazy: test message
[2022-07-03 23:51:29]  Message sent to @topazdev: test message
[2022-07-03 23:51:30]  Message sent to @Test TG Bot: test message
[2022-07-03 23:51:30]  Message sent to @+KgeCUFgM7uhjMDA5: test message
[2022-07-03 23:51:30]  Message sent to @github65bot_test: test message
[2022-07-03 23:51:35]  Message sent to @iBaseDev: test message
[2022-07-03 23:51:35]  Message sent to @theonlydeazy: test message
[2022-07-03 23:51:35]  Message sent to @topazdev: test message
[2022-07-03 23:51:35]  Message sent to @Test TG Bot: test message
[2022-07-03 23:51:35]  Message sent to @+KgeCUFgM7uhjMDA5: test message
[2022-07-03 23:51:35]  Message sent to @github65bot_test: test message
[2022-07-03 23:51:40]  Message sent to @iBaseDev: test message
[2022-07-03 23:51:40]  Message sent to @theonlydeazy: test message
[2022-07-03 23:51:40]  Message sent to @topazdev: test message
[2022-07-03 23:51:40]  Message sent to @Test TG Bot: test message
[2022-07-03 23:51:40]  Message sent to @+KgeCUFgM7uhjMDA5: test message
[2022-07-03 23:51:40]  Message sent to @github65bot_test: test message
[2022-07-03 23:51:45]  Message sent to @iBaseDev: test message
[2022-07-03 23:51:45]  Message sent to @theonlydeazy: test message
[2022-07-03 23:51:45]  Message sent to @topazdev: test message
[2022-07-03 23:51:46]  Message sent to @Test TG Bot: test message
[2022-07-03 23:51:46]  Message sent to @+KgeCUFgM7uhjMDA5: test message
[2022-07-03 23:51:46]  Message sent to @github65bot_test: test message
[2022-07-03 23:51:51]  Message sent to @iBaseDev: test message
[2022-07-03 23:51:51]  Message sent to @theonlydeazy: test message
[2022-07-03 23:51:51]  Message sent to @topazdev: test message
[2022-07-03 23:51:52]  Message sent to @Test TG Bot: test message
[2022-07-03 23:51:52]  Message sent to @+KgeCUFgM7uhjMDA5: test message
[2022-07-03 23:51:52]  Message sent to @github65bot_test: test message
[2022-07-03 23:51:57]  Message sent to @iBaseDev: test message
[2022-07-03 23:51:57]  Message sent to @theonlydeazy: test message
[2022-07-03 23:51:57]  Message sent to @topazdev: test message
[2022-07-03 23:51:57]  Message sent to @Test TG Bot: test message
[2022-07-03 23:51:57]  Message sent to @+KgeCUFgM7uhjMDA5: test message
[2022-07-03 23:51:57]  Message sent to @github65bot_test: test message
