Telegram connected: username = github65bot
[2022-07-01 22:25:00]  <INFO>  No new commit in 0 repositories.
[2022-07-01 22:25:19]  "/start" from topazdev. chatId = 5473185053, messageId = 403
[2022-07-01 22:25:20]  replied: "Unknown command: /start"
[2022-07-01 22:25:32]  <INFO>  No new commit in 0 repositories.
[2022-07-01 22:26:03]  <INFO>  No new commit in 0 repositories.
[2022-07-01 22:26:33]  <INFO>  No new commit in 0 repositories.
[2022-07-01 22:26:46]  "/start" from iBaseDev. chatId = 425006067, messageId = 405
[2022-07-01 22:26:48]  replied: "Unknown command: /start"
[2022-07-01 22:26:52]  "/list_all_repo" from iBaseDev. chatId = 425006067, messageId = 407
[2022-07-01 22:26:54]  replied: "Permission denied."
[2022-07-01 22:26:56]  "/list_added_repo" from iBaseDev. chatId = 425006067, messageId = 409
[2022-07-01 22:27:01]  replied: "Permission denied."
[2022-07-01 22:27:04]  <INFO>  No new commit in 0 repositories.
[2022-07-01 22:27:35]  <INFO>  No new commit in 0 repositories.
[2022-07-01 22:28:10]  <INFO>  No new commit in 0 repositories.
Telegram connected: username = github65bot
[2022-07-01 22:28:56]  <INFO>  No new commit in 0 repositories.
[2022-07-01 22:29:26]  <INFO>  No new commit in 0 repositories.
[2022-07-01 22:29:58]  <INFO>  No new commit in 0 repositories.
[2022-07-01 22:30:29]  <INFO>  No new commit in 0 repositories.
[2022-07-01 22:31:00]  <INFO>  No new commit in 0 repositories.
[2022-07-01 22:31:30]  <INFO>  No new commit in 0 repositories.
[2022-07-01 22:32:01]  <INFO>  No new commit in 0 repositories.
[2022-07-01 22:32:32]  <INFO>  No new commit in 0 repositories.
[2022-07-01 22:33:03]  <INFO>  No new commit in 0 repositories.
[2022-07-01 22:33:33]  <INFO>  No new commit in 0 repositories.
[2022-07-01 22:34:04]  <INFO>  No new commit in 0 repositories.
