Telegram connected: username = github65bot
[2022-07-06 00:02:47]  <INFO>  No new commit in 1 repositories.
Telegram connected: username = github65bot
Telegram.Bot.Exceptions.RequestException: Request timed out
 ---> System.Threading.Tasks.TaskCanceledException: The request was canceled due to the configured HttpClient.Timeout of 100 seconds elapsing.
 ---> System.TimeoutException: A task was canceled.
 ---> System.Threading.Tasks.TaskCanceledException: A task was canceled.
   at System.Net.Http.HttpConnectionResponseContent.SerializeToStreamAsync(Stream stream, TransportContext context, CancellationToken cancellationToken)
   at System.Net.Http.HttpContent.LoadIntoBufferAsyncCore(Task serializeToStreamTask, MemoryStream tempBuffer)
   at System.Net.Http.HttpClient.<SendAsync>g__Core|83_0(HttpRequestMessage request, HttpCompletionOption completionOption, CancellationTokenSource cts, Boolean disposeCts, CancellationTokenSource pendingRequestsCts, CancellationToken originalCancellationToken)
   --- End of inner exception stack trace ---
   --- End of inner exception stack trace ---
   at System.Net.Http.HttpClient.HandleFailure(Exception e, Boolean telemetryStarted, HttpResponseMessage response, CancellationTokenSource cts, CancellationToken cancellationToken, CancellationTokenSource pendingRequestsCts)
   at System.Net.Http.HttpClient.<SendAsync>g__Core|83_0(HttpRequestMessage request, HttpCompletionOption completionOption, CancellationTokenSource cts, Boolean disposeCts, CancellationTokenSource pendingRequestsCts, CancellationToken originalCancellationToken)
   at Telegram.Bot.TelegramBotClient.<MakeRequestAsync>g__SendRequestAsync|22_0[TResponse](HttpClient httpClient, HttpRequestMessage httpRequest, CancellationToken cancellationToken)
   --- End of inner exception stack trace ---
   at Telegram.Bot.TelegramBotClient.<MakeRequestAsync>g__SendRequestAsync|22_0[TResponse](HttpClient httpClient, HttpRequestMessage httpRequest, CancellationToken cancellationToken)
   at Telegram.Bot.TelegramBotClient.MakeRequestAsync[TResponse](IRequest`1 request, CancellationToken cancellationToken)
   at Telegram.Bot.Extensions.Polling.DefaultUpdateReceiver.ReceiveAsync(IUpdateHandler updateHandler, CancellationToken cancellationToken)
Telegram connected: username = github65bot
[2022-07-06 00:14:32]  <INFO>  commit saved (1 / 47): valloon91234/_shared/4c522c (newbranch branch)
[2022-07-06 00:14:32]  <INFO>  commit saved (2 / 47): valloon91234/_shared/013f2a (newbranch branch)
[2022-07-06 00:14:32]  <INFO>  commit saved (3 / 47): valloon91234/_shared/055bcb (newbranch branch)
[2022-07-06 00:14:32]  <INFO>  commit saved (4 / 47): valloon91234/_shared/73dc55 (newbranch branch)
[2022-07-06 00:14:32]  <INFO>  commit saved (5 / 47): valloon91234/_shared/feb75d (newbranch branch)
[2022-07-06 00:14:32]  <INFO>  commit saved (6 / 47): valloon91234/_shared/ffd4d1 (newbranch branch)
[2022-07-06 00:14:32]  <INFO>  commit saved (7 / 47): valloon91234/_shared/35df86 (newbranch branch)
[2022-07-06 00:14:32]  <INFO>  commit saved (8 / 47): valloon91234/_shared/baae04 (newbranch branch)
[2022-07-06 00:14:32]  <INFO>  commit saved (9 / 47): valloon91234/_shared/37732b (newbranch branch)
[2022-07-06 00:14:32]  <INFO>  commit saved (10 / 47): valloon91234/_shared/79e28f (newbranch branch)
[2022-07-06 00:14:33]  <INFO>  commit saved (11 / 47): valloon91234/_shared/789fff (newbranch branch)
[2022-07-06 00:14:33]  <INFO>  commit saved (12 / 47): valloon91234/_shared/db38e1 (newbranch branch)
[2022-07-06 00:14:33]  <INFO>  commit saved (13 / 47): valloon91234/_shared/f766d3 (newbranch branch)
[2022-07-06 00:14:33]  <INFO>  commit saved (14 / 47): valloon91234/_shared/efd34f (newbranch branch)
[2022-07-06 00:14:33]  <INFO>  commit saved (15 / 47): valloon91234/_shared/116a06 (newbranch branch)
[2022-07-06 00:14:33]  <INFO>  commit saved (16 / 47): valloon91234/_shared/11d3ea (newbranch branch)
[2022-07-06 00:14:33]  <INFO>  commit saved (17 / 47): valloon91234/_shared/cb5691 (newbranch branch)
[2022-07-06 00:14:33]  <INFO>  commit saved (18 / 47): valloon91234/_shared/c185e4 (newbranch branch)
[2022-07-06 00:14:33]  <INFO>  commit saved (19 / 47): valloon91234/_shared/9e7325 (newbranch branch)
[2022-07-06 00:14:33]  <INFO>  commit saved (20 / 47): valloon91234/_shared/78b352 (newbranch branch)
[2022-07-06 00:14:34]  <INFO>  commit saved (21 / 47): valloon91234/_shared/6087ba (newbranch branch)
[2022-07-06 00:14:34]  <INFO>  commit saved (22 / 47): valloon91234/_shared/49c9a0 (newbranch branch)
[2022-07-06 00:14:34]  <INFO>  commit saved (23 / 47): valloon91234/_shared/0a58a0 (newbranch branch)
[2022-07-06 00:14:34]  <INFO>  commit saved (24 / 47): valloon91234/_shared/dc6ad2 (newbranch branch)
[2022-07-06 00:14:34]  <WARN>  commit already exists: valloon91234/_shared/4c522c (master branch)
[2022-07-06 00:14:34]  <WARN>  commit already exists: valloon91234/_shared/013f2a (master branch)
[2022-07-06 00:14:34]  <WARN>  commit already exists: valloon91234/_shared/055bcb (master branch)
[2022-07-06 00:14:34]  <WARN>  commit already exists: valloon91234/_shared/73dc55 (master branch)
[2022-07-06 00:14:34]  <WARN>  commit already exists: valloon91234/_shared/feb75d (master branch)
[2022-07-06 00:14:34]  <WARN>  commit already exists: valloon91234/_shared/ffd4d1 (master branch)
[2022-07-06 00:14:34]  <WARN>  commit already exists: valloon91234/_shared/35df86 (master branch)
[2022-07-06 00:14:34]  <WARN>  commit already exists: valloon91234/_shared/baae04 (master branch)
[2022-07-06 00:14:34]  <WARN>  commit already exists: valloon91234/_shared/37732b (master branch)
[2022-07-06 00:14:34]  <WARN>  commit already exists: valloon91234/_shared/79e28f (master branch)
[2022-07-06 00:14:34]  <WARN>  commit already exists: valloon91234/_shared/789fff (master branch)
[2022-07-06 00:14:34]  <WARN>  commit already exists: valloon91234/_shared/db38e1 (master branch)
[2022-07-06 00:14:34]  <WARN>  commit already exists: valloon91234/_shared/f766d3 (master branch)
[2022-07-06 00:14:34]  <WARN>  commit already exists: valloon91234/_shared/efd34f (master branch)
[2022-07-06 00:14:34]  <WARN>  commit already exists: valloon91234/_shared/116a06 (master branch)
[2022-07-06 00:14:35]  <WARN>  commit already exists: valloon91234/_shared/11d3ea (master branch)
[2022-07-06 00:14:35]  <WARN>  commit already exists: valloon91234/_shared/cb5691 (master branch)
[2022-07-06 00:14:35]  <WARN>  commit already exists: valloon91234/_shared/c185e4 (master branch)
[2022-07-06 00:14:35]  <WARN>  commit already exists: valloon91234/_shared/9e7325 (master branch)
[2022-07-06 00:14:35]  <WARN>  commit already exists: valloon91234/_shared/78b352 (master branch)
[2022-07-06 00:14:35]  <WARN>  commit already exists: valloon91234/_shared/6087ba (master branch)
[2022-07-06 00:14:35]  <WARN>  commit already exists: valloon91234/_shared/49c9a0 (master branch)
[2022-07-06 00:14:35]  <WARN>  commit already exists: valloon91234/_shared/0a58a0 (master branch)
[2022-07-06 00:14:35]  <INFO>  24 new commits on valloon91234/_shared (2 branchs)
[2022-07-06 00:14:35]  Message sent to 0 chats: Repository initialized:  <a href="https://github.com/valloon91234/_shared/">valloon91234/_shared</a>  (24 commits in 2 branchs)
[2022-07-06 00:14:35]  <INFO>  24 new commits in 1 repositories.
[2022-07-06 00:15:09]  <INFO>  No new commit in 1 repositories.
[2022-07-06 00:15:44]  <INFO>  No new commit in 1 repositories.
[2022-07-06 00:16:22]  <INFO>  No new commit in 1 repositories.
[2022-07-06 00:16:58]  <INFO>  No new commit in 1 repositories.
[2022-07-06 00:17:41]  <INFO>  No new commit in 1 repositories.
[2022-07-06 00:18:13]  <INFO>  No new commit in 1 repositories.
[2022-07-06 00:18:51]  <INFO>  No new commit in 1 repositories.
Telegram connected: username = github65bot
[2022-07-06 00:21:18]  <INFO>  commit saved (1 / 47): valloon91234/_shared/4c522c (newbranch branch)
[2022-07-06 00:21:18]  <INFO>  commit saved (2 / 47): valloon91234/_shared/013f2a (newbranch branch)
[2022-07-06 00:21:18]  <INFO>  commit saved (3 / 47): valloon91234/_shared/055bcb (newbranch branch)
[2022-07-06 00:21:18]  <INFO>  commit saved (4 / 47): valloon91234/_shared/73dc55 (newbranch branch)
[2022-07-06 00:21:18]  <INFO>  commit saved (5 / 47): valloon91234/_shared/feb75d (newbranch branch)
[2022-07-06 00:21:18]  <INFO>  commit saved (6 / 47): valloon91234/_shared/ffd4d1 (newbranch branch)
[2022-07-06 00:21:18]  <INFO>  commit saved (7 / 47): valloon91234/_shared/35df86 (newbranch branch)
[2022-07-06 00:21:18]  <INFO>  commit saved (8 / 47): valloon91234/_shared/baae04 (newbranch branch)
[2022-07-06 00:21:19]  <INFO>  commit saved (9 / 47): valloon91234/_shared/37732b (newbranch branch)
[2022-07-06 00:21:19]  <INFO>  commit saved (10 / 47): valloon91234/_shared/79e28f (newbranch branch)
[2022-07-06 00:21:19]  <INFO>  commit saved (11 / 47): valloon91234/_shared/789fff (newbranch branch)
[2022-07-06 00:21:19]  <INFO>  commit saved (12 / 47): valloon91234/_shared/db38e1 (newbranch branch)
[2022-07-06 00:21:19]  <INFO>  commit saved (13 / 47): valloon91234/_shared/f766d3 (newbranch branch)
[2022-07-06 00:21:19]  <INFO>  commit saved (14 / 47): valloon91234/_shared/efd34f (newbranch branch)
[2022-07-06 00:21:19]  <INFO>  commit saved (15 / 47): valloon91234/_shared/116a06 (newbranch branch)
[2022-07-06 00:21:19]  <INFO>  commit saved (16 / 47): valloon91234/_shared/11d3ea (newbranch branch)
[2022-07-06 00:21:19]  <INFO>  commit saved (17 / 47): valloon91234/_shared/cb5691 (newbranch branch)
[2022-07-06 00:21:19]  <INFO>  commit saved (18 / 47): valloon91234/_shared/c185e4 (newbranch branch)
[2022-07-06 00:21:19]  <INFO>  commit saved (19 / 47): valloon91234/_shared/9e7325 (newbranch branch)
[2022-07-06 00:21:19]  <INFO>  commit saved (20 / 47): valloon91234/_shared/78b352 (newbranch branch)
[2022-07-06 00:21:19]  <INFO>  commit saved (21 / 47): valloon91234/_shared/6087ba (newbranch branch)
[2022-07-06 00:21:19]  <INFO>  commit saved (22 / 47): valloon91234/_shared/49c9a0 (newbranch branch)
[2022-07-06 00:21:19]  <INFO>  commit saved (23 / 47): valloon91234/_shared/0a58a0 (newbranch branch)
[2022-07-06 00:21:19]  <INFO>  commit saved (24 / 47): valloon91234/_shared/dc6ad2 (newbranch branch)
[2022-07-06 00:21:20]  <WARN>  commit already exists (24 / 47): valloon91234/_shared/4c522c (master branch)
[2022-07-06 00:21:20]  <WARN>  commit already exists (24 / 47): valloon91234/_shared/013f2a (master branch)
[2022-07-06 00:21:20]  <WARN>  commit already exists (24 / 47): valloon91234/_shared/055bcb (master branch)
[2022-07-06 00:21:20]  <WARN>  commit already exists (24 / 47): valloon91234/_shared/73dc55 (master branch)
[2022-07-06 00:21:20]  <WARN>  commit already exists (24 / 47): valloon91234/_shared/feb75d (master branch)
[2022-07-06 00:21:20]  <WARN>  commit already exists (24 / 47): valloon91234/_shared/ffd4d1 (master branch)
[2022-07-06 00:21:20]  <WARN>  commit already exists (24 / 47): valloon91234/_shared/35df86 (master branch)
[2022-07-06 00:21:20]  <WARN>  commit already exists (24 / 47): valloon91234/_shared/baae04 (master branch)
[2022-07-06 00:21:20]  <WARN>  commit already exists (24 / 47): valloon91234/_shared/37732b (master branch)
[2022-07-06 00:21:20]  <WARN>  commit already exists (24 / 47): valloon91234/_shared/79e28f (master branch)
[2022-07-06 00:21:20]  <WARN>  commit already exists (24 / 47): valloon91234/_shared/789fff (master branch)
[2022-07-06 00:21:20]  <WARN>  commit already exists (24 / 47): valloon91234/_shared/db38e1 (master branch)
[2022-07-06 00:21:20]  <WARN>  commit already exists (24 / 47): valloon91234/_shared/f766d3 (master branch)
[2022-07-06 00:21:20]  <WARN>  commit already exists (24 / 47): valloon91234/_shared/efd34f (master branch)
[2022-07-06 00:21:20]  <WARN>  commit already exists (24 / 47): valloon91234/_shared/116a06 (master branch)
[2022-07-06 00:21:20]  <WARN>  commit already exists (24 / 47): valloon91234/_shared/11d3ea (master branch)
[2022-07-06 00:21:20]  <WARN>  commit already exists (24 / 47): valloon91234/_shared/cb5691 (master branch)
[2022-07-06 00:21:20]  <WARN>  commit already exists (24 / 47): valloon91234/_shared/c185e4 (master branch)
[2022-07-06 00:21:20]  <WARN>  commit already exists (24 / 47): valloon91234/_shared/9e7325 (master branch)
[2022-07-06 00:21:20]  <WARN>  commit already exists (24 / 47): valloon91234/_shared/78b352 (master branch)
[2022-07-06 00:21:20]  <WARN>  commit already exists (24 / 47): valloon91234/_shared/6087ba (master branch)
[2022-07-06 00:21:21]  <WARN>  commit already exists (24 / 47): valloon91234/_shared/49c9a0 (master branch)
[2022-07-06 00:21:21]  <WARN>  commit already exists (24 / 47): valloon91234/_shared/0a58a0 (master branch)
[2022-07-06 00:21:21]  <INFO>  24 new commits on valloon91234/_shared (2 branchs)
[2022-07-06 00:21:21]  Message sent to 0 chats: Repository initialized:  <a href="https://github.com/valloon91234/_shared/">valloon91234/_shared</a>  (24 commits in 2 branchs)
[2022-07-06 00:21:21]  <INFO>  24 new commits in 1 repositories.
[2022-07-06 00:22:07]  <INFO>  No new commit in 1 repositories.
Telegram connected: username = github65bot
Telegram connected: username = github65bot
[2022-07-06 00:23:55]  <INFO>  commit saved (1 / 47): valloon91234/_shared/4c522c (newbranch branch)
[2022-07-06 00:23:55]  <INFO>  commit saved (2 / 47): valloon91234/_shared/013f2a (newbranch branch)
[2022-07-06 00:23:55]  <INFO>  commit saved (3 / 47): valloon91234/_shared/055bcb (newbranch branch)
[2022-07-06 00:23:56]  <INFO>  commit saved (4 / 47): valloon91234/_shared/73dc55 (newbranch branch)
[2022-07-06 00:23:56]  <INFO>  commit saved (5 / 47): valloon91234/_shared/feb75d (newbranch branch)
[2022-07-06 00:23:56]  <INFO>  commit saved (6 / 47): valloon91234/_shared/ffd4d1 (newbranch branch)
[2022-07-06 00:23:56]  <INFO>  commit saved (7 / 47): valloon91234/_shared/35df86 (newbranch branch)
[2022-07-06 00:23:56]  <INFO>  commit saved (8 / 47): valloon91234/_shared/baae04 (newbranch branch)
[2022-07-06 00:23:56]  <INFO>  commit saved (9 / 47): valloon91234/_shared/37732b (newbranch branch)
[2022-07-06 00:23:56]  <INFO>  commit saved (10 / 47): valloon91234/_shared/79e28f (newbranch branch)
[2022-07-06 00:23:56]  <INFO>  commit saved (11 / 47): valloon91234/_shared/789fff (newbranch branch)
[2022-07-06 00:23:56]  <INFO>  commit saved (12 / 47): valloon91234/_shared/db38e1 (newbranch branch)
[2022-07-06 00:23:57]  <INFO>  commit saved (13 / 47): valloon91234/_shared/f766d3 (newbranch branch)
[2022-07-06 00:23:57]  <INFO>  commit saved (14 / 47): valloon91234/_shared/efd34f (newbranch branch)
[2022-07-06 00:23:57]  <INFO>  commit saved (15 / 47): valloon91234/_shared/116a06 (newbranch branch)
[2022-07-06 00:23:57]  <INFO>  commit saved (16 / 47): valloon91234/_shared/11d3ea (newbranch branch)
[2022-07-06 00:23:57]  <INFO>  commit saved (17 / 47): valloon91234/_shared/cb5691 (newbranch branch)
[2022-07-06 00:23:57]  <INFO>  commit saved (18 / 47): valloon91234/_shared/c185e4 (newbranch branch)
[2022-07-06 00:23:57]  <INFO>  commit saved (19 / 47): valloon91234/_shared/9e7325 (newbranch branch)
[2022-07-06 00:23:57]  <INFO>  commit saved (20 / 47): valloon91234/_shared/78b352 (newbranch branch)
[2022-07-06 00:23:57]  <INFO>  commit saved (21 / 47): valloon91234/_shared/6087ba (newbranch branch)
[2022-07-06 00:23:57]  <INFO>  commit saved (22 / 47): valloon91234/_shared/49c9a0 (newbranch branch)
[2022-07-06 00:23:57]  <INFO>  commit saved (23 / 47): valloon91234/_shared/0a58a0 (newbranch branch)
[2022-07-06 00:23:57]  <INFO>  commit saved (24 / 47): valloon91234/_shared/dc6ad2 (newbranch branch)
[2022-07-06 00:23:57]  <WARN>  commit already exists (24 / 47): valloon91234/_shared/4c522c (master branch)
[2022-07-06 00:23:57]  <WARN>  commit already exists (24 / 47): valloon91234/_shared/013f2a (master branch)
[2022-07-06 00:23:57]  <WARN>  commit already exists (24 / 47): valloon91234/_shared/055bcb (master branch)
[2022-07-06 00:23:58]  <WARN>  commit already exists (24 / 47): valloon91234/_shared/73dc55 (master branch)
[2022-07-06 00:23:58]  <WARN>  commit already exists (24 / 47): valloon91234/_shared/feb75d (master branch)
[2022-07-06 00:23:58]  <WARN>  commit already exists (24 / 47): valloon91234/_shared/ffd4d1 (master branch)
[2022-07-06 00:23:58]  <WARN>  commit already exists (24 / 47): valloon91234/_shared/35df86 (master branch)
[2022-07-06 00:23:58]  <WARN>  commit already exists (24 / 47): valloon91234/_shared/baae04 (master branch)
[2022-07-06 00:23:58]  <WARN>  commit already exists (24 / 47): valloon91234/_shared/37732b (master branch)
[2022-07-06 00:23:58]  <WARN>  commit already exists (24 / 47): valloon91234/_shared/79e28f (master branch)
[2022-07-06 00:23:58]  <WARN>  commit already exists (24 / 47): valloon91234/_shared/789fff (master branch)
[2022-07-06 00:23:58]  <WARN>  commit already exists (24 / 47): valloon91234/_shared/db38e1 (master branch)
[2022-07-06 00:23:58]  <WARN>  commit already exists (24 / 47): valloon91234/_shared/f766d3 (master branch)
[2022-07-06 00:23:58]  <WARN>  commit already exists (24 / 47): valloon91234/_shared/efd34f (master branch)
[2022-07-06 00:23:58]  <WARN>  commit already exists (24 / 47): valloon91234/_shared/116a06 (master branch)
[2022-07-06 00:23:58]  <WARN>  commit already exists (24 / 47): valloon91234/_shared/11d3ea (master branch)
[2022-07-06 00:23:58]  <WARN>  commit already exists (24 / 47): valloon91234/_shared/cb5691 (master branch)
[2022-07-06 00:23:58]  <WARN>  commit already exists (24 / 47): valloon91234/_shared/c185e4 (master branch)
[2022-07-06 00:23:58]  <WARN>  commit already exists (24 / 47): valloon91234/_shared/9e7325 (master branch)
[2022-07-06 00:23:58]  <WARN>  commit already exists (24 / 47): valloon91234/_shared/78b352 (master branch)
[2022-07-06 00:23:58]  <WARN>  commit already exists (24 / 47): valloon91234/_shared/6087ba (master branch)
[2022-07-06 00:23:58]  <WARN>  commit already exists (24 / 47): valloon91234/_shared/49c9a0 (master branch)
[2022-07-06 00:23:58]  <WARN>  commit already exists (24 / 47): valloon91234/_shared/0a58a0 (master branch)
[2022-07-06 00:23:58]  <INFO>  24 new commits on valloon91234/_shared (2 branchs)
[2022-07-06 00:23:58]  Message sent to 0 chats: Repository initialized:  <a href="https://github.com/valloon91234/_shared/">valloon91234/_shared</a>  (24 commits in 2 branchs)
[2022-07-06 00:23:58]  <INFO>  24 new commits in 1 repositories.
Telegram connected: username = github65bot
Telegram connected: username = github65bot
[2022-07-06 00:57:37]  <INFO>  commit saved (1 / 24): valloon91234/_shared/4c522c (newbranch branch)
[2022-07-06 00:57:37]  <INFO>  commit saved (2 / 24): valloon91234/_shared/013f2a (newbranch branch)
[2022-07-06 00:57:37]  <INFO>  commit saved (3 / 24): valloon91234/_shared/055bcb (newbranch branch)
[2022-07-06 00:57:37]  <INFO>  commit saved (4 / 24): valloon91234/_shared/73dc55 (newbranch branch)
[2022-07-06 00:57:37]  <INFO>  commit saved (5 / 24): valloon91234/_shared/feb75d (newbranch branch)
[2022-07-06 00:57:37]  <INFO>  commit saved (6 / 24): valloon91234/_shared/ffd4d1 (newbranch branch)
[2022-07-06 00:57:37]  <INFO>  commit saved (7 / 24): valloon91234/_shared/35df86 (newbranch branch)
[2022-07-06 00:57:37]  <INFO>  commit saved (8 / 24): valloon91234/_shared/baae04 (newbranch branch)
[2022-07-06 00:57:38]  <INFO>  commit saved (9 / 24): valloon91234/_shared/37732b (newbranch branch)
[2022-07-06 00:57:38]  <INFO>  commit saved (10 / 24): valloon91234/_shared/79e28f (newbranch branch)
[2022-07-06 00:57:38]  <INFO>  commit saved (11 / 24): valloon91234/_shared/789fff (newbranch branch)
[2022-07-06 00:57:38]  <INFO>  commit saved (12 / 24): valloon91234/_shared/db38e1 (newbranch branch)
[2022-07-06 00:57:38]  <INFO>  commit saved (13 / 24): valloon91234/_shared/f766d3 (newbranch branch)
[2022-07-06 00:57:38]  <INFO>  commit saved (14 / 24): valloon91234/_shared/efd34f (newbranch branch)
[2022-07-06 00:57:38]  <INFO>  commit saved (15 / 24): valloon91234/_shared/116a06 (newbranch branch)
[2022-07-06 00:57:38]  <INFO>  commit saved (16 / 24): valloon91234/_shared/11d3ea (newbranch branch)
[2022-07-06 00:57:38]  <INFO>  commit saved (17 / 24): valloon91234/_shared/cb5691 (newbranch branch)
[2022-07-06 00:57:38]  <INFO>  commit saved (18 / 24): valloon91234/_shared/c185e4 (newbranch branch)
[2022-07-06 00:57:38]  <INFO>  commit saved (19 / 24): valloon91234/_shared/9e7325 (newbranch branch)
[2022-07-06 00:57:39]  <INFO>  commit saved (20 / 24): valloon91234/_shared/78b352 (newbranch branch)
[2022-07-06 00:57:39]  <INFO>  commit saved (21 / 24): valloon91234/_shared/6087ba (newbranch branch)
[2022-07-06 00:57:39]  <INFO>  commit saved (22 / 24): valloon91234/_shared/49c9a0 (newbranch branch)
[2022-07-06 00:57:39]  <INFO>  commit saved (23 / 24): valloon91234/_shared/0a58a0 (newbranch branch)
[2022-07-06 00:57:39]  <INFO>  commit saved (24 / 24): valloon91234/_shared/dc6ad2 (newbranch branch)
[2022-07-06 00:57:39]  <INFO>  24 new commits on valloon91234/_shared (1 branchs)
[2022-07-06 00:57:39]  Message sent to 0 chats: Repository initialized:  <a href="https://github.com/valloon91234/_shared/">valloon91234/_shared</a>  (24 commits in 1 branchs)
[2022-07-06 00:57:39]  <INFO>  24 new commits in 1 repositories.
[2022-07-06 00:58:14]  <INFO>  No new commit in 1 repositories.
[2022-07-06 00:58:46]  <INFO>  No new commit in 1 repositories.
[2022-07-06 00:59:22]  <INFO>  No new commit in 1 repositories.
[2022-07-06 00:59:56]  <INFO>  No new commit in 1 repositories.
[2022-07-06 01:00:29]  <INFO>  No new commit in 1 repositories.
[2022-07-06 01:01:03]  <INFO>  No new commit in 1 repositories.
[2022-07-06 01:01:35]  <INFO>  No new commit in 1 repositories.
[2022-07-06 01:02:08]  <INFO>  No new commit in 1 repositories.
[2022-07-06 01:02:41]  <INFO>  No new commit in 1 repositories.
[2022-07-06 01:03:15]  <INFO>  No new commit in 1 repositories.
[2022-07-06 01:03:48]  <INFO>  No new commit in 1 repositories.
[2022-07-06 01:04:21]  <INFO>  No new commit in 1 repositories.
[2022-07-06 01:04:55]  <INFO>  No new commit in 1 repositories.
[2022-07-06 01:05:29]  <INFO>  No new commit in 1 repositories.
[2022-07-06 01:06:11]  <INFO>  No new commit in 1 repositories.
[2022-07-06 01:06:44]  <INFO>  No new commit in 1 repositories.
[2022-07-06 01:07:17]  <INFO>  No new commit in 1 repositories.
[2022-07-06 01:07:49]  <INFO>  No new commit in 1 repositories.
Telegram connected: username = github65bot
Telegram connected: username = github65bot
Telegram connected: username = github65bot
Telegram connected: username = github65bot
[2022-07-06 01:11:37]  <INFO>  commit saved (1 / 47): valloon91234/_shared/4c522c (newbranch branch)
[2022-07-06 01:11:37]  <INFO>  commit saved (2 / 47): valloon91234/_shared/013f2a (newbranch branch)
[2022-07-06 01:11:37]  <INFO>  commit saved (3 / 47): valloon91234/_shared/055bcb (newbranch branch)
[2022-07-06 01:11:37]  <INFO>  commit saved (4 / 47): valloon91234/_shared/73dc55 (newbranch branch)
[2022-07-06 01:11:37]  <INFO>  commit saved (5 / 47): valloon91234/_shared/feb75d (newbranch branch)
[2022-07-06 01:11:37]  <INFO>  commit saved (6 / 47): valloon91234/_shared/ffd4d1 (newbranch branch)
[2022-07-06 01:11:37]  <INFO>  commit saved (7 / 47): valloon91234/_shared/35df86 (newbranch branch)
[2022-07-06 01:11:37]  <INFO>  commit saved (8 / 47): valloon91234/_shared/baae04 (newbranch branch)
[2022-07-06 01:11:38]  <INFO>  commit saved (9 / 47): valloon91234/_shared/37732b (newbranch branch)
[2022-07-06 01:11:38]  <INFO>  commit saved (10 / 47): valloon91234/_shared/79e28f (newbranch branch)
[2022-07-06 01:11:38]  <INFO>  commit saved (11 / 47): valloon91234/_shared/789fff (newbranch branch)
[2022-07-06 01:11:38]  <INFO>  commit saved (12 / 47): valloon91234/_shared/db38e1 (newbranch branch)
[2022-07-06 01:11:38]  <INFO>  commit saved (13 / 47): valloon91234/_shared/f766d3 (newbranch branch)
[2022-07-06 01:11:38]  <INFO>  commit saved (14 / 47): valloon91234/_shared/efd34f (newbranch branch)
[2022-07-06 01:11:38]  <INFO>  commit saved (15 / 47): valloon91234/_shared/116a06 (newbranch branch)
[2022-07-06 01:11:38]  <INFO>  commit saved (16 / 47): valloon91234/_shared/11d3ea (newbranch branch)
[2022-07-06 01:11:38]  <INFO>  commit saved (17 / 47): valloon91234/_shared/cb5691 (newbranch branch)
[2022-07-06 01:11:38]  <INFO>  commit saved (18 / 47): valloon91234/_shared/c185e4 (newbranch branch)
[2022-07-06 01:11:38]  <INFO>  commit saved (19 / 47): valloon91234/_shared/9e7325 (newbranch branch)
[2022-07-06 01:11:39]  <INFO>  commit saved (20 / 47): valloon91234/_shared/78b352 (newbranch branch)
[2022-07-06 01:11:39]  <INFO>  commit saved (21 / 47): valloon91234/_shared/6087ba (newbranch branch)
[2022-07-06 01:11:39]  <INFO>  commit saved (22 / 47): valloon91234/_shared/49c9a0 (newbranch branch)
[2022-07-06 01:11:39]  <INFO>  commit saved (23 / 47): valloon91234/_shared/0a58a0 (newbranch branch)
[2022-07-06 01:11:39]  <INFO>  commit saved (24 / 47): valloon91234/_shared/dc6ad2 (newbranch branch)
[2022-07-06 01:11:39]  <WARN>  commit already exists (24 / 47): valloon91234/_shared/4c522c (master branch)
[2022-07-06 01:11:39]  <WARN>  commit already exists (24 / 47): valloon91234/_shared/013f2a (master branch)
[2022-07-06 01:11:39]  <WARN>  commit already exists (24 / 47): valloon91234/_shared/055bcb (master branch)
[2022-07-06 01:11:39]  <WARN>  commit already exists (24 / 47): valloon91234/_shared/73dc55 (master branch)
[2022-07-06 01:11:39]  <WARN>  commit already exists (24 / 47): valloon91234/_shared/feb75d (master branch)
[2022-07-06 01:11:39]  <WARN>  commit already exists (24 / 47): valloon91234/_shared/ffd4d1 (master branch)
[2022-07-06 01:11:39]  <WARN>  commit already exists (24 / 47): valloon91234/_shared/35df86 (master branch)
[2022-07-06 01:11:39]  <WARN>  commit already exists (24 / 47): valloon91234/_shared/baae04 (master branch)
[2022-07-06 01:11:39]  <WARN>  commit already exists (24 / 47): valloon91234/_shared/37732b (master branch)
[2022-07-06 01:11:39]  <WARN>  commit already exists (24 / 47): valloon91234/_shared/79e28f (master branch)
[2022-07-06 01:11:39]  <WARN>  commit already exists (24 / 47): valloon91234/_shared/789fff (master branch)
[2022-07-06 01:11:39]  <WARN>  commit already exists (24 / 47): valloon91234/_shared/db38e1 (master branch)
[2022-07-06 01:11:39]  <WARN>  commit already exists (24 / 47): valloon91234/_shared/f766d3 (master branch)
[2022-07-06 01:11:40]  <WARN>  commit already exists (24 / 47): valloon91234/_shared/efd34f (master branch)
[2022-07-06 01:11:40]  <WARN>  commit already exists (24 / 47): valloon91234/_shared/116a06 (master branch)
[2022-07-06 01:11:40]  <WARN>  commit already exists (24 / 47): valloon91234/_shared/11d3ea (master branch)
[2022-07-06 01:11:40]  <WARN>  commit already exists (24 / 47): valloon91234/_shared/cb5691 (master branch)
[2022-07-06 01:11:40]  <WARN>  commit already exists (24 / 47): valloon91234/_shared/c185e4 (master branch)
[2022-07-06 01:11:40]  <WARN>  commit already exists (24 / 47): valloon91234/_shared/9e7325 (master branch)
[2022-07-06 01:11:40]  <WARN>  commit already exists (24 / 47): valloon91234/_shared/78b352 (master branch)
[2022-07-06 01:11:40]  <WARN>  commit already exists (24 / 47): valloon91234/_shared/6087ba (master branch)
[2022-07-06 01:11:40]  <WARN>  commit already exists (24 / 47): valloon91234/_shared/49c9a0 (master branch)
[2022-07-06 01:11:40]  <WARN>  commit already exists (24 / 47): valloon91234/_shared/0a58a0 (master branch)
[2022-07-06 01:11:40]  <INFO>  24 new commits on valloon91234/_shared (2 branchs)
[2022-07-06 01:11:40]  Message sent to 0 chats: Repository initialized:  <a href="https://github.com/valloon91234/_shared/">valloon91234/_shared</a>  (24 commits in 2 branchs)
[2022-07-06 01:11:40]  <INFO>  24 new commits in 1 repositories.
[2022-07-06 01:12:14]  <INFO>  No new commit in 1 repositories.
[2022-07-06 01:12:49]  <INFO>  No new commit in 1 repositories.
[2022-07-06 01:13:24]  <INFO>  No new commit in 1 repositories.
[2022-07-06 01:13:58]  <INFO>  No new commit in 1 repositories.
[2022-07-06 01:14:31]  <INFO>  No new commit in 1 repositories.
[2022-07-06 01:15:05]  <INFO>  No new commit in 1 repositories.
[2022-07-06 01:15:40]  <INFO>  No new commit in 1 repositories.
[2022-07-06 01:16:14]  <INFO>  No new commit in 1 repositories.
[2022-07-06 01:16:50]  <INFO>  No new commit in 1 repositories.
[2022-07-06 01:17:32]  <INFO>  commit saved (1 / 47): valloon91234/_shared/4c522c (newbranch branch)
[2022-07-06 01:17:32]  <INFO>  commit saved (2 / 47): valloon91234/_shared/013f2a (newbranch branch)
[2022-07-06 01:17:33]  <INFO>  commit saved (3 / 47): valloon91234/_shared/055bcb (newbranch branch)
[2022-07-06 01:17:33]  <INFO>  commit saved (4 / 47): valloon91234/_shared/73dc55 (newbranch branch)
[2022-07-06 01:17:33]  <INFO>  commit saved (5 / 47): valloon91234/_shared/feb75d (newbranch branch)
[2022-07-06 01:17:33]  <INFO>  commit saved (6 / 47): valloon91234/_shared/ffd4d1 (newbranch branch)
[2022-07-06 01:17:33]  <INFO>  commit saved (7 / 47): valloon91234/_shared/35df86 (newbranch branch)
[2022-07-06 01:17:33]  <INFO>  commit saved (8 / 47): valloon91234/_shared/baae04 (newbranch branch)
[2022-07-06 01:17:33]  <INFO>  commit saved (9 / 47): valloon91234/_shared/37732b (newbranch branch)
[2022-07-06 01:17:33]  <INFO>  commit saved (10 / 47): valloon91234/_shared/79e28f (newbranch branch)
[2022-07-06 01:17:33]  <INFO>  commit saved (11 / 47): valloon91234/_shared/789fff (newbranch branch)
[2022-07-06 01:17:33]  <INFO>  commit saved (12 / 47): valloon91234/_shared/db38e1 (newbranch branch)
[2022-07-06 01:17:33]  <INFO>  commit saved (13 / 47): valloon91234/_shared/f766d3 (newbranch branch)
[2022-07-06 01:17:34]  <INFO>  commit saved (14 / 47): valloon91234/_shared/efd34f (newbranch branch)
[2022-07-06 01:17:34]  <INFO>  commit saved (15 / 47): valloon91234/_shared/116a06 (newbranch branch)
[2022-07-06 01:17:34]  <INFO>  commit saved (16 / 47): valloon91234/_shared/11d3ea (newbranch branch)
[2022-07-06 01:17:34]  <INFO>  commit saved (17 / 47): valloon91234/_shared/cb5691 (newbranch branch)
[2022-07-06 01:17:34]  <INFO>  commit saved (18 / 47): valloon91234/_shared/c185e4 (newbranch branch)
[2022-07-06 01:17:34]  <INFO>  commit saved (19 / 47): valloon91234/_shared/9e7325 (newbranch branch)
[2022-07-06 01:17:34]  <INFO>  commit saved (20 / 47): valloon91234/_shared/78b352 (newbranch branch)
[2022-07-06 01:17:34]  <INFO>  commit saved (21 / 47): valloon91234/_shared/6087ba (newbranch branch)
[2022-07-06 01:17:34]  <INFO>  commit saved (22 / 47): valloon91234/_shared/49c9a0 (newbranch branch)
[2022-07-06 01:17:34]  <INFO>  commit saved (23 / 47): valloon91234/_shared/0a58a0 (newbranch branch)
[2022-07-06 01:17:34]  <INFO>  commit saved (24 / 47): valloon91234/_shared/dc6ad2 (newbranch branch)
[2022-07-06 01:17:34]  <WARN>  commit already exists (24 / 47): valloon91234/_shared/4c522c (master branch)
[2022-07-06 01:17:34]  <WARN>  commit already exists (24 / 47): valloon91234/_shared/013f2a (master branch)
[2022-07-06 01:17:34]  <WARN>  commit already exists (24 / 47): valloon91234/_shared/055bcb (master branch)
[2022-07-06 01:17:34]  <WARN>  commit already exists (24 / 47): valloon91234/_shared/73dc55 (master branch)
[2022-07-06 01:17:35]  <WARN>  commit already exists (24 / 47): valloon91234/_shared/feb75d (master branch)
[2022-07-06 01:17:35]  <WARN>  commit already exists (24 / 47): valloon91234/_shared/ffd4d1 (master branch)
[2022-07-06 01:17:35]  <WARN>  commit already exists (24 / 47): valloon91234/_shared/35df86 (master branch)
[2022-07-06 01:17:35]  <WARN>  commit already exists (24 / 47): valloon91234/_shared/baae04 (master branch)
[2022-07-06 01:17:35]  <WARN>  commit already exists (24 / 47): valloon91234/_shared/37732b (master branch)
[2022-07-06 01:17:35]  <WARN>  commit already exists (24 / 47): valloon91234/_shared/79e28f (master branch)
[2022-07-06 01:17:35]  <WARN>  commit already exists (24 / 47): valloon91234/_shared/789fff (master branch)
[2022-07-06 01:17:35]  <WARN>  commit already exists (24 / 47): valloon91234/_shared/db38e1 (master branch)
[2022-07-06 01:17:35]  <WARN>  commit already exists (24 / 47): valloon91234/_shared/f766d3 (master branch)
[2022-07-06 01:17:35]  <WARN>  commit already exists (24 / 47): valloon91234/_shared/efd34f (master branch)
[2022-07-06 01:17:35]  <WARN>  commit already exists (24 / 47): valloon91234/_shared/116a06 (master branch)
[2022-07-06 01:17:35]  <WARN>  commit already exists (24 / 47): valloon91234/_shared/11d3ea (master branch)
[2022-07-06 01:17:35]  <WARN>  commit already exists (24 / 47): valloon91234/_shared/cb5691 (master branch)
[2022-07-06 01:17:35]  <WARN>  commit already exists (24 / 47): valloon91234/_shared/c185e4 (master branch)
[2022-07-06 01:17:35]  <WARN>  commit already exists (24 / 47): valloon91234/_shared/9e7325 (master branch)
[2022-07-06 01:17:35]  <WARN>  commit already exists (24 / 47): valloon91234/_shared/78b352 (master branch)
[2022-07-06 01:17:35]  <WARN>  commit already exists (24 / 47): valloon91234/_shared/6087ba (master branch)
[2022-07-06 01:17:35]  <WARN>  commit already exists (24 / 47): valloon91234/_shared/49c9a0 (master branch)
[2022-07-06 01:17:36]  <WARN>  commit already exists (24 / 47): valloon91234/_shared/0a58a0 (master branch)
[2022-07-06 01:17:36]  <INFO>  24 new commits on valloon91234/_shared (2 branchs)
[2022-07-06 01:17:36]  Message sent to 0 chats: Repository initialized:  <a href="https://github.com/valloon91234/_shared/">valloon91234/_shared</a>  (24 commits in 2 branchs)
[2022-07-06 01:17:36]  <INFO>  24 new commits in 1 repositories.
Telegram connected: username = github65bot
[2022-07-06 01:18:33]  <INFO>  commit saved (1 / 47): valloon91234/_shared/4c522c (master branch)
[2022-07-06 01:18:33]  <INFO>  commit saved (2 / 47): valloon91234/_shared/013f2a (master branch)
[2022-07-06 01:18:33]  <INFO>  commit saved (3 / 47): valloon91234/_shared/055bcb (master branch)
[2022-07-06 01:18:33]  <INFO>  commit saved (4 / 47): valloon91234/_shared/73dc55 (master branch)
[2022-07-06 01:18:33]  <INFO>  commit saved (5 / 47): valloon91234/_shared/feb75d (master branch)
[2022-07-06 01:18:33]  <INFO>  commit saved (6 / 47): valloon91234/_shared/ffd4d1 (master branch)
[2022-07-06 01:18:34]  <INFO>  commit saved (7 / 47): valloon91234/_shared/35df86 (master branch)
[2022-07-06 01:18:34]  <INFO>  commit saved (8 / 47): valloon91234/_shared/baae04 (master branch)
[2022-07-06 01:18:34]  <INFO>  commit saved (9 / 47): valloon91234/_shared/37732b (master branch)
[2022-07-06 01:18:34]  <INFO>  commit saved (10 / 47): valloon91234/_shared/79e28f (master branch)
[2022-07-06 01:18:34]  <INFO>  commit saved (11 / 47): valloon91234/_shared/789fff (master branch)
[2022-07-06 01:18:34]  <INFO>  commit saved (12 / 47): valloon91234/_shared/db38e1 (master branch)
[2022-07-06 01:18:34]  <INFO>  commit saved (13 / 47): valloon91234/_shared/f766d3 (master branch)
[2022-07-06 01:18:34]  <INFO>  commit saved (14 / 47): valloon91234/_shared/efd34f (master branch)
[2022-07-06 01:18:34]  <INFO>  commit saved (15 / 47): valloon91234/_shared/116a06 (master branch)
[2022-07-06 01:18:34]  <INFO>  commit saved (16 / 47): valloon91234/_shared/11d3ea (master branch)
[2022-07-06 01:18:34]  <INFO>  commit saved (17 / 47): valloon91234/_shared/cb5691 (master branch)
[2022-07-06 01:18:34]  <INFO>  commit saved (18 / 47): valloon91234/_shared/c185e4 (master branch)
[2022-07-06 01:18:34]  <INFO>  commit saved (19 / 47): valloon91234/_shared/9e7325 (master branch)
[2022-07-06 01:18:34]  <INFO>  commit saved (20 / 47): valloon91234/_shared/78b352 (master branch)
[2022-07-06 01:18:35]  <INFO>  commit saved (21 / 47): valloon91234/_shared/6087ba (master branch)
[2022-07-06 01:18:35]  <INFO>  commit saved (22 / 47): valloon91234/_shared/49c9a0 (master branch)
[2022-07-06 01:18:35]  <INFO>  commit saved (23 / 47): valloon91234/_shared/0a58a0 (master branch)
[2022-07-06 01:18:35]  <WARN>  commit already exists (23 / 47): valloon91234/_shared/4c522c (newbranch branch)
[2022-07-06 01:18:35]  <WARN>  commit already exists (23 / 47): valloon91234/_shared/013f2a (newbranch branch)
[2022-07-06 01:18:35]  <WARN>  commit already exists (23 / 47): valloon91234/_shared/055bcb (newbranch branch)
[2022-07-06 01:18:35]  <WARN>  commit already exists (23 / 47): valloon91234/_shared/73dc55 (newbranch branch)
[2022-07-06 01:18:35]  <WARN>  commit already exists (23 / 47): valloon91234/_shared/feb75d (newbranch branch)
[2022-07-06 01:18:35]  <WARN>  commit already exists (23 / 47): valloon91234/_shared/ffd4d1 (newbranch branch)
[2022-07-06 01:18:35]  <WARN>  commit already exists (23 / 47): valloon91234/_shared/35df86 (newbranch branch)
[2022-07-06 01:18:35]  <WARN>  commit already exists (23 / 47): valloon91234/_shared/baae04 (newbranch branch)
[2022-07-06 01:18:35]  <WARN>  commit already exists (23 / 47): valloon91234/_shared/37732b (newbranch branch)
[2022-07-06 01:18:35]  <WARN>  commit already exists (23 / 47): valloon91234/_shared/79e28f (newbranch branch)
[2022-07-06 01:18:35]  <WARN>  commit already exists (23 / 47): valloon91234/_shared/789fff (newbranch branch)
[2022-07-06 01:18:35]  <WARN>  commit already exists (23 / 47): valloon91234/_shared/db38e1 (newbranch branch)
[2022-07-06 01:18:35]  <WARN>  commit already exists (23 / 47): valloon91234/_shared/f766d3 (newbranch branch)
[2022-07-06 01:18:35]  <WARN>  commit already exists (23 / 47): valloon91234/_shared/efd34f (newbranch branch)
[2022-07-06 01:18:35]  <WARN>  commit already exists (23 / 47): valloon91234/_shared/116a06 (newbranch branch)
[2022-07-06 01:18:35]  <WARN>  commit already exists (23 / 47): valloon91234/_shared/11d3ea (newbranch branch)
[2022-07-06 01:18:36]  <WARN>  commit already exists (23 / 47): valloon91234/_shared/cb5691 (newbranch branch)
[2022-07-06 01:18:36]  <WARN>  commit already exists (23 / 47): valloon91234/_shared/c185e4 (newbranch branch)
[2022-07-06 01:18:36]  <WARN>  commit already exists (23 / 47): valloon91234/_shared/9e7325 (newbranch branch)
[2022-07-06 01:18:36]  <WARN>  commit already exists (23 / 47): valloon91234/_shared/78b352 (newbranch branch)
[2022-07-06 01:18:36]  <WARN>  commit already exists (23 / 47): valloon91234/_shared/6087ba (newbranch branch)
[2022-07-06 01:18:36]  <WARN>  commit already exists (23 / 47): valloon91234/_shared/49c9a0 (newbranch branch)
[2022-07-06 01:18:36]  <WARN>  commit already exists (23 / 47): valloon91234/_shared/0a58a0 (newbranch branch)
[2022-07-06 01:18:36]  <INFO>  commit saved (24 / 47): valloon91234/_shared/dc6ad2 (newbranch branch)
[2022-07-06 01:18:36]  <INFO>  24 new commits on valloon91234/_shared (2 branchs)
[2022-07-06 01:18:36]  Message sent to 0 chats: Repository initialized:  <a href="https://github.com/valloon91234/_shared/">valloon91234/_shared</a>  (24 commits in 2 branchs)
[2022-07-06 01:18:36]  <INFO>  24 new commits in 1 repositories.
[2022-07-06 01:18:56]  "/start" from topazdev. chatId = 5473185053, messageId = 591
[2022-07-06 01:19:14]  <INFO>  No new commit in 1 repositories.
[2022-07-06 01:19:48]  <INFO>  commit saved (1 / 1): valloon91234/_shared/b70042 (newbranch branch)
[2022-07-06 01:19:48]  Message sent to 1 chats: *************************
7-5-2022 Tuesday 04:19:31 PM
<a href="https://github.com/web-flow/">web-flow</a> pushed to <a href="https://github.com/valloon91234/_shared/">valloon91234/_shared</a>
newbranch branch  *qwe*    Click: <a href="https://github.com/valloon91234/_shared/commit/b70042166d8cdcc9192cc600c3ebc0bfe9b12d54">b70042</a>

"asdzxc"
[2022-07-06 01:19:48]  <INFO>  1 new commits on valloon91234/_shared (2 branchs)
[2022-07-06 01:19:48]  <INFO>  1 new commits in 1 repositories.
[2022-07-06 01:20:22]  <INFO>  No new commit in 1 repositories.
[2022-07-06 01:20:58]  <INFO>  No new commit in 1 repositories.
[2022-07-06 01:21:34]  <INFO>  No new commit in 1 repositories.
[2022-07-06 01:22:09]  <INFO>  No new commit in 1 repositories.
[2022-07-06 01:22:42]  <INFO>  No new commit in 1 repositories.
[2022-07-06 01:23:16]  <INFO>  No new commit in 1 repositories.
[2022-07-06 01:23:50]  <INFO>  No new commit in 1 repositories.
Telegram connected: username = github65bot
Telegram connected: username = github65bot
[2022-07-06 01:28:38]  <INFO>  commit saved (1 / 48): valloon91234/_shared/4c522c (master branch)
[2022-07-06 01:28:38]  <INFO>  commit saved (2 / 48): valloon91234/_shared/013f2a (master branch)
[2022-07-06 01:28:38]  <INFO>  commit saved (3 / 48): valloon91234/_shared/055bcb (master branch)
[2022-07-06 01:28:38]  <INFO>  commit saved (4 / 48): valloon91234/_shared/73dc55 (master branch)
[2022-07-06 01:28:38]  <INFO>  commit saved (5 / 48): valloon91234/_shared/feb75d (master branch)
[2022-07-06 01:28:38]  <INFO>  commit saved (6 / 48): valloon91234/_shared/ffd4d1 (master branch)
[2022-07-06 01:28:38]  <INFO>  commit saved (7 / 48): valloon91234/_shared/35df86 (master branch)
[2022-07-06 01:28:38]  <INFO>  commit saved (8 / 48): valloon91234/_shared/baae04 (master branch)
[2022-07-06 01:28:38]  <INFO>  commit saved (9 / 48): valloon91234/_shared/37732b (master branch)
[2022-07-06 01:28:38]  <INFO>  commit saved (10 / 48): valloon91234/_shared/79e28f (master branch)
[2022-07-06 01:28:38]  <INFO>  commit saved (11 / 48): valloon91234/_shared/789fff (master branch)
[2022-07-06 01:28:38]  <INFO>  commit saved (12 / 48): valloon91234/_shared/db38e1 (master branch)
[2022-07-06 01:28:39]  <INFO>  commit saved (13 / 48): valloon91234/_shared/f766d3 (master branch)
[2022-07-06 01:28:39]  <INFO>  commit saved (14 / 48): valloon91234/_shared/efd34f (master branch)
[2022-07-06 01:28:39]  <INFO>  commit saved (15 / 48): valloon91234/_shared/116a06 (master branch)
[2022-07-06 01:28:39]  <INFO>  commit saved (16 / 48): valloon91234/_shared/11d3ea (master branch)
[2022-07-06 01:28:39]  <INFO>  commit saved (17 / 48): valloon91234/_shared/cb5691 (master branch)
[2022-07-06 01:28:39]  <INFO>  commit saved (18 / 48): valloon91234/_shared/c185e4 (master branch)
[2022-07-06 01:28:39]  <INFO>  commit saved (19 / 48): valloon91234/_shared/9e7325 (master branch)
[2022-07-06 01:28:39]  <INFO>  commit saved (20 / 48): valloon91234/_shared/78b352 (master branch)
[2022-07-06 01:28:39]  <INFO>  commit saved (21 / 48): valloon91234/_shared/6087ba (master branch)
[2022-07-06 01:28:39]  <INFO>  commit saved (22 / 48): valloon91234/_shared/49c9a0 (master branch)
[2022-07-06 01:28:39]  <INFO>  commit saved (23 / 48): valloon91234/_shared/0a58a0 (master branch)
[2022-07-06 01:28:39]  <WARN>  commit already exists (23 / 48): valloon91234/_shared/4c522c (newbranch branch)
[2022-07-06 01:28:39]  <WARN>  commit already exists (23 / 48): valloon91234/_shared/013f2a (newbranch branch)
[2022-07-06 01:28:39]  <WARN>  commit already exists (23 / 48): valloon91234/_shared/055bcb (newbranch branch)
[2022-07-06 01:28:39]  <WARN>  commit already exists (23 / 48): valloon91234/_shared/73dc55 (newbranch branch)
[2022-07-06 01:28:39]  <WARN>  commit already exists (23 / 48): valloon91234/_shared/feb75d (newbranch branch)
[2022-07-06 01:28:39]  <WARN>  commit already exists (23 / 48): valloon91234/_shared/ffd4d1 (newbranch branch)
[2022-07-06 01:28:40]  <WARN>  commit already exists (23 / 48): valloon91234/_shared/35df86 (newbranch branch)
[2022-07-06 01:28:40]  <WARN>  commit already exists (23 / 48): valloon91234/_shared/baae04 (newbranch branch)
[2022-07-06 01:28:40]  <WARN>  commit already exists (23 / 48): valloon91234/_shared/37732b (newbranch branch)
[2022-07-06 01:28:40]  <WARN>  commit already exists (23 / 48): valloon91234/_shared/79e28f (newbranch branch)
[2022-07-06 01:28:40]  <WARN>  commit already exists (23 / 48): valloon91234/_shared/789fff (newbranch branch)
[2022-07-06 01:28:40]  <WARN>  commit already exists (23 / 48): valloon91234/_shared/db38e1 (newbranch branch)
[2022-07-06 01:28:40]  <WARN>  commit already exists (23 / 48): valloon91234/_shared/f766d3 (newbranch branch)
[2022-07-06 01:28:40]  <WARN>  commit already exists (23 / 48): valloon91234/_shared/efd34f (newbranch branch)
[2022-07-06 01:28:40]  <WARN>  commit already exists (23 / 48): valloon91234/_shared/116a06 (newbranch branch)
[2022-07-06 01:28:40]  <WARN>  commit already exists (23 / 48): valloon91234/_shared/11d3ea (newbranch branch)
[2022-07-06 01:28:40]  <WARN>  commit already exists (23 / 48): valloon91234/_shared/cb5691 (newbranch branch)
[2022-07-06 01:28:40]  <WARN>  commit already exists (23 / 48): valloon91234/_shared/c185e4 (newbranch branch)
[2022-07-06 01:28:40]  <WARN>  commit already exists (23 / 48): valloon91234/_shared/9e7325 (newbranch branch)
[2022-07-06 01:28:40]  <WARN>  commit already exists (23 / 48): valloon91234/_shared/78b352 (newbranch branch)
[2022-07-06 01:28:40]  <WARN>  commit already exists (23 / 48): valloon91234/_shared/6087ba (newbranch branch)
[2022-07-06 01:28:40]  <WARN>  commit already exists (23 / 48): valloon91234/_shared/49c9a0 (newbranch branch)
[2022-07-06 01:28:40]  <WARN>  commit already exists (23 / 48): valloon91234/_shared/0a58a0 (newbranch branch)
[2022-07-06 01:28:40]  <INFO>  commit saved (24 / 48): valloon91234/_shared/dc6ad2 (newbranch branch)
[2022-07-06 01:28:40]  <INFO>  commit saved (25 / 48): valloon91234/_shared/b70042 (newbranch branch)
[2022-07-06 01:28:40]  <INFO>  25 new commits on valloon91234/_shared (2 branchs)
[2022-07-06 01:28:40]  Message sent to 1 chats: Repository initialized:  <a href="https://github.com/valloon91234/_shared/">valloon91234/_shared</a>  (25 commits in 2 branchs)
[2022-07-06 01:28:40]  <INFO>  25 new commits in 1 repositories.
[2022-07-06 01:29:15]  <INFO>  No new commit in 1 repositories.
Telegram connected: username = github65bot
Telegram connected: username = github65bot
Telegram connected: username = github65bot
Telegram connected: username = github65bot
