Telegram connected: username = github65bot
[2022-06-20 00:03:47]  <INFO>  1 new commits on xcellent-dev/QuizDrop
[2022-06-20 00:03:47]  Message sent to group: Repository initialized: [xcellent-dev/QuizDrop](https://github.com/xcellent-dev/QuizDrop) (1 commits)
[2022-06-20 00:03:49]  <INFO>  9 new commits on xcellent-dev/Ryan
[2022-06-20 00:03:49]  Message sent to group: Repository initialized: [xcellent-dev/Ryan](https://github.com/xcellent-dev/Ryan) (9 commits)
[2022-06-20 00:03:51]  <INFO>  1 new commits on xcellent-dev/Velvet_Test2
[2022-06-20 00:03:51]  Message sent to group: Repository initialized: [xcellent-dev/Velvet_Test2](https://github.com/xcellent-dev/Velvet_Test2) (1 commits)
[2022-06-20 00:03:53]  <INFO>  1 new commits on xcellent-dev/web-3D-building
[2022-06-20 00:03:53]  Message sent to group: Repository initialized: [xcellent-dev/web-3D-building](https://github.com/xcellent-dev/web-3D-building) (1 commits)
[2022-06-20 00:03:53]  <INFO>  12 new commits in 4 repositories.
Telegram connected: username = github65bot
[2022-06-20 00:04:36]  <INFO>  1 new commits on xcellent-dev/QuizDrop
[2022-06-20 00:05:01]  Message sent to group: Repository initialized: [xcellent-dev/QuizDrop](https://github.com/xcellent-dev/QuizDrop) (1 commits)
[2022-06-20 00:05:06]  <INFO>  9 new commits on xcellent-dev/Ryan
Telegram connected: username = github65bot
[2022-06-20 00:05:33]  <INFO>  1 new commits on xcellent-dev/QuizDrop
[2022-06-20 00:05:39]  Message sent to group: Repository initialized: [xcellent-dev/QuizDrop](https://github.com/xcellent-dev/QuizDrop) (1 commits)
Telegram connected: username = github65bot
[2022-06-20 00:10:10]  <INFO>  1 new commits on xcellent-dev/QuizDrop
[2022-06-20 00:10:13]  Message sent to group: Repository initialized: <a href="https://github.com/xcellent-dev/QuizDrop/">xcellent-dev/QuizDrop</a> (1 commits)
[2022-06-20 00:10:16]  <INFO>  9 new commits on xcellent-dev/Ryan
[2022-06-20 00:10:45]  Message sent to group: Repository initialized:  <a href="https://github.com/xcellent-dev/Ryan/">xcellent-dev/Ryan</a>  (9 commits)
[2022-06-20 00:10:47]  <INFO>  1 new commits on xcellent-dev/Velvet_Test2
[2022-06-20 00:15:53]  Message sent to group: Repository initialized:  <a href="https://github.com/xcellent-dev/Velvet_Test2/">xcellent-dev/Velvet_Test2</a>  (1 commits)
[2022-06-20 00:16:00]  Message sent to group: 2020-09-23 05:37:09<br/><a href="https://github.com/xcellent-dev/">xcellent-dev</a>  committed on  <a href="https://github.com/xcellent-dev/web-3D-building/">xcellent-dev/web-3D-building</a><br/><a href="https://github.com/xcellent-dev/web-3D-building/commit/a5bf6abb4ed87dba180a9c929ca2b6012eaac833">a5bf6a</a>  add: first commit
[2022-06-20 00:16:00]  <INFO>  1 new commits on xcellent-dev/web-3D-building
[2022-06-20 00:16:02]  Message sent to group: Repository initialized:  <a href="https://github.com/xcellent-dev/web-3D-building/">xcellent-dev/web-3D-building</a>  (1 commits)
[2022-06-20 00:16:02]  <INFO>  12 new commits in 4 repositories.
Telegram connected: username = github65bot
[2022-06-20 00:16:42]  Message sent to group: 2022-02-11 16:42:51<br/><a href="https://github.com/daylight1019/">daylight1019</a>  committed on  <a href="https://github.com/xcellent-dev/Velvet_Test2/">xcellent-dev/Velvet_Test2</a><br/><a href="https://github.com/xcellent-dev/Velvet_Test2/commit/140143e1aca26001482dd8359aabd86fe182c2b3">140143</a>  solve test2
[2022-06-20 00:16:42]  <INFO>  1 new commits on xcellent-dev/Velvet_Test2
[2022-06-20 00:16:44]  Message sent to group: Repository initialized:  <a href="https://github.com/xcellent-dev/Velvet_Test2/">xcellent-dev/Velvet_Test2</a>  (1 commits)
[2022-06-20 00:16:46]  Message sent to group: 2020-09-23 05:37:09<br/><a href="https://github.com/xcellent-dev/">xcellent-dev</a>  committed on  <a href="https://github.com/xcellent-dev/web-3D-building/">xcellent-dev/web-3D-building</a><br/><a href="https://github.com/xcellent-dev/web-3D-building/commit/a5bf6abb4ed87dba180a9c929ca2b6012eaac833">a5bf6a</a>  add: first commit
[2022-06-20 00:16:46]  <INFO>  1 new commits on xcellent-dev/web-3D-building
[2022-06-20 00:16:57]  Message sent to group: Repository initialized:  <a href="https://github.com/xcellent-dev/web-3D-building/">xcellent-dev/web-3D-building</a>  (1 commits)
[2022-06-20 00:16:57]  <INFO>  2 new commits in 4 repositories.
[2022-06-20 00:18:00]  Message sent to group: 2022-03-18 01:38:03<br/><a href="https://github.com/xcellent-dev/">xcellent-dev</a>  committed on  <a href="https://github.com/xcellent-dev/QuizDrop/">xcellent-dev/QuizDrop</a><br/><a href="https://github.com/xcellent-dev/QuizDrop/commit/c9509d1972cb15ba993d038f407564c18dd4386c">c9509d</a>  init
Telegram connected: username = github65bot
[2022-06-20 01:24:17]  Message sent to group: 2022-03-18 01:38:03<br/><a href="https://github.com/xcellent-dev/">xcellent-dev</a>  committed on  <a href="https://github.com/xcellent-dev/QuizDrop/">xcellent-dev/QuizDrop</a><br/><a href="https://github.com/xcellent-dev/QuizDrop/commit/c9509d1972cb15ba993d038f407564c18dd4386c">c9509d</a>  init
[2022-06-20 01:24:17]  <INFO>  1 new commits on xcellent-dev/QuizDrop
[2022-06-20 01:24:24]  Message sent to group: Repository initialized:  <a href="https://github.com/xcellent-dev/QuizDrop/">xcellent-dev/QuizDrop</a>  (1 commits)
Telegram connected: username = github65bot
[2022-06-20 01:26:07]  Message sent to group: 2020-11-21 07:02:09<br/><a href="https://github.com/kong/">kong</a>  committed on  <a href="https://github.com/xcellent-dev/Ryan/">xcellent-dev/Ryan</a><br/><a href="https://github.com/xcellent-dev/Ryan/commit/2fc0435c546cf7d71e590a36e55c398cb4d3a2b5">2fc043</a>  origin code
Telegram connected: username = github65bot
[2022-06-20 01:27:03]  Message sent to group: 2020-11-24 02:46:00<a href="https://github.com/kong/">kong</a>  committed on  <a href="https://github.com/xcellent-dev/Ryan/">xcellent-dev/Ryan</a><a href="https://github.com/xcellent-dev/Ryan/commit/2250e55d342c9d0643ae66a26641c00a1a534d03">2250e5</a>  notification
[2022-06-20 01:27:36]  Message sent to group: 2020-11-25 01:52:03<br><a href="https://github.com/kong/">kong</a>  committed on  <a href="https://github.com/xcellent-dev/Ryan/">xcellent-dev/Ryan</a><br><a href="https://github.com/xcellent-dev/Ryan/commit/a45e91f712d71fa7068d37debc78a1d75424dbdf">a45e91</a>  NINO RTW
[2022-06-20 01:29:55]  Message sent to group: 2020-11-25 20:15:18
<a href="https://github.com/kong/">kong</a>  committed on  <a href="https://github.com/xcellent-dev/Ryan/">xcellent-dev/Ryan</a>
<a href="https://github.com/xcellent-dev/Ryan/commit/70c6a62a34d60c47867acf85cf4524b99bdd0298">70c6a6</a>  NINO correct sentence
Telegram connected: username = github65bot
[2022-06-20 01:48:19]  Message sent to @chainguarder: 2020-11-27 07:49:04
<a href="https://github.com/kong/">kong</a>  committed on  <a href="https://github.com/xcellent-dev/Ryan/">xcellent-dev/Ryan</a>
<a href="https://github.com/xcellent-dev/Ryan/commit/c19dfd699401f2e2e4fd55b81b0024b20719535c">c19dfd</a>  complete the section
[2022-06-20 01:48:19]  Message sent to @timeworn007: 2020-11-27 07:49:04
<a href="https://github.com/kong/">kong</a>  committed on  <a href="https://github.com/xcellent-dev/Ryan/">xcellent-dev/Ryan</a>
<a href="https://github.com/xcellent-dev/Ryan/commit/c19dfd699401f2e2e4fd55b81b0024b20719535c">c19dfd</a>  complete the section
[2022-06-20 01:48:19]  Message sent to @github65bot_test: 2020-11-27 07:49:04
<a href="https://github.com/kong/">kong</a>  committed on  <a href="https://github.com/xcellent-dev/Ryan/">xcellent-dev/Ryan</a>
<a href="https://github.com/xcellent-dev/Ryan/commit/c19dfd699401f2e2e4fd55b81b0024b20719535c">c19dfd</a>  complete the section
[2022-06-20 01:48:19]  Message sent to @chainguarder: 2020-11-30 23:03:12
<a href="https://github.com/kong/">kong</a>  committed on  <a href="https://github.com/xcellent-dev/Ryan/">xcellent-dev/Ryan</a>
<a href="https://github.com/xcellent-dev/Ryan/commit/5b818c857bb4483950b43ae70b7cffb664eb6f38">5b818c</a>  expiry date color
[2022-06-20 01:48:19]  Message sent to @timeworn007: 2020-11-30 23:03:12
<a href="https://github.com/kong/">kong</a>  committed on  <a href="https://github.com/xcellent-dev/Ryan/">xcellent-dev/Ryan</a>
<a href="https://github.com/xcellent-dev/Ryan/commit/5b818c857bb4483950b43ae70b7cffb664eb6f38">5b818c</a>  expiry date color
[2022-06-20 01:48:19]  Message sent to @github65bot_test: 2020-11-30 23:03:12
<a href="https://github.com/kong/">kong</a>  committed on  <a href="https://github.com/xcellent-dev/Ryan/">xcellent-dev/Ryan</a>
<a href="https://github.com/xcellent-dev/Ryan/commit/5b818c857bb4483950b43ae70b7cffb664eb6f38">5b818c</a>  expiry date color
[2022-06-20 01:48:19]  Message sent to @chainguarder: 2020-12-03 04:07:09
<a href="https://github.com/kong/">kong</a>  committed on  <a href="https://github.com/xcellent-dev/Ryan/">xcellent-dev/Ryan</a>
<a href="https://github.com/xcellent-dev/Ryan/commit/17e51a992a9c60451b36acd1e0a49a67ef955c9e">17e51a</a>  carryout 1
[2022-06-20 01:48:19]  Message sent to @timeworn007: 2020-12-03 04:07:09
<a href="https://github.com/kong/">kong</a>  committed on  <a href="https://github.com/xcellent-dev/Ryan/">xcellent-dev/Ryan</a>
<a href="https://github.com/xcellent-dev/Ryan/commit/17e51a992a9c60451b36acd1e0a49a67ef955c9e">17e51a</a>  carryout 1
[2022-06-20 01:48:19]  Message sent to @github65bot_test: 2020-12-03 04:07:09
<a href="https://github.com/kong/">kong</a>  committed on  <a href="https://github.com/xcellent-dev/Ryan/">xcellent-dev/Ryan</a>
<a href="https://github.com/xcellent-dev/Ryan/commit/17e51a992a9c60451b36acd1e0a49a67ef955c9e">17e51a</a>  carryout 1
[2022-06-20 01:48:19]  Message sent to @chainguarder: 2020-12-10 18:02:27
<a href="https://github.com/kong/">kong</a>  committed on  <a href="https://github.com/xcellent-dev/Ryan/">xcellent-dev/Ryan</a>
<a href="https://github.com/xcellent-dev/Ryan/commit/bc71b68c3d2d54c8a771e64deceb6b4b79146bb7">bc71b6</a>  restart
[2022-06-20 01:48:19]  Message sent to @timeworn007: 2020-12-10 18:02:27
<a href="https://github.com/kong/">kong</a>  committed on  <a href="https://github.com/xcellent-dev/Ryan/">xcellent-dev/Ryan</a>
<a href="https://github.com/xcellent-dev/Ryan/commit/bc71b68c3d2d54c8a771e64deceb6b4b79146bb7">bc71b6</a>  restart
[2022-06-20 01:48:19]  Message sent to @github65bot_test: 2020-12-10 18:02:27
<a href="https://github.com/kong/">kong</a>  committed on  <a href="https://github.com/xcellent-dev/Ryan/">xcellent-dev/Ryan</a>
<a href="https://github.com/xcellent-dev/Ryan/commit/bc71b68c3d2d54c8a771e64deceb6b4b79146bb7">bc71b6</a>  restart
[2022-06-20 01:48:19]  <INFO>  4 new commits on xcellent-dev/Ryan
[2022-06-20 01:48:20]  <INFO>  1 new commits on xcellent-dev/Velvet_Test2
[2022-06-20 01:48:20]  Message sent to @chainguarder: Repository initialized:  <a href="https://github.com/xcellent-dev/Velvet_Test2/">xcellent-dev/Velvet_Test2</a>  (1 commits)
[2022-06-20 01:48:20]  Message sent to @timeworn007: Repository initialized:  <a href="https://github.com/xcellent-dev/Velvet_Test2/">xcellent-dev/Velvet_Test2</a>  (1 commits)
[2022-06-20 01:48:20]  Message sent to @github65bot_test: Repository initialized:  <a href="https://github.com/xcellent-dev/Velvet_Test2/">xcellent-dev/Velvet_Test2</a>  (1 commits)
[2022-06-20 01:48:21]  <INFO>  1 new commits on xcellent-dev/web-3D-building
[2022-06-20 01:48:21]  Message sent to @chainguarder: Repository initialized:  <a href="https://github.com/xcellent-dev/web-3D-building/">xcellent-dev/web-3D-building</a>  (1 commits)
[2022-06-20 01:48:21]  Message sent to @timeworn007: Repository initialized:  <a href="https://github.com/xcellent-dev/web-3D-building/">xcellent-dev/web-3D-building</a>  (1 commits)
[2022-06-20 01:48:21]  Message sent to @github65bot_test: Repository initialized:  <a href="https://github.com/xcellent-dev/web-3D-building/">xcellent-dev/web-3D-building</a>  (1 commits)
[2022-06-20 01:48:21]  <INFO>  6 new commits in 4 repositories.
[2022-06-20 01:48:44]  "/list_all_repo" from chainguarder. chatId = 5545606145, messageId = 340
[2022-06-20 01:48:48]  replied: "75 repositories in 1 users:

convey-development/convey
james-talent-1019/ChatApp
ndbtechnology/ndb.energy
ndbtechnology/ndb.sale
opentaps/blockchain-carbon-accounting
timeworn/iot
timeworn/xvision-backend
webcat12345/peach-tree
webcat12345/scp-test
xcellent-dev/3Dbuilding
xcellent-dev/angular-binding-syntax
xcellent-dev/angular-built-in-directive
xcellent-dev/angular-display-data
xcellent-dev/angular-event-binding
xcellent-dev/angular-inputs-outputs
xcellent-dev/angular-property-binding
xcellent-dev/angular-tour-of-heroes
xcellent-dev/angular-two-way-binding
xcellent-dev/attribute-binding
xcellent-dev/blockchain-carbon-accounting
xcellent-dev/clive-convey
xcellent-dev/crops-frontend
xcellent-dev/eAnatomi-master
xcellent-dev/ffmpeg-image-extractor
xcellent-dev/first-nest-project
xcellent-dev/first-simple-app
xcellent-dev/first_react_app
xcellent-dev/Flutter-test-app
xcellent-dev/fuse-parking-4u
xcellent-dev/gable
xcellent-dev/gable-crm
xcellent-dev/gable-steel
xcellent-dev/gable-steel-backend
xcellent-dev/gablesteel
xcellent-dev/html-clive-admin
xcellent-dev/html-clive-advisor
xcellent-dev/html-clive-branch
xcellent-dev/html-clive-citizen
xcellent-dev/html-clive-home
xcellent-dev/html-clive-hris
xcellent-dev/hygieia-feature-jira-collector
xcellent-dev/java
xcellent-dev/JavaNew
xcellent-dev/Jotunheimen-tracking
xcellent-dev/laravel-backend
xcellent-dev/laravel-vuejs-dashboard
xcellent-dev/newaaa
xcellent-dev/NFT-marketplace
xcellent-dev/parking-4-u-template
xcellent-dev/parking-4u-backend
xcellent-dev/parking-4u-frontend
xcellent-dev/parking-4u-template
xcellent-dev/pierce
xcellent-dev/Python-ExportCSV
xcellent-dev/QuizDrop
xcellent-dev/react-antd-mysql2
xcellent-dev/react-apollo-graphql-blog-master
xcellent-dev/react-buddha-jones-portal
xcellent-dev/react-native-card
xcellent-dev/react-native-components
xcellent-dev/react-native-Travel
xcellent-dev/Ryan
xcellent-dev/SHECA
xcellent-dev/template-reference-variable
xcellent-dev/test-gable-backend
xcellent-dev/themisar
xcellent-dev/UK-laravel
xcellent-dev/unpeeling
xcellent-dev/unpeeling-backend
xcellent-dev/upgradeable-contract
xcellent-dev/Velvet_Test1
xcellent-dev/Velvet_Test2
xcellent-dev/web-3D-building
xcellent-dev/WP
xcellent-dev/xvision-backend"
[2022-06-20 01:48:52]  "/add_repo" from chainguarder. chatId = 5545606145, messageId = 342
[2022-06-20 01:48:52]  replied: "Type [Github Username]/[Repository Name] to add or type 'exit' to cancel."
[2022-06-20 01:48:55]  "sds" from chainguarder. chatId = 5545606145, messageId = 344
[2022-06-20 01:48:56]  <INFO>  No new commit in 4 repositories.
[2022-06-20 01:49:04]  "exit" from chainguarder. chatId = 5545606145, messageId = 346
[2022-06-20 01:49:21]  "dd" from chainguarder. chatId = 5545606145, messageId = 347
System.Collections.Generic.KeyNotFoundException: The given key 'chainguarder' was not present in the dictionary.
   at System.Collections.Generic.Dictionary`2.get_Item(TKey key)
   at Github2Telegram.TelegramClient.HandleUpdateAsync(ITelegramBotClient botClient, Update update, CancellationToken cancellationToken) in D:\Valloon\Workspace\VisualStudio2022\Github2Telegram\Github2Telegram\TelegramClient.cs:line 299
   at Telegram.Bot.Extensions.Polling.DefaultUpdateHandler.HandleUpdateAsync(ITelegramBotClient botClient, Update update, CancellationToken cancellationToken)
   at Telegram.Bot.Extensions.Polling.DefaultUpdateReceiver.ReceiveAsync(IUpdateHandler updateHandler, CancellationToken cancellationToken)
   at Telegram.Bot.TelegramBotClientPollingExtensions.ReceiveAsync(ITelegramBotClient botClient, IUpdateHandler updateHandler, ReceiverOptions receiverOptions, CancellationToken cancellationToken)
   at Telegram.Bot.TelegramBotClientPollingExtensions.<>c__DisplayClass3_0.<<StartReceiving>b__0>d.MoveNext()
[2022-06-20 01:49:31]  <INFO>  No new commit in 4 repositories.
Telegram connected: username = github65bot
[2022-06-20 01:51:16]  "dd" from chainguarder. chatId = 5545606145, messageId = 347
[2022-06-20 01:51:16]  "/list_all_repo efefe" from chainguarder. chatId = 5545606145, messageId = 348
[2022-06-20 01:51:16]  replied: "Unknown command: /list_all_repo efefe"
[2022-06-20 01:51:21]  <INFO>  No new commit in 4 repositories.
[2022-06-20 01:51:41]  "/fefefe" from chainguarder. chatId = 5545606145, messageId = 350
[2022-06-20 01:51:41]  replied: "Unknown command: /fefefe"
[2022-06-20 01:51:55]  <INFO>  No new commit in 4 repositories.
[2022-06-20 01:52:29]  <INFO>  No new commit in 4 repositories.
[2022-06-20 01:53:03]  <INFO>  No new commit in 4 repositories.
[2022-06-20 01:53:39]  <INFO>  No new commit in 4 repositories.
[2022-06-20 01:54:28]  <INFO>  No new commit in 4 repositories.
[2022-06-20 01:55:02]  <INFO>  No new commit in 4 repositories.
[2022-06-20 01:55:36]  <INFO>  No new commit in 4 repositories.
[2022-06-20 01:56:09]  <INFO>  No new commit in 4 repositories.
[2022-06-20 01:56:43]  <INFO>  No new commit in 4 repositories.
[2022-06-20 01:57:17]  <INFO>  No new commit in 4 repositories.
[2022-06-20 01:57:53]  <INFO>  No new commit in 4 repositories.
[2022-06-20 01:58:28]  <INFO>  No new commit in 4 repositories.
[2022-06-20 01:59:09]  <INFO>  No new commit in 4 repositories.
[2022-06-20 01:59:43]  <INFO>  No new commit in 4 repositories.
[2022-06-20 02:00:19]  <INFO>  No new commit in 4 repositories.
[2022-06-20 02:00:54]  <INFO>  No new commit in 4 repositories.
[2022-06-20 02:01:31]  <INFO>  No new commit in 4 repositories.
[2022-06-20 02:02:06]  <INFO>  No new commit in 4 repositories.
[2022-06-20 02:02:40]  <INFO>  No new commit in 4 repositories.
[2022-06-20 02:03:16]  <INFO>  No new commit in 4 repositories.
Telegram connected: username = github65bot
[2022-06-20 02:04:07]  <INFO>  No new commit in 4 repositories.
[2022-06-20 02:04:09]  "/view_commits" from chainguarder. chatId = 5545606145, messageId = 352
[2022-06-20 02:04:09]  replied: "
2022-03-18 01:38    xcellent-dev/QuizDrop    xcellent-dev    <a href="https://github.com/xcellent-dev/QuizDrop/commit/c9509d1972cb15ba993d038f407564c18dd4386c">Go</a>
2022-02-11 16:42    xcellent-dev/Velvet_Test2    daylight1019    <a href="https://github.com/xcellent-dev/Velvet_Test2/commit/140143e1aca26001482dd8359aabd86fe182c2b3">Go</a>
2020-12-10 18:02    xcellent-dev/Ryan    kong    <a href="https://github.com/xcellent-dev/Ryan/commit/bc71b68c3d2d54c8a771e64deceb6b4b79146bb7">Go</a>
2020-12-03 04:07    xcellent-dev/Ryan    kong    <a href="https://github.com/xcellent-dev/Ryan/commit/17e51a992a9c60451b36acd1e0a49a67ef955c9e">Go</a>
2020-11-30 23:03    xcellent-dev/Ryan    kong    <a href="https://github.com/xcellent-dev/Ryan/commit/5b818c857bb4483950b43ae70b7cffb664eb6f38">Go</a>"
[2022-06-20 02:04:45]  <INFO>  No new commit in 4 repositories.
[2022-06-20 02:05:19]  <INFO>  No new commit in 4 repositories.
[2022-06-20 02:05:53]  <INFO>  No new commit in 4 repositories.
[2022-06-20 02:06:27]  <INFO>  No new commit in 4 repositories.
[2022-06-20 02:07:05]  <INFO>  No new commit in 4 repositories.
[2022-06-20 02:07:40]  <INFO>  No new commit in 4 repositories.
[2022-06-20 02:08:14]  <INFO>  No new commit in 4 repositories.
[2022-06-20 02:08:50]  <INFO>  No new commit in 4 repositories.
Telegram connected: username = github65bot
[2022-06-20 02:09:07]  <INFO>  No new commit in 4 repositories.
[2022-06-20 02:09:43]  <INFO>  No new commit in 4 repositories.
[2022-06-20 02:10:20]  <INFO>  No new commit in 4 repositories.
[2022-06-20 02:10:54]  <INFO>  No new commit in 4 repositories.
Telegram connected: username = github65bot
[2022-06-20 02:33:41]  <INFO>  No new commit in 4 repositories.
System.NotSupportedException:  The WriteAsync method cannot be called when another write operation is pending.
   at System.Net.Security.SslStream.WriteAsyncInternal[TIOAdapter](TIOAdapter writeAdapter, ReadOnlyMemory`1 buffer)
   at System.Net.Security.SslStream.Write(Byte[] buffer, Int32 offset, Int32 count)
   at MySql.Data.MySqlClient.TimedStream.Write(Byte[] buffer, Int32 offset, Int32 count)
   at MySql.Data.MySqlClient.MySqlStream.SendPacket(MySqlPacket packet)
   at MySql.Data.MySqlClient.NativeDriver.ExecutePacket(MySqlPacket packetToExecute)
   at MySql.Data.MySqlClient.NativeDriver.ExecuteStatement(MySqlPacket packetToExecute)
   at MySql.Data.MySqlClient.Driver.ExecuteStatement(MySqlPacket packetToExecute)
   at MySql.Data.MySqlClient.MySqlCommand.ExecuteReader(CommandBehavior behavior)
   at MySql.Data.MySqlClient.MySqlCommand.ExecuteReader()
   at Github2Telegram.Dao.GithubCommitDao.SelectLast(Int32 offset, Int32 limit) in D:\Valloon\Workspace\VisualStudio2022\Github2Telegram\Github2Telegram\Dao\GithubCommitDao.cs:line 45
   at Github2Telegram.TelegramClient.HandleUpdateAsync(ITelegramBotClient botClient, Update update, CancellationToken cancellationToken) in D:\Valloon\Workspace\VisualStudio2022\Github2Telegram\Github2Telegram\TelegramClient.cs:line 276
   at Telegram.Bot.Extensions.Polling.DefaultUpdateHandler.HandleUpdateAsync(ITelegramBotClient botClient, Update update, CancellationToken cancellationToken)
   at Telegram.Bot.Extensions.Polling.DefaultUpdateReceiver.ReceiveAsync(IUpdateHandler updateHandler, CancellationToken cancellationToken)
   at Telegram.Bot.TelegramBotClientPollingExtensions.ReceiveAsync(ITelegramBotClient botClient, IUpdateHandler updateHandler, ReceiverOptions receiverOptions, CancellationToken cancellationToken)
   at Telegram.Bot.TelegramBotClientPollingExtensions.<>c__DisplayClass3_0.<<StartReceiving>b__0>d.MoveNext()
Telegram connected: username = github65bot
[2022-06-20 02:37:10]  <INFO>  No new commit in 4 repositories.
[2022-06-20 02:37:43]  <INFO>  No new commit in 4 repositories.
[2022-06-20 02:38:02]  replied: "
2020-11-27 07:49    xcellent-dev/Ryan    kong    <a href="https://github.com/xcellent-dev/Ryan/commit/c19dfd699401f2e2e4fd55b81b0024b20719535c">Go</a>
2020-11-25 20:15    xcellent-dev/Ryan    kong    <a href="https://github.com/xcellent-dev/Ryan/commit/70c6a62a34d60c47867acf85cf4524b99bdd0298">Go</a>
2020-11-25 01:52    xcellent-dev/Ryan    kong    <a href="https://github.com/xcellent-dev/Ryan/commit/a45e91f712d71fa7068d37debc78a1d75424dbdf">Go</a>
2020-11-24 02:46    xcellent-dev/Ryan    kong    <a href="https://github.com/xcellent-dev/Ryan/commit/2250e55d342c9d0643ae66a26641c00a1a534d03">Go</a>
2020-11-21 07:02    xcellent-dev/Ryan    kong    <a href="https://github.com/xcellent-dev/Ryan/commit/2fc0435c546cf7d71e590a36e55c398cb4d3a2b5">Go</a>"
[2022-06-20 02:38:07]  replied: "
2020-11-19 03:28    xcellent-dev/Ryan    kong    <a href="https://github.com/xcellent-dev/Ryan/commit/76518353c95a193af32e906bcfc3611635c6ee92">Go</a>
2020-09-23 05:37    xcellent-dev/web-3D-building    xcellent-dev    <a href="https://github.com/xcellent-dev/web-3D-building/commit/a5bf6abb4ed87dba180a9c929ca2b6012eaac833">Go</a>"
[2022-06-20 02:38:17]  <INFO>  No new commit in 4 repositories.
Telegram connected: username = github65bot
[2022-06-20 02:49:53]  replied: "
2020-11-27 07:49    xcellent-dev/Ryan    kong    <a href="https://github.com/xcellent-dev/Ryan/commit/c19dfd699401f2e2e4fd55b81b0024b20719535c">Go</a>
2020-11-25 20:15    xcellent-dev/Ryan    kong    <a href="https://github.com/xcellent-dev/Ryan/commit/70c6a62a34d60c47867acf85cf4524b99bdd0298">Go</a>
2020-11-25 01:52    xcellent-dev/Ryan    kong    <a href="https://github.com/xcellent-dev/Ryan/commit/a45e91f712d71fa7068d37debc78a1d75424dbdf">Go</a>
2020-11-24 02:46    xcellent-dev/Ryan    kong    <a href="https://github.com/xcellent-dev/Ryan/commit/2250e55d342c9d0643ae66a26641c00a1a534d03">Go</a>
2020-11-21 07:02    xcellent-dev/Ryan    kong    <a href="https://github.com/xcellent-dev/Ryan/commit/2fc0435c546cf7d71e590a36e55c398cb4d3a2b5">Go</a>"
[2022-06-20 02:49:56]  <INFO>  No new commit in 4 repositories.
[2022-06-20 02:49:57]  replied: "
2020-11-19 03:28    xcellent-dev/Ryan    kong    <a href="https://github.com/xcellent-dev/Ryan/commit/76518353c95a193af32e906bcfc3611635c6ee92">Go</a>
2020-09-23 05:37    xcellent-dev/web-3D-building    xcellent-dev    <a href="https://github.com/xcellent-dev/web-3D-building/commit/a5bf6abb4ed87dba180a9c929ca2b6012eaac833">Go</a>"
Telegram connected: username = github65bot
[2022-06-20 02:50:38]  <INFO>  No new commit in 4 repositories.
[2022-06-20 02:50:43]  replied: "
2020-11-19 03:28    xcellent-dev/Ryan    kong    <a href="https://github.com/xcellent-dev/Ryan/commit/76518353c95a193af32e906bcfc3611635c6ee92">Go</a>
2020-09-23 05:37    xcellent-dev/web-3D-building    xcellent-dev    <a href="https://github.com/xcellent-dev/web-3D-building/commit/a5bf6abb4ed87dba180a9c929ca2b6012eaac833">Go</a>"
[2022-06-20 02:50:51]  replied: "
2020-11-27 07:49    xcellent-dev/Ryan    kong    <a href="https://github.com/xcellent-dev/Ryan/commit/c19dfd699401f2e2e4fd55b81b0024b20719535c">Go</a>
2020-11-25 20:15    xcellent-dev/Ryan    kong    <a href="https://github.com/xcellent-dev/Ryan/commit/70c6a62a34d60c47867acf85cf4524b99bdd0298">Go</a>
2020-11-25 01:52    xcellent-dev/Ryan    kong    <a href="https://github.com/xcellent-dev/Ryan/commit/a45e91f712d71fa7068d37debc78a1d75424dbdf">Go</a>
2020-11-24 02:46    xcellent-dev/Ryan    kong    <a href="https://github.com/xcellent-dev/Ryan/commit/2250e55d342c9d0643ae66a26641c00a1a534d03">Go</a>
2020-11-21 07:02    xcellent-dev/Ryan    kong    <a href="https://github.com/xcellent-dev/Ryan/commit/2fc0435c546cf7d71e590a36e55c398cb4d3a2b5">Go</a>"
[2022-06-20 02:50:54]  replied: "
2020-11-19 03:28    xcellent-dev/Ryan    kong    <a href="https://github.com/xcellent-dev/Ryan/commit/76518353c95a193af32e906bcfc3611635c6ee92">Go</a>
2020-09-23 05:37    xcellent-dev/web-3D-building    xcellent-dev    <a href="https://github.com/xcellent-dev/web-3D-building/commit/a5bf6abb4ed87dba180a9c929ca2b6012eaac833">Go</a>"
[2022-06-20 02:51:12]  <INFO>  No new commit in 4 repositories.
[2022-06-20 02:51:50]  <INFO>  No new commit in 4 repositories.
[2022-06-20 02:52:24]  <INFO>  No new commit in 4 repositories.
[2022-06-20 02:52:57]  <INFO>  No new commit in 4 repositories.
[2022-06-20 02:53:37]  <INFO>  No new commit in 4 repositories.
Telegram connected: username = github65bot
[2022-06-20 02:54:21]  <INFO>  No new commit in 4 repositories.
[2022-06-20 02:54:56]  <INFO>  No new commit in 4 repositories.
Telegram connected: username = github65bot
[2022-06-20 02:55:26]  <INFO>  No new commit in 4 repositories.
Telegram connected: username = github65bot
[2022-06-20 02:55:50]  <INFO>  No new commit in 4 repositories.
[2022-06-20 02:56:23]  <INFO>  No new commit in 4 repositories.
[2022-06-20 02:57:01]  <INFO>  No new commit in 4 repositories.
[2022-06-20 02:57:37]  <INFO>  No new commit in 4 repositories.
[2022-06-20 02:58:10]  <INFO>  No new commit in 4 repositories.
[2022-06-20 02:58:44]  <INFO>  No new commit in 4 repositories.
[2022-06-20 02:59:21]  <INFO>  No new commit in 4 repositories.
[2022-06-20 02:59:55]  <INFO>  No new commit in 4 repositories.
[2022-06-20 03:00:29]  <INFO>  No new commit in 4 repositories.
[2022-06-20 03:01:04]  <INFO>  No new commit in 4 repositories.
[2022-06-20 03:01:38]  <INFO>  No new commit in 4 repositories.
[2022-06-20 03:02:20]  <INFO>  No new commit in 4 repositories.
[2022-06-20 03:02:56]  <INFO>  No new commit in 4 repositories.
[2022-06-20 03:03:29]  <INFO>  No new commit in 4 repositories.
[2022-06-20 03:04:03]  <INFO>  No new commit in 4 repositories.
[2022-06-20 03:04:37]  <INFO>  No new commit in 4 repositories.
Telegram connected: username = github65bot
[2022-06-20 03:24:40]  <INFO>  No new commit in 4 repositories.
[2022-06-20 03:25:14]  <INFO>  No new commit in 4 repositories.
[2022-06-20 03:25:36]  "/list_added_repo" from chainguarder. chatId = 5545606145, messageId = 368
[2022-06-20 03:25:48]  "/list_auth_user" from chainguarder. chatId = 5545606145, messageId = 370
[2022-06-20 03:25:48]  <INFO>  No new commit in 4 repositories.
[2022-06-20 03:26:22]  <INFO>  No new commit in 4 repositories.
[2022-06-20 03:26:53]  "/add_auth_user" from chainguarder. chatId = 5545606145, messageId = 372
[2022-06-20 03:26:56]  <INFO>  No new commit in 4 repositories.
[2022-06-20 03:26:56]  "timeworn007" from chainguarder. chatId = 5545606145, messageId = 374
[2022-06-20 03:26:57]  <ERROR>  failed to add Telegram User 'timeworn007'
	Duplicate entry 'timeworn007' for key 'tbl_telegram_account.PRIMARY'
[2022-06-20 03:27:30]  <INFO>  No new commit in 4 repositories.
[2022-06-20 03:28:03]  <INFO>  No new commit in 4 repositories.
[2022-06-20 03:28:41]  <INFO>  No new commit in 4 repositories.
[2022-06-20 03:29:16]  <INFO>  No new commit in 4 repositories.
[2022-06-20 03:29:53]  <INFO>  No new commit in 4 repositories.
[2022-06-20 03:30:29]  <INFO>  No new commit in 4 repositories.
[2022-06-20 03:31:02]  <INFO>  No new commit in 4 repositories.
[2022-06-20 03:31:36]  <INFO>  No new commit in 4 repositories.
[2022-06-20 03:32:11]  <INFO>  No new commit in 4 repositories.
[2022-06-20 03:32:44]  <INFO>  No new commit in 4 repositories.
[2022-06-20 03:33:19]  <INFO>  No new commit in 4 repositories.
[2022-06-20 03:33:53]  <INFO>  No new commit in 4 repositories.
[2022-06-20 03:34:35]  <INFO>  No new commit in 4 repositories.
Telegram connected: username = github65bot
[2022-06-20 03:35:18]  <INFO>  No new commit in 4 repositories.
[2022-06-20 03:35:47]  "/add_auth_user" from chainguarder. chatId = 5545606145, messageId = 376
[2022-06-20 03:35:50]  "timeworn007" from chainguarder. chatId = 5545606145, messageId = 378
[2022-06-20 03:35:51]  replied: "Telegram User 'timeworn007' already added."
[2022-06-20 03:35:51]  <INFO>  No new commit in 4 repositories.
[2022-06-20 03:36:03]  "/add_notify_user" from chainguarder. chatId = 5545606145, messageId = 380
[2022-06-20 03:36:14]  "timeworn007" from chainguarder. chatId = 5545606145, messageId = 382
[2022-06-20 03:36:15]  replied: "Telegram User 'timeworn007' already added."
[2022-06-20 03:36:26]  <INFO>  No new commit in 4 repositories.
[2022-06-20 03:37:00]  <INFO>  No new commit in 4 repositories.
[2022-06-20 03:37:13]  "/add_notify_user" from chainguarder. chatId = 5545606145, messageId = 384
[2022-06-20 03:37:15]  "fefefe" from chainguarder. chatId = 5545606145, messageId = 386
[2022-06-20 03:37:16]  replied: "Successfully added repository 'fefefe'"
[2022-06-20 03:37:25]  "/remove_auth_user" from chainguarder. chatId = 5545606145, messageId = 388
[2022-06-20 03:37:28]  "eee" from chainguarder. chatId = 5545606145, messageId = 390
[2022-06-20 03:37:28]  replied: "Telegram User 'eee' does not exist."
[2022-06-20 03:37:32]  "re" from chainguarder. chatId = 5545606145, messageId = 392
[2022-06-20 03:37:33]  <INFO>  No new commit in 4 repositories.
[2022-06-20 03:37:34]  "/remove_auth_user" from chainguarder. chatId = 5545606145, messageId = 393
[2022-06-20 03:37:38]  "fefefe" from chainguarder. chatId = 5545606145, messageId = 395
[2022-06-20 03:37:38]  replied: "'fefefe' is not auth user."
[2022-06-20 03:37:48]  "/remove_notify_user" from chainguarder. chatId = 5545606145, messageId = 397
[2022-06-20 03:37:50]  "fefefe" from chainguarder. chatId = 5545606145, messageId = 399
[2022-06-20 03:37:51]  replied: "Successfully deleted Telegram User 'fefefe'"
[2022-06-20 03:38:09]  <INFO>  No new commit in 4 repositories.
[2022-06-20 03:38:43]  <INFO>  No new commit in 4 repositories.
[2022-06-20 03:39:17]  <INFO>  No new commit in 4 repositories.
[2022-06-20 03:39:51]  <INFO>  No new commit in 4 repositories.
[2022-06-20 03:40:25]  <INFO>  No new commit in 4 repositories.
[2022-06-20 03:40:59]  <INFO>  No new commit in 4 repositories.
[2022-06-20 03:41:32]  <INFO>  No new commit in 4 repositories.
