Telegram connected: username = github65bot
[2022-06-21 00:52:13]  <INFO>  No new commit in 4 repositories.
Telegram connected: username = github65bot
[2022-06-21 00:52:57]  <INFO>  1 new commits on xcellent-dev/QuizDrop
[2022-06-21 00:52:58]  Message sent to @chainguarder: Repository initialized:  <a href="https://github.com/xcellent-dev/QuizDrop/">xcellent-dev/QuizDrop</a>  (1 commits)
[2022-06-21 00:52:58]  Message sent to @timeworn007: Repository initialized:  <a href="https://github.com/xcellent-dev/QuizDrop/">xcellent-dev/QuizDrop</a>  (1 commits)
[2022-06-21 00:52:58]  Message sent to @github65bot_test: Repository initialized:  <a href="https://github.com/xcellent-dev/QuizDrop/">xcellent-dev/QuizDrop</a>  (1 commits)
[2022-06-21 00:53:01]  <INFO>  9 new commits on xcellent-dev/Ryan
[2022-06-21 00:53:01]  Message sent to @chainguarder: Repository initialized:  <a href="https://github.com/xcellent-dev/Ryan/">xcellent-dev/Ryan</a>  (9 commits)
[2022-06-21 00:53:01]  Message sent to @timeworn007: Repository initialized:  <a href="https://github.com/xcellent-dev/Ryan/">xcellent-dev/Ryan</a>  (9 commits)
[2022-06-21 00:53:01]  Message sent to @github65bot_test: Repository initialized:  <a href="https://github.com/xcellent-dev/Ryan/">xcellent-dev/Ryan</a>  (9 commits)
[2022-06-21 00:53:02]  <INFO>  1 new commits on xcellent-dev/Velvet_Test2
[2022-06-21 00:53:03]  Message sent to @chainguarder: Repository initialized:  <a href="https://github.com/xcellent-dev/Velvet_Test2/">xcellent-dev/Velvet_Test2</a>  (1 commits)
[2022-06-21 00:53:03]  Message sent to @timeworn007: Repository initialized:  <a href="https://github.com/xcellent-dev/Velvet_Test2/">xcellent-dev/Velvet_Test2</a>  (1 commits)
[2022-06-21 00:53:03]  Message sent to @github65bot_test: Repository initialized:  <a href="https://github.com/xcellent-dev/Velvet_Test2/">xcellent-dev/Velvet_Test2</a>  (1 commits)
[2022-06-21 00:53:04]  <INFO>  1 new commits on xcellent-dev/web-3D-building
[2022-06-21 00:53:04]  Message sent to @chainguarder: Repository initialized:  <a href="https://github.com/xcellent-dev/web-3D-building/">xcellent-dev/web-3D-building</a>  (1 commits)
[2022-06-21 00:53:04]  Message sent to @timeworn007: Repository initialized:  <a href="https://github.com/xcellent-dev/web-3D-building/">xcellent-dev/web-3D-building</a>  (1 commits)
[2022-06-21 00:53:04]  Message sent to @github65bot_test: Repository initialized:  <a href="https://github.com/xcellent-dev/web-3D-building/">xcellent-dev/web-3D-building</a>  (1 commits)
[2022-06-21 00:53:04]  <INFO>  12 new commits in 4 repositories.
[2022-06-21 00:53:47]  <INFO>  No new commit in 4 repositories.
