Telegram connected. id = 5402536436  username = github65bot.
Received a '/set_command' message in chat 5545606145.
Received a '/set_command' message in chat 5545606145.
Received a '/set_command' message in chat 5545606145.
Received a '[ 👨‍💻 Sticker ]' message in chat 5545606145.
Received a '[ 👨‍💻 Sticker ]' message in chat 5545606145.
[2022-06-15 21:20:00]  <WARN>  repository not found: valloon91234/abcdefg
[2022-06-15 21:20:02]  <INFO>  No new commit in 1 repositories.
Received a '/add_repo' message in chat 5545606145.
[2022-06-15 21:21:04]  <WARN>  repository not found: valloon91234/abcdefg
[2022-06-15 21:21:05]  <INFO>  No new commit in 1 repositories.
Received a '/wefweiofjweoijfoweijfoiwejfiwoef' message in chat 5545606145.
Received a '/fewfe fefef wefwef weffwef wefw9uw0' message in chat 5545606145.
Telegram connected. id = 5402536436  username = github65bot.
[2022-06-15 21:25:34]  <WARN>  repository not found: valloon91234/abcdefg
[2022-06-15 21:25:36]  <INFO>  No new commit in 1 repositories.
Received a 'efef' message in chat 5545606145. chainguarder
[2022-06-15 21:26:08]  <WARN>  repository not found: valloon91234/abcdefg
[2022-06-15 21:26:10]  <INFO>  No new commit in 1 repositories.
[2022-06-15 21:26:42]  <WARN>  repository not found: valloon91234/abcdefg
[2022-06-15 21:26:42]  <INFO>  No new commit in 1 repositories.
[2022-06-15 21:27:16]  <WARN>  repository not found: valloon91234/abcdefg
[2022-06-15 21:27:17]  <INFO>  No new commit in 1 repositories.
[2022-06-15 21:27:48]  <WARN>  repository not found: valloon91234/abcdefg
[2022-06-15 21:27:49]  <INFO>  No new commit in 1 repositories.
[2022-06-15 21:28:20]  <WARN>  repository not found: valloon91234/abcdefg
[2022-06-15 21:28:21]  <INFO>  No new commit in 1 repositories.
[2022-06-15 21:28:54]  <WARN>  repository not found: valloon91234/abcdefg
[2022-06-15 21:28:57]  <INFO>  No new commit in 1 repositories.
[2022-06-15 21:29:30]  <WARN>  repository not found: valloon91234/abcdefg
[2022-06-15 21:29:31]  <INFO>  No new commit in 1 repositories.
[2022-06-15 21:30:03]  <WARN>  repository not found: valloon91234/abcdefg
[2022-06-15 21:30:05]  <INFO>  No new commit in 1 repositories.
[2022-06-15 21:30:36]  <WARN>  repository not found: valloon91234/abcdefg
[2022-06-15 21:30:37]  <INFO>  No new commit in 1 repositories.
[2022-06-15 21:31:10]  <WARN>  repository not found: valloon91234/abcdefg
[2022-06-15 21:31:11]  <INFO>  No new commit in 1 repositories.
Telegram connected. username = github65bot.
[2022-06-15 21:56:19]  <WARN>  repository not found: valloon91234/abcdefg
[2022-06-15 21:56:21]  <INFO>  No new commit in 1 repositories.
Received a '/list_repo' message in chat 5545606145.
[2022-06-15 21:56:53]  <WARN>  repository not found: valloon91234/abcdefg
[2022-06-15 21:56:55]  <INFO>  No new commit in 1 repositories.
Received a '/list_repo' message in chat 5545606145.
Received a '/list_all_repo' message in chat 5545606145.
Telegram connected. username = github65bot.
[2022-06-15 21:57:32]  <WARN>  repository not found: valloon91234/abcdefg
[2022-06-15 21:57:33]  <INFO>  No new commit in 1 repositories.
Received a '/list_all_repo' message in chat 5545606145.
[2022-06-15 21:58:06]  <WARN>  repository not found: valloon91234/abcdefg
[2022-06-15 21:58:07]  <INFO>  No new commit in 1 repositories.
Received a '/list_added_repo' message in chat 5545606145.
[2022-06-15 21:58:38]  <WARN>  repository not found: valloon91234/abcdefg
[2022-06-15 21:58:39]  <INFO>  No new commit in 1 repositories.
[2022-06-15 21:59:13]  <WARN>  repository not found: valloon91234/abcdefg
[2022-06-15 21:59:14]  <INFO>  No new commit in 1 repositories.
[2022-06-15 21:59:48]  <WARN>  repository not found: valloon91234/abcdefg
[2022-06-15 21:59:50]  <INFO>  No new commit in 1 repositories.
[2022-06-15 22:00:22]  <WARN>  repository not found: valloon91234/abcdefg
[2022-06-15 22:00:24]  <INFO>  No new commit in 1 repositories.
[2022-06-15 22:00:56]  <WARN>  repository not found: valloon91234/abcdefg
[2022-06-15 22:00:57]  <INFO>  No new commit in 1 repositories.
[2022-06-15 22:01:33]  <WARN>  repository not found: valloon91234/abcdefg
[2022-06-15 22:01:34]  <INFO>  No new commit in 1 repositories.
[2022-06-15 22:02:06]  <WARN>  repository not found: valloon91234/abcdefg
[2022-06-15 22:02:07]  <INFO>  No new commit in 1 repositories.
[2022-06-15 22:02:40]  <WARN>  repository not found: valloon91234/abcdefg
[2022-06-15 22:02:40]  <INFO>  No new commit in 1 repositories.
[2022-06-15 22:03:13]  <WARN>  repository not found: valloon91234/abcdefg
[2022-06-15 22:03:14]  <INFO>  No new commit in 1 repositories.
[2022-06-15 22:03:45]  <WARN>  repository not found: valloon91234/abcdefg
[2022-06-15 22:03:46]  <INFO>  No new commit in 1 repositories.
[2022-06-15 22:04:17]  <WARN>  repository not found: valloon91234/abcdefg
[2022-06-15 22:04:18]  <INFO>  No new commit in 1 repositories.
[2022-06-15 22:04:49]  <WARN>  repository not found: valloon91234/abcdefg
[2022-06-15 22:04:51]  <INFO>  No new commit in 1 repositories.
[2022-06-15 22:05:24]  <WARN>  repository not found: valloon91234/abcdefg
[2022-06-15 22:05:25]  <INFO>  No new commit in 1 repositories.
[2022-06-15 22:05:57]  <WARN>  repository not found: valloon91234/abcdefg
[2022-06-15 22:05:58]  <INFO>  No new commit in 1 repositories.
[2022-06-15 22:06:29]  <WARN>  repository not found: valloon91234/abcdefg
[2022-06-15 22:06:30]  <INFO>  No new commit in 1 repositories.
[2022-06-15 22:07:04]  <WARN>  repository not found: valloon91234/abcdefg
[2022-06-15 22:07:06]  <INFO>  No new commit in 1 repositories.
[2022-06-15 22:07:38]  <WARN>  repository not found: valloon91234/abcdefg
[2022-06-15 22:07:39]  <INFO>  No new commit in 1 repositories.
[2022-06-15 22:08:11]  <WARN>  repository not found: valloon91234/abcdefg
[2022-06-15 22:08:12]  <INFO>  No new commit in 1 repositories.
[2022-06-15 22:08:44]  <WARN>  repository not found: valloon91234/abcdefg
[2022-06-15 22:08:44]  <INFO>  No new commit in 1 repositories.
[2022-06-15 22:09:17]  <WARN>  repository not found: valloon91234/abcdefg
[2022-06-15 22:09:18]  <INFO>  No new commit in 1 repositories.
[2022-06-15 22:09:49]  <WARN>  repository not found: valloon91234/abcdefg
[2022-06-15 22:09:50]  <INFO>  No new commit in 1 repositories.
[2022-06-15 22:10:21]  <WARN>  repository not found: valloon91234/abcdefg
[2022-06-15 22:10:22]  <INFO>  No new commit in 1 repositories.
[2022-06-15 22:10:53]  <WARN>  repository not found: valloon91234/abcdefg
[2022-06-15 22:10:55]  <INFO>  No new commit in 1 repositories.
[2022-06-15 22:11:27]  <WARN>  repository not found: valloon91234/abcdefg
[2022-06-15 22:11:29]  <INFO>  No new commit in 1 repositories.
[2022-06-15 22:12:01]  <WARN>  repository not found: valloon91234/abcdefg
[2022-06-15 22:12:02]  <INFO>  No new commit in 1 repositories.
[2022-06-15 22:12:38]  <WARN>  repository not found: valloon91234/abcdefg
[2022-06-15 22:12:41]  <INFO>  No new commit in 1 repositories.
Telegram connected. username = github65bot.
[2022-06-15 22:26:36]  <WARN>  repository not found: valloon91234/abcdefg
[2022-06-15 22:26:39]  <INFO>  No new commit in 1 repositories.
Received a '/list_all_repo' message in chat 5545606145.
[2022-06-15 22:27:16]  <WARN>  repository not found: valloon91234/abcdefg
[2022-06-15 22:27:21]  <INFO>  No new commit in 1 repositories.
Received a '/list_all_repo' message in chat 5545606145.
Telegram connected. username = github65bot.
[2022-06-15 22:30:44]  <WARN>  repository not found: valloon91234/abcdefg
[2022-06-15 22:30:46]  <INFO>  No new commit in 1 repositories.
Received a '/list_all_repo' message in chat 5545606145.
Telegram connected. username = github65bot.
Received a '/list_added_repo' message in chat 5545606145.
[2022-06-15 22:33:38]  <WARN>  repository not found: valloon91234/abcdefg
[2022-06-15 22:33:41]  <INFO>  No new commit in 1 repositories.
Received a '/list_added_repo' message in chat 5545606145.
Received a '/list_added_repo' message in chat 5545606145.
Received a '/add_repo' message in chat 5545606145.
[2022-06-15 22:34:18]  <WARN>  repository not found: valloon91234/abcdefg
[2022-06-15 22:34:22]  <INFO>  No new commit in 1 repositories.
Received a 'valloon91234/abcdefg' message in chat 5545606145.
[2022-06-15 22:35:01]  <WARN>  repository not found: valloon91234/abcdefg
[2022-06-15 22:35:04]  <INFO>  No new commit in 1 repositories.
[2022-06-15 22:35:38]  <WARN>  repository not found: valloon91234/abcdefg
[2022-06-15 22:35:40]  <INFO>  No new commit in 1 repositories.
[2022-06-15 22:36:16]  <WARN>  repository not found: valloon91234/abcdefg
[2022-06-15 22:36:16]  <INFO>  No new commit in 1 repositories.
[2022-06-15 22:36:52]  <WARN>  repository not found: valloon91234/abcdefg
[2022-06-15 22:36:53]  <INFO>  No new commit in 1 repositories.
[2022-06-15 22:37:26]  <WARN>  repository not found: valloon91234/abcdefg
[2022-06-15 22:37:27]  <INFO>  No new commit in 1 repositories.
[2022-06-15 22:38:04]  <WARN>  repository not found: valloon91234/abcdefg
[2022-06-15 22:38:05]  <INFO>  No new commit in 1 repositories.
Telegram connected: username = github65bot.
[2022-06-15 22:43:32]  <WARN>  repository not found: valloon91234/abcdefg
[2022-06-15 22:43:35]  <INFO>  No new commit in 1 repositories.
Received a '/list_all_repo' message in chat 5545606145.
[2022-06-15 22:44:07]  <WARN>  repository not found: valloon91234/abcdefg
[2022-06-15 22:44:08]  <INFO>  No new commit in 1 repositories.
Received a '/list_added_repo' message in chat 5545606145.
Received a '/add_repo' message in chat 5545606145.
[2022-06-15 22:44:39]  <WARN>  repository not found: valloon91234/abcdefg
Received a 'valloon91234/abcdefg' message in chat 5545606145.
[2022-06-15 22:44:46]  <WARN>  repository not found: valloon91234/abcdefg
[2022-06-15 22:44:47]  <INFO>  No new commit in 1 repositories.
Received a 'exit' message in chat 5545606145.
Received a 'fefef' message in chat 5545606145.
Received a '/add_repo' message in chat 5545606145.
Received a 'valloon91234/cryptoever.store' message in chat 5545606145.
[2022-06-15 22:45:25]  <WARN>  repository not found: valloon91234/abcdefg
[2022-06-15 22:45:27]  <INFO>  No new commit in 1 repositories.
Received a 'valloon91234/ValloonShot' message in chat 5545606145.
Received a 'valloon91234/ValloonShot' message in chat 5545606145.
[2022-06-15 22:46:01]  <WARN>  repository not found: valloon91234/abcdefg
[2022-06-15 22:46:03]  <INFO>  No new commit in 1 repositories.
Received a '/add_repo' message in chat 5545606145.
Received a 'valloon91234/ValloonShot' message in chat 5545606145.
[2022-06-15 22:46:35]  <WARN>  repository not found: valloon91234/abcdefg
[2022-06-15 22:46:39]  <INFO>  3 new commits on valloon91234/ValloonShot
[2022-06-15 22:46:39]  <INFO>  3 new commits in 2 repositories.
[2022-06-15 22:47:15]  <WARN>  repository not found: valloon91234/abcdefg
[2022-06-15 22:47:20]  <INFO>  No new commit in 2 repositories.
[2022-06-15 22:47:51]  <WARN>  repository not found: valloon91234/abcdefg
[2022-06-15 22:47:55]  <INFO>  No new commit in 2 repositories.
[2022-06-15 22:48:28]  <WARN>  repository not found: valloon91234/abcdefg
[2022-06-15 22:48:31]  <INFO>  No new commit in 2 repositories.
[2022-06-15 22:49:04]  <WARN>  repository not found: valloon91234/abcdefg
[2022-06-15 22:49:05]  <INFO>  No new commit in 2 repositories.
[2022-06-15 22:49:42]  <WARN>  repository not found: valloon91234/abcdefg
[2022-06-15 22:49:46]  <INFO>  No new commit in 2 repositories.
Telegram connected: username = github65bot.
[2022-06-15 22:53:07]  <WARN>  repository not found: valloon91234/abcdefg
[2022-06-15 22:53:13]  <INFO>  No new commit in 2 repositories.
Telegram connected: username = github65bot.
[2022-06-15 22:53:45]  <WARN>  repository not found: valloon91234/abcdefg
[2022-06-15 22:53:47]  <INFO>  No new commit in 2 repositories.
[2022-06-15 22:54:19]  <WARN>  repository not found: valloon91234/abcdefg
MySql.Data.MySqlClient.MySqlException (0x80004005): You have an error in your SQL syntax; check the manual that corresponds to your MySQL server version for the right syntax to use near ')' at line 1
   at MySql.Data.MySqlClient.MySqlStream.ReadPacket()
   at MySql.Data.MySqlClient.NativeDriver.PrepareStatement(String sql, MySqlField[]& parameters)
   at MySql.Data.MySqlClient.Driver.PrepareStatement(String sql, MySqlField[]& parameters)
   at MySql.Data.MySqlClient.PreparableStatement.Prepare()
   at MySql.Data.MySqlClient.MySqlCommand.Prepare(Int32 cursorPageSize)
   at MySql.Data.MySqlClient.MySqlCommand.Prepare()
   at Github2Telegram.Dao.GithubRepoDao.Delete(String account, String name) in D:\Valloon\Workspace\VisualStudio2022\Github2Telegram\Github2Telegram\Dao\GithubRepoDao.cs:line 68
   at Github2Telegram.TelegramClient.HandleUpdateAsync(ITelegramBotClient botClient, Update update, CancellationToken cancellationToken) in D:\Valloon\Workspace\VisualStudio2022\Github2Telegram\Github2Telegram\TelegramClient.cs:line 219
   at Telegram.Bot.Extensions.Polling.DefaultUpdateHandler.HandleUpdateAsync(ITelegramBotClient botClient, Update update, CancellationToken cancellationToken)
   at Telegram.Bot.Extensions.Polling.DefaultUpdateReceiver.ReceiveAsync(IUpdateHandler updateHandler, CancellationToken cancellationToken)
   at Telegram.Bot.TelegramBotClientPollingExtensions.ReceiveAsync(ITelegramBotClient botClient, IUpdateHandler updateHandler, ReceiverOptions receiverOptions, CancellationToken cancellationToken)
   at Telegram.Bot.TelegramBotClientPollingExtensions.<>c__DisplayClass3_0.<<StartReceiving>b__0>d.MoveNext()
[2022-06-15 22:54:21]  <INFO>  No new commit in 2 repositories.
[2022-06-15 22:54:53]  <WARN>  repository not found: valloon91234/abcdefg
[2022-06-15 22:54:56]  <INFO>  No new commit in 2 repositories.
[2022-06-15 22:55:31]  <WARN>  repository not found: valloon91234/abcdefg
[2022-06-15 22:55:33]  <INFO>  No new commit in 2 repositories.
[2022-06-15 22:56:08]  <WARN>  repository not found: valloon91234/abcdefg
[2022-06-15 22:56:10]  <INFO>  No new commit in 2 repositories.
[2022-06-15 22:56:44]  <WARN>  repository not found: valloon91234/abcdefg
[2022-06-15 22:56:46]  <INFO>  No new commit in 2 repositories.
[2022-06-15 22:57:18]  <WARN>  repository not found: valloon91234/abcdefg
[2022-06-15 22:57:20]  <INFO>  No new commit in 2 repositories.
[2022-06-15 22:57:52]  <WARN>  repository not found: valloon91234/abcdefg
[2022-06-15 22:57:53]  <INFO>  No new commit in 2 repositories.
Telegram connected: username = github65bot.
[2022-06-15 22:58:22]  <WARN>  repository not found: valloon91234/abcdefg
Telegram connected: username = github65bot.
[2022-06-15 22:59:34]  <WARN>  repository not found: valloon91234/abcdefg
[2022-06-15 22:59:50]  <INFO>  No new commit in 2 repositories.
MySql.Data.MySqlClient.MySqlException (0x80004005): You have an error in your SQL syntax; check the manual that corresponds to your MySQL server version for the right syntax to use near ')' at line 1
   at MySql.Data.MySqlClient.MySqlStream.ReadPacket()
   at MySql.Data.MySqlClient.NativeDriver.PrepareStatement(String sql, MySqlField[]& parameters)
   at MySql.Data.MySqlClient.Driver.PrepareStatement(String sql, MySqlField[]& parameters)
   at MySql.Data.MySqlClient.PreparableStatement.Prepare()
   at MySql.Data.MySqlClient.MySqlCommand.Prepare(Int32 cursorPageSize)
   at MySql.Data.MySqlClient.MySqlCommand.Prepare()
   at Github2Telegram.Dao.GithubRepoDao.Delete(String account, String name) in D:\Valloon\Workspace\VisualStudio2022\Github2Telegram\Github2Telegram\Dao\GithubRepoDao.cs:line 68
   at Github2Telegram.TelegramClient.HandleUpdateAsync(ITelegramBotClient botClient, Update update, CancellationToken cancellationToken) in D:\Valloon\Workspace\VisualStudio2022\Github2Telegram\Github2Telegram\TelegramClient.cs:line 219
   at Telegram.Bot.Extensions.Polling.DefaultUpdateHandler.HandleUpdateAsync(ITelegramBotClient botClient, Update update, CancellationToken cancellationToken)
   at Telegram.Bot.Extensions.Polling.DefaultUpdateReceiver.ReceiveAsync(IUpdateHandler updateHandler, CancellationToken cancellationToken)
   at Telegram.Bot.TelegramBotClientPollingExtensions.ReceiveAsync(ITelegramBotClient botClient, IUpdateHandler updateHandler, ReceiverOptions receiverOptions, CancellationToken cancellationToken)
   at Telegram.Bot.TelegramBotClientPollingExtensions.<>c__DisplayClass3_0.<<StartReceiving>b__0>d.MoveNext()
[2022-06-15 23:00:23]  <WARN>  repository not found: valloon91234/abcdefg
[2022-06-15 23:00:26]  <INFO>  No new commit in 2 repositories.
[2022-06-15 23:01:00]  <WARN>  repository not found: valloon91234/abcdefg
[2022-06-15 23:01:03]  <INFO>  No new commit in 2 repositories.
[2022-06-15 23:01:35]  <WARN>  repository not found: valloon91234/abcdefg
[2022-06-15 23:01:37]  <INFO>  No new commit in 2 repositories.
[2022-06-15 23:02:09]  <WARN>  repository not found: valloon91234/abcdefg
[2022-06-15 23:02:10]  <INFO>  No new commit in 2 repositories.
[2022-06-15 23:02:43]  <WARN>  repository not found: valloon91234/abcdefg
[2022-06-15 23:02:44]  <INFO>  No new commit in 1 repositories.
Telegram connected: username = github65bot.
[2022-06-15 23:03:22]  <WARN>  repository not found: valloon91234/abcdefg
[2022-06-15 23:03:24]  <INFO>  No new commit in 2 repositories.
MySql.Data.MySqlClient.MySqlException (0x80004005): You have an error in your SQL syntax; check the manual that corresponds to your MySQL server version for the right syntax to use near ')' at line 1
   at MySql.Data.MySqlClient.MySqlStream.ReadPacket()
   at MySql.Data.MySqlClient.NativeDriver.PrepareStatement(String sql, MySqlField[]& parameters)
   at MySql.Data.MySqlClient.Driver.PrepareStatement(String sql, MySqlField[]& parameters)
   at MySql.Data.MySqlClient.PreparableStatement.Prepare()
   at MySql.Data.MySqlClient.MySqlCommand.Prepare(Int32 cursorPageSize)
   at MySql.Data.MySqlClient.MySqlCommand.Prepare()
   at Github2Telegram.Dao.GithubRepoDao.Delete(String account, String name) in D:\Valloon\Workspace\VisualStudio2022\Github2Telegram\Github2Telegram\Dao\GithubRepoDao.cs:line 68
   at Github2Telegram.TelegramClient.HandleUpdateAsync(ITelegramBotClient botClient, Update update, CancellationToken cancellationToken) in D:\Valloon\Workspace\VisualStudio2022\Github2Telegram\Github2Telegram\TelegramClient.cs:line 219
   at Telegram.Bot.Extensions.Polling.DefaultUpdateHandler.HandleUpdateAsync(ITelegramBotClient botClient, Update update, CancellationToken cancellationToken)
   at Telegram.Bot.Extensions.Polling.DefaultUpdateReceiver.ReceiveAsync(IUpdateHandler updateHandler, CancellationToken cancellationToken)
   at Telegram.Bot.TelegramBotClientPollingExtensions.ReceiveAsync(ITelegramBotClient botClient, IUpdateHandler updateHandler, ReceiverOptions receiverOptions, CancellationToken cancellationToken)
   at Telegram.Bot.TelegramBotClientPollingExtensions.<>c__DisplayClass3_0.<<StartReceiving>b__0>d.MoveNext()
[2022-06-15 23:03:58]  <WARN>  repository not found: valloon91234/abcdefg
[2022-06-15 23:04:02]  <INFO>  No new commit in 2 repositories.
Telegram connected: username = github65bot.
[2022-06-15 23:04:31]  <WARN>  repository not found: valloon91234/abcdefg
[2022-06-15 23:04:34]  <INFO>  No new commit in 2 repositories.
Telegram connected: username = github65bot.
[2022-06-15 23:19:09]  <WARN>  repository not found: valloon91234/abcdefg
[2022-06-15 23:19:11]  <INFO>  No new commit in 2 repositories.
[2022-06-15 23:19:44]  <WARN>  repository not found: valloon91234/abcdefg
[2022-06-15 23:19:45]  <INFO>  No new commit in 2 repositories.
[2022-06-15 23:20:16]  <WARN>  repository not found: valloon91234/abcdefg
[2022-06-15 23:20:18]  <INFO>  No new commit in 2 repositories.
[2022-06-15 23:20:52]  <WARN>  repository not found: valloon91234/abcdefg
[2022-06-15 23:20:54]  <INFO>  No new commit in 2 repositories.
[2022-06-15 23:21:25]  <WARN>  repository not found: valloon91234/abcdefg
[2022-06-15 23:21:27]  <INFO>  No new commit in 2 repositories.
[2022-06-15 23:21:28]  <ERROR>  failed to add Telegram User 'test_account'
	Parameter '@account' was not found during prepare.
Telegram connected: username = github65bot.
[2022-06-15 23:21:57]  <WARN>  repository not found: valloon91234/abcdefg
[2022-06-15 23:21:58]  <INFO>  No new commit in 2 repositories.
System.InvalidCastException: Unable to cast object of type 'System.DBNull' to type 'System.String'.
   at Github2Telegram.Dao.TelegramAccountDao.SelectAll() in D:\Valloon\Workspace\VisualStudio2022\Github2Telegram\Github2Telegram\Dao\TelegramAccountDao.cs:line 21
   at Github2Telegram.TelegramClient.HandleUpdateAsync(ITelegramBotClient botClient, Update update, CancellationToken cancellationToken) in D:\Valloon\Workspace\VisualStudio2022\Github2Telegram\Github2Telegram\TelegramClient.cs:line 131
   at Telegram.Bot.Extensions.Polling.DefaultUpdateHandler.HandleUpdateAsync(ITelegramBotClient botClient, Update update, CancellationToken cancellationToken)
   at Telegram.Bot.Extensions.Polling.DefaultUpdateReceiver.ReceiveAsync(IUpdateHandler updateHandler, CancellationToken cancellationToken)
   at Telegram.Bot.TelegramBotClientPollingExtensions.ReceiveAsync(ITelegramBotClient botClient, IUpdateHandler updateHandler, ReceiverOptions receiverOptions, CancellationToken cancellationToken)
   at Telegram.Bot.TelegramBotClientPollingExtensions.<>c__DisplayClass3_0.<<StartReceiving>b__0>d.MoveNext()
[2022-06-15 23:22:30]  <WARN>  repository not found: valloon91234/abcdefg
[2022-06-15 23:22:31]  <INFO>  No new commit in 2 repositories.
[2022-06-15 23:23:03]  <WARN>  repository not found: valloon91234/abcdefg
[2022-06-15 23:23:05]  <INFO>  No new commit in 2 repositories.
Telegram connected: username = github65bot.
[2022-06-15 23:23:29]  <WARN>  repository not found: valloon91234/abcdefg
[2022-06-15 23:23:32]  <INFO>  No new commit in 2 repositories.
Telegram connected: username = github65bot.
[2022-06-15 23:40:56]  <WARN>  repository not found: valloon91234/abcdefg
[2022-06-15 23:40:58]  <INFO>  No new commit in 2 repositories.
[2022-06-15 23:41:30]  <WARN>  repository not found: valloon91234/abcdefg
[2022-06-15 23:41:31]  <INFO>  No new commit in 2 repositories.
[2022-06-15 23:42:03]  <WARN>  repository not found: valloon91234/abcdefg
[2022-06-15 23:42:04]  <INFO>  No new commit in 2 repositories.
[2022-06-15 23:42:36]  <WARN>  repository not found: valloon91234/abcdefg
[2022-06-15 23:42:38]  <INFO>  No new commit in 2 repositories.
[2022-06-15 23:43:09]  <WARN>  repository not found: valloon91234/abcdefg
[2022-06-15 23:43:12]  <INFO>  No new commit in 2 repositories.
[2022-06-15 23:43:43]  <WARN>  repository not found: valloon91234/abcdefg
[2022-06-15 23:43:45]  <INFO>  No new commit in 2 repositories.
Telegram connected: username = github65bot.
[2022-06-15 23:47:15]  <WARN>  repository not found: valloon91234/abcdefg
[2022-06-15 23:47:17]  <INFO>  No new commit in 2 repositories.
[2022-06-15 23:47:48]  <WARN>  repository not found: valloon91234/abcdefg
[2022-06-15 23:47:50]  <INFO>  No new commit in 2 repositories.
[2022-06-15 23:48:23]  <WARN>  repository not found: valloon91234/abcdefg
[2022-06-15 23:48:27]  <INFO>  No new commit in 2 repositories.
[2022-06-15 23:49:04]  <WARN>  repository not found: valloon91234/abcdefg
[2022-06-15 23:49:09]  <INFO>  No new commit in 2 repositories.
Telegram connected: username = github65bot.
[2022-06-15 23:51:10]  <WARN>  repository not found: valloon91234/abcdefg
[2022-06-15 23:51:11]  <INFO>  No new commit in 2 repositories.
[2022-06-15 23:51:42]  <WARN>  repository not found: valloon91234/abcdefg
[2022-06-15 23:51:45]  <INFO>  No new commit in 2 repositories.
[2022-06-15 23:52:16]  <WARN>  repository not found: valloon91234/abcdefg
[2022-06-15 23:52:17]  <INFO>  No new commit in 2 repositories.
[2022-06-15 23:52:48]  <WARN>  repository not found: valloon91234/abcdefg
[2022-06-15 23:52:50]  <INFO>  No new commit in 2 repositories.
[2022-06-15 23:53:21]  <WARN>  repository not found: valloon91234/abcdefg
[2022-06-15 23:53:23]  <INFO>  No new commit in 2 repositories.
[2022-06-15 23:53:55]  <WARN>  repository not found: valloon91234/abcdefg
[2022-06-15 23:53:58]  <INFO>  1 new commits on valloon91234/ValloonBybit
[2022-06-15 23:54:00]  <INFO>  1 new commits in 3 repositories.
[2022-06-15 23:54:02]  <WARN>  repository not found: valloon91234/ValloonBybit3
[2022-06-15 23:54:33]  <WARN>  repository not found: valloon91234/abcdefg
[2022-06-15 23:54:37]  <INFO>  No new commit in 3 repositories.
[2022-06-15 23:55:10]  <WARN>  repository not found: valloon91234/abcdefg
[2022-06-15 23:55:14]  <INFO>  No new commit in 2 repositories.
[2022-06-15 23:55:45]  <WARN>  repository not found: valloon91234/abcdefg
[2022-06-15 23:55:48]  <INFO>  No new commit in 2 repositories.
[2022-06-15 23:56:23]  <WARN>  repository not found: valloon91234/abcdefg
[2022-06-15 23:56:30]  <INFO>  No new commit in 2 repositories.
[2022-06-15 23:57:07]  <WARN>  repository not found: valloon91234/abcdefg
[2022-06-15 23:57:11]  <INFO>  No new commit in 2 repositories.
[2022-06-15 23:57:46]  <WARN>  repository not found: valloon91234/abcdefg
[2022-06-15 23:57:50]  <INFO>  No new commit in 2 repositories.
[2022-06-15 23:58:22]  <WARN>  repository not found: valloon91234/abcdefg
[2022-06-15 23:58:25]  <INFO>  No new commit in 2 repositories.
[2022-06-15 23:58:58]  <WARN>  repository not found: valloon91234/abcdefg
[2022-06-15 23:59:01]  <INFO>  No new commit in 2 repositories.
[2022-06-15 23:59:35]  <WARN>  repository not found: valloon91234/abcdefg
[2022-06-15 23:59:38]  <INFO>  No new commit in 2 repositories.
