Telegram connected: username = github65bot
[2022-06-17 03:56:22]  <INFO>  No new commit in 4 repositories.
[2022-06-17 03:57:00]  <INFO>  No new commit in 4 repositories.
[2022-06-17 03:57:46]  <INFO>  No new commit in 4 repositories.
[2022-06-17 03:58:31]  <INFO>  No new commit in 4 repositories.
[2022-06-17 03:59:07]  <INFO>  No new commit in 4 repositories.
Telegram connected: username = github65bot
[2022-06-17 04:04:17]  <INFO>  No new commit in 4 repositories.
Telegram connected: username = github65bot
[2022-06-17 04:17:44]  <INFO>  No new commit in 4 repositories.
MySql.Data.MySqlClient.MySqlException (0x80004005): There is already an open DataReader associated with this Connection which must be closed first.
   at MySql.Data.MySqlClient.Interceptors.ExceptionInterceptor.Throw(Exception exception)
   at MySql.Data.MySqlClient.MySqlConnection.Throw(Exception ex)
   at MySql.Data.MySqlClient.MySqlCommand.Throw(Exception ex)
   at MySql.Data.MySqlClient.MySqlCommand.CheckState()
   at MySql.Data.MySqlClient.MySqlCommand.ExecuteReader(CommandBehavior behavior)
   at MySql.Data.MySqlClient.MySqlCommand.ExecuteReader()
   at Github2Telegram.Dao.GithubRepoDao.SelectAll() in D:\Valloon\Workspace\VisualStudio2022\Github2Telegram\Github2Telegram\Dao\GithubRepoDao.cs:line 18
   at Github2Telegram.TelegramClient.HandleUpdateAsync(ITelegramBotClient botClient, Update update, CancellationToken cancellationToken) in D:\Valloon\Workspace\VisualStudio2022\Github2Telegram\Github2Telegram\TelegramClient.cs:line 109
   at Telegram.Bot.Extensions.Polling.DefaultUpdateHandler.HandleUpdateAsync(ITelegramBotClient botClient, Update update, CancellationToken cancellationToken)
   at Telegram.Bot.Extensions.Polling.DefaultUpdateReceiver.ReceiveAsync(IUpdateHandler updateHandler, CancellationToken cancellationToken)
   at Telegram.Bot.TelegramBotClientPollingExtensions.ReceiveAsync(ITelegramBotClient botClient, IUpdateHandler updateHandler, ReceiverOptions receiverOptions, CancellationToken cancellationToken)
   at Telegram.Bot.TelegramBotClientPollingExtensions.<>c__DisplayClass3_0.<<StartReceiving>b__0>d.MoveNext()
Telegram connected: username = github65bot
[2022-06-17 04:18:47]  <INFO>  No new commit in 4 repositories.
