[2022-06-16 00:00:09]  <WARN>  repository not found: valloon91234/abcdefg
[2022-06-16 00:00:12]  <INFO>  No new commit in 2 repositories.
[2022-06-16 00:00:43]  <WARN>  repository not found: valloon91234/abcdefg
[2022-06-16 00:00:45]  <INFO>  No new commit in 2 repositories.
[2022-06-16 00:01:17]  <WARN>  repository not found: valloon91234/abcdefg
[2022-06-16 00:01:20]  <INFO>  No new commit in 2 repositories.
[2022-06-16 00:01:53]  <WARN>  repository not found: valloon91234/abcdefg
[2022-06-16 00:01:54]  <INFO>  No new commit in 2 repositories.
[2022-06-16 00:02:28]  <WARN>  repository not found: valloon91234/abcdefg
[2022-06-16 00:02:30]  <INFO>  No new commit in 2 repositories.
[2022-06-16 00:03:02]  <WARN>  repository not found: valloon91234/abcdefg
[2022-06-16 00:03:04]  <INFO>  No new commit in 2 repositories.
[2022-06-16 00:03:39]  <WARN>  repository not found: valloon91234/abcdefg
[2022-06-16 00:03:44]  <INFO>  No new commit in 2 repositories.
[2022-06-16 00:04:17]  <WARN>  repository not found: valloon91234/abcdefg
[2022-06-16 00:04:19]  <INFO>  No new commit in 2 repositories.
[2022-06-16 00:04:51]  <WARN>  repository not found: valloon91234/abcdefg
[2022-06-16 00:04:53]  <INFO>  No new commit in 2 repositories.
[2022-06-16 00:05:29]  <WARN>  repository not found: valloon91234/abcdefg
[2022-06-16 00:05:30]  <INFO>  No new commit in 2 repositories.
[2022-06-16 00:06:02]  <WARN>  repository not found: valloon91234/abcdefg
[2022-06-16 00:06:03]  <INFO>  No new commit in 2 repositories.
[2022-06-16 00:06:37]  <WARN>  repository not found: valloon91234/abcdefg
[2022-06-16 00:06:42]  <INFO>  No new commit in 2 repositories.
[2022-06-16 00:07:15]  <WARN>  repository not found: valloon91234/abcdefg
[2022-06-16 00:07:17]  <INFO>  No new commit in 2 repositories.
[2022-06-16 00:07:50]  <WARN>  repository not found: valloon91234/abcdefg
[2022-06-16 00:07:51]  <INFO>  No new commit in 2 repositories.
[2022-06-16 00:08:22]  <WARN>  repository not found: valloon91234/abcdefg
[2022-06-16 00:08:25]  <INFO>  No new commit in 2 repositories.
[2022-06-16 00:08:58]  <WARN>  repository not found: valloon91234/abcdefg
[2022-06-16 00:09:01]  <INFO>  No new commit in 2 repositories.
[2022-06-16 00:09:36]  <WARN>  repository not found: valloon91234/abcdefg
[2022-06-16 00:09:39]  <INFO>  No new commit in 2 repositories.
[2022-06-16 00:10:12]  <WARN>  repository not found: valloon91234/abcdefg
[2022-06-16 00:10:14]  <INFO>  No new commit in 2 repositories.
[2022-06-16 00:10:45]  <WARN>  repository not found: valloon91234/abcdefg
[2022-06-16 00:10:46]  <INFO>  No new commit in 2 repositories.
[2022-06-16 00:11:18]  <WARN>  repository not found: valloon91234/abcdefg
[2022-06-16 00:11:19]  <INFO>  No new commit in 2 repositories.
[2022-06-16 00:11:51]  <WARN>  repository not found: valloon91234/abcdefg
[2022-06-16 00:11:53]  <INFO>  No new commit in 2 repositories.
[2022-06-16 00:12:25]  <WARN>  repository not found: valloon91234/abcdefg
[2022-06-16 00:12:27]  <INFO>  No new commit in 2 repositories.
[2022-06-16 00:13:04]  <WARN>  repository not found: valloon91234/abcdefg
[2022-06-16 00:13:11]  <INFO>  No new commit in 2 repositories.
[2022-06-16 00:13:50]  <WARN>  repository not found: valloon91234/abcdefg
[2022-06-16 00:13:55]  <INFO>  No new commit in 2 repositories.
[2022-06-16 00:14:28]  <WARN>  repository not found: valloon91234/abcdefg
[2022-06-16 00:14:31]  <INFO>  No new commit in 2 repositories.
[2022-06-16 00:15:04]  <WARN>  repository not found: valloon91234/abcdefg
[2022-06-16 00:15:06]  <INFO>  No new commit in 2 repositories.
[2022-06-16 00:15:41]  <WARN>  repository not found: valloon91234/abcdefg
[2022-06-16 00:15:43]  <INFO>  No new commit in 2 repositories.
[2022-06-16 00:16:17]  <WARN>  repository not found: valloon91234/abcdefg
[2022-06-16 00:16:19]  <INFO>  No new commit in 2 repositories.
[2022-06-16 00:16:53]  <WARN>  repository not found: valloon91234/abcdefg
[2022-06-16 00:16:56]  <INFO>  No new commit in 2 repositories.
[2022-06-16 00:17:28]  <WARN>  repository not found: valloon91234/abcdefg
[2022-06-16 00:17:32]  <INFO>  No new commit in 2 repositories.
[2022-06-16 00:18:03]  <WARN>  repository not found: valloon91234/abcdefg
[2022-06-16 00:18:05]  <INFO>  No new commit in 2 repositories.
[2022-06-16 00:18:43]  <WARN>  repository not found: valloon91234/abcdefg
[2022-06-16 00:18:46]  <INFO>  No new commit in 2 repositories.
[2022-06-16 00:19:21]  <WARN>  repository not found: valloon91234/abcdefg
[2022-06-16 00:19:24]  <INFO>  No new commit in 2 repositories.
[2022-06-16 00:19:56]  <WARN>  repository not found: valloon91234/abcdefg
[2022-06-16 00:19:59]  <INFO>  No new commit in 2 repositories.
[2022-06-16 00:20:32]  <WARN>  repository not found: valloon91234/abcdefg
[2022-06-16 00:20:35]  <INFO>  No new commit in 2 repositories.
[2022-06-16 00:21:09]  <WARN>  repository not found: valloon91234/abcdefg
[2022-06-16 00:21:13]  <INFO>  No new commit in 2 repositories.
[2022-06-16 00:21:46]  <WARN>  repository not found: valloon91234/abcdefg
[2022-06-16 00:21:48]  <INFO>  No new commit in 2 repositories.
[2022-06-16 00:22:23]  <WARN>  repository not found: valloon91234/abcdefg
[2022-06-16 00:22:25]  <INFO>  No new commit in 2 repositories.
[2022-06-16 00:22:58]  <WARN>  repository not found: valloon91234/abcdefg
[2022-06-16 00:23:01]  <INFO>  No new commit in 2 repositories.
[2022-06-16 00:23:34]  <WARN>  repository not found: valloon91234/abcdefg
[2022-06-16 00:23:37]  <INFO>  No new commit in 2 repositories.
Telegram connected: username = github65bot.
[2022-06-16 00:23:46]  <WARN>  repository not found: valloon91234/abcdefg
[2022-06-16 00:23:48]  <INFO>  No new commit in 2 repositories.
Telegram API Error:
[400]
Bad Request: can't parse entities: Unsupported start tag "br/" at byte offset 0
Telegram connected: username = github65bot.
Telegram API Error:
[400]
Bad Request: can't parse entities: Unsupported start tag "br" at byte offset 0
[2022-06-16 00:24:17]  <WARN>  repository not found: valloon91234/abcdefg
Telegram connected: username = github65bot.
[2022-06-16 00:24:31]  <WARN>  repository not found: valloon91234/abcdefg
[2022-06-16 00:24:36]  <INFO>  No new commit in 2 repositories.
[2022-06-16 00:25:11]  <WARN>  repository not found: valloon91234/abcdefg
[2022-06-16 00:25:16]  <INFO>  No new commit in 2 repositories.
Telegram connected: username = github65bot.
[2022-06-16 00:35:54]  <WARN>  repository not found: valloon91234/abcdefg
[2022-06-16 00:35:56]  <INFO>  No new commit in 2 repositories.
[2022-06-16 00:36:29]  <WARN>  repository not found: valloon91234/abcdefg
[2022-06-16 00:36:32]  <INFO>  No new commit in 2 repositories.
[2022-06-16 00:37:04]  <WARN>  repository not found: valloon91234/abcdefg
[2022-06-16 00:37:07]  <INFO>  No new commit in 2 repositories.
[2022-06-16 00:37:39]  <WARN>  repository not found: valloon91234/abcdefg
[2022-06-16 00:37:41]  <INFO>  No new commit in 2 repositories.
Telegram connected: username = github65bot.
[2022-06-16 00:38:23]  <WARN>  repository not found: valloon91234/abcdefg
[2022-06-16 00:38:29]  <INFO>  No new commit in 2 repositories.
[2022-06-16 00:39:02]  <WARN>  repository not found: valloon91234/abcdefg
[2022-06-16 00:39:04]  <INFO>  No new commit in 2 repositories.
Telegram connected: username = github65bot.
[2022-06-16 00:39:19]  <WARN>  repository not found: valloon91234/abcdefg
[2022-06-16 00:39:22]  <INFO>  No new commit in 2 repositories.
Telegram API Error:
[400]
Bad Request: can't parse entities: Character '-' is reserved and must be escaped with the preceding '\'
[2022-06-16 00:39:57]  <WARN>  repository not found: valloon91234/abcdefg
[2022-06-16 00:40:01]  <INFO>  No new commit in 2 repositories.
[2022-06-16 00:40:33]  <WARN>  repository not found: valloon91234/abcdefg
[2022-06-16 00:40:35]  <INFO>  No new commit in 2 repositories.
Telegram connected: username = github65bot.
[2022-06-16 00:44:50]  <WARN>  repository not found: valloon91234/abcdefg
[2022-06-16 00:44:56]  <INFO>  No new commit in 2 repositories.
[2022-06-16 00:45:28]  <WARN>  repository not found: valloon91234/abcdefg
[2022-06-16 00:45:32]  <INFO>  No new commit in 2 repositories.
[2022-06-16 00:46:05]  <WARN>  repository not found: valloon91234/abcdefg
[2022-06-16 00:46:09]  <INFO>  41 new commits on valloon91234/cryptoever.store
[2022-06-16 00:46:11]  <INFO>  3 new commits on valloon91234/ValloonShot
[2022-06-16 00:46:11]  <INFO>  44 new commits in 2 repositories.
[2022-06-16 00:46:42]  <WARN>  repository not found: valloon91234/abcdefg
[2022-06-16 00:46:43]  <INFO>  No new commit in 2 repositories.
[2022-06-16 00:47:15]  <WARN>  repository not found: valloon91234/abcdefg
[2022-06-16 00:47:17]  <INFO>  No new commit in 2 repositories.
[2022-06-16 00:47:48]  <WARN>  repository not found: valloon91234/abcdefg
[2022-06-16 00:47:50]  <INFO>  No new commit in 2 repositories.
Telegram connected: username = github65bot.
[2022-06-16 00:50:44]  <WARN>  repository not found: valloon91234/abcdefg
[2022-06-16 00:50:49]  <INFO>  No new commit in 2 repositories.
Telegram API Error:
[404]
Not Found
Telegram API Error:
[404]
Not Found
Telegram connected: username = github65bot.
[2022-06-16 01:00:14]  <INFO>  No new commit in 0 repositories.
[2022-06-16 01:00:47]  <INFO>  No new commit in 0 repositories.
[2022-06-16 01:01:18]  <INFO>  No new commit in 0 repositories.
[2022-06-16 01:01:52]  <INFO>  No new commit in 0 repositories.
[2022-06-16 01:02:24]  <INFO>  No new commit in 0 repositories.
[2022-06-16 01:02:58]  <INFO>  No new commit in 0 repositories.
[2022-06-16 01:03:34]  <INFO>  No new commit in 0 repositories.
[2022-06-16 01:04:08]  <INFO>  No new commit in 0 repositories.
[2022-06-16 01:04:47]  <INFO>  No new commit in 0 repositories.
[2022-06-16 01:05:23]  <INFO>  No new commit in 0 repositories.
[2022-06-16 01:05:54]  <INFO>  No new commit in 0 repositories.
[2022-06-16 01:06:28]  <INFO>  No new commit in 0 repositories.
[2022-06-16 01:07:01]  <INFO>  No new commit in 0 repositories.
[2022-06-16 01:07:33]  <INFO>  No new commit in 0 repositories.
[2022-06-16 01:08:06]  <INFO>  No new commit in 0 repositories.
[2022-06-16 01:08:41]  <INFO>  No new commit in 0 repositories.
[2022-06-16 01:09:17]  <INFO>  No new commit in 0 repositories.
[2022-06-16 01:09:51]  <INFO>  No new commit in 0 repositories.
Telegram connected: username = github65bot.
[2022-06-16 01:14:36]  <INFO>  No new commit in 0 repositories.
Telegram connected: username = github65bot
Telegram connected: username = github65bot
Telegram API Error:
[400]
Bad Request: message text is empty
[2022-06-16 01:47:27]  <INFO>  No new commit in 0 repositories.
[2022-06-16 01:48:00]  <INFO>  No new commit in 0 repositories.
[2022-06-16 01:48:52]  <INFO>  No new commit in 0 repositories.
[2022-06-16 01:49:42]  <INFO>  No new commit in 0 repositories.
Telegram connected: username = github65bot
System.NotSupportedException:  The ReadAsync method cannot be called when another read operation is pending.
   at System.Net.Security.SslStream.ReadAsyncInternal[TIOAdapter](TIOAdapter adapter, Memory`1 buffer)
   at System.Net.Security.SslStream.Read(Byte[] buffer, Int32 offset, Int32 count)
   at MySql.Data.MySqlClient.TimedStream.Read(Byte[] buffer, Int32 offset, Int32 count)
   at MySql.Data.MySqlClient.MySqlStream.ReadFully(Stream stream, Byte[] buffer, Int32 offset, Int32 count)
   at MySql.Data.MySqlClient.MySqlStream.LoadPacket()
   at MySql.Data.MySqlClient.MySqlStream.ReadPacket()
   at MySql.Data.MySqlClient.NativeDriver.PrepareStatement(String sql, MySqlField[]& parameters)
   at MySql.Data.MySqlClient.Driver.PrepareStatement(String sql, MySqlField[]& parameters)
   at MySql.Data.MySqlClient.PreparableStatement.Prepare()
   at MySql.Data.MySqlClient.MySqlCommand.Prepare(Int32 cursorPageSize)
   at MySql.Data.MySqlClient.MySqlCommand.Prepare()
   at Github2Telegram.Dao.GithubCommitDao.SelectLast(Int32 offset, Int32 limit) in D:\Valloon\Workspace\VisualStudio2022\Github2Telegram\Github2Telegram\Dao\GithubCommitDao.cs:line 44
   at Github2Telegram.TelegramClient.HandleUpdateAsync(ITelegramBotClient botClient, Update update, CancellationToken cancellationToken) in D:\Valloon\Workspace\VisualStudio2022\Github2Telegram\Github2Telegram\TelegramClient.cs:line 158
   at Telegram.Bot.Extensions.Polling.DefaultUpdateHandler.HandleUpdateAsync(ITelegramBotClient botClient, Update update, CancellationToken cancellationToken)
   at Telegram.Bot.Extensions.Polling.DefaultUpdateReceiver.ReceiveAsync(IUpdateHandler updateHandler, CancellationToken cancellationToken)
   at Telegram.Bot.TelegramBotClientPollingExtensions.ReceiveAsync(ITelegramBotClient botClient, IUpdateHandler updateHandler, ReceiverOptions receiverOptions, CancellationToken cancellationToken)
   at Telegram.Bot.TelegramBotClientPollingExtensions.<>c__DisplayClass3_0.<<StartReceiving>b__0>d.MoveNext()
[2022-06-16 14:26:17]  <INFO>  No new commit in 0 repositories.
Telegram connected: username = github65bot
Telegram API Error:
[400]
Bad Request: message text is empty
[2022-06-16 14:26:42]  <INFO>  No new commit in 0 repositories.
[2022-06-16 14:27:13]  <INFO>  No new commit in 0 repositories.
[2022-06-16 14:27:44]  <INFO>  No new commit in 0 repositories.
Telegram connected: username = github65bot
Telegram API Error:
[400]
Bad Request: message text is empty
[2022-06-16 14:30:30]  <INFO>  No new commit in 0 repositories.
Telegram connected: username = github65bot
Telegram connected: username = github65bot
[2022-06-16 14:35:48]  <INFO>  No new commit in 0 repositories.
[2022-06-16 14:36:19]  <INFO>  No new commit in 0 repositories.
[2022-06-16 14:36:51]  <INFO>  No new commit in 0 repositories.
[2022-06-16 14:37:21]  <INFO>  No new commit in 0 repositories.
[2022-06-16 14:37:53]  <INFO>  No new commit in 0 repositories.
[2022-06-16 14:38:23]  <INFO>  No new commit in 0 repositories.
[2022-06-16 14:38:54]  <INFO>  No new commit in 0 repositories.
[2022-06-16 14:39:26]  <INFO>  No new commit in 0 repositories.
[2022-06-16 14:39:58]  <INFO>  No new commit in 0 repositories.
[2022-06-16 14:40:29]  <INFO>  No new commit in 0 repositories.
[2022-06-16 14:40:59]  <INFO>  No new commit in 0 repositories.
[2022-06-16 14:41:30]  <INFO>  No new commit in 0 repositories.
[2022-06-16 14:42:03]  <INFO>  No new commit in 0 repositories.
[2022-06-16 14:42:33]  <INFO>  No new commit in 0 repositories.
[2022-06-16 14:43:04]  <INFO>  No new commit in 0 repositories.
[2022-06-16 14:43:36]  <INFO>  No new commit in 0 repositories.
[2022-06-16 14:44:07]  <INFO>  No new commit in 0 repositories.
[2022-06-16 14:44:38]  <INFO>  No new commit in 0 repositories.
[2022-06-16 14:45:09]  <INFO>  No new commit in 0 repositories.
[2022-06-16 14:45:40]  <INFO>  No new commit in 0 repositories.
[2022-06-16 14:46:11]  <INFO>  No new commit in 0 repositories.
[2022-06-16 14:46:43]  <INFO>  No new commit in 0 repositories.
[2022-06-16 14:47:14]  <INFO>  No new commit in 0 repositories.
[2022-06-16 14:47:45]  <INFO>  No new commit in 0 repositories.
[2022-06-16 14:48:16]  <INFO>  No new commit in 0 repositories.
Telegram connected: username = github65bot
[2022-06-16 14:48:35]  <INFO>  No new commit in 0 repositories.
Telegram connected: username = github65bot
[2022-06-16 14:48:45]  <INFO>  No new commit in 0 repositories.
[2022-06-16 14:49:19]  <INFO>  No new commit in 0 repositories.
[2022-06-16 14:49:50]  <INFO>  No new commit in 0 repositories.
[2022-06-16 14:50:22]  <INFO>  No new commit in 0 repositories.
[2022-06-16 14:50:53]  <INFO>  1 new commits on xcellent-dev/Velvet_Test2
Telegram connected: username = github65bot
Telegram connected: username = github65bot
Telegram connected: username = github65bot
Telegram connected: username = github65bot
[2022-06-16 14:55:23]  <INFO>  1 new commits on xcellent-dev/web-3D-building
[2022-06-16 14:55:23]  <INFO>  1 new commits in 1 repositories.
[2022-06-16 14:55:55]  <INFO>  No new commit in 1 repositories.
[2022-06-16 14:56:26]  <INFO>  No new commit in 1 repositories.
[2022-06-16 14:57:06]  <WARN>  commit already exists: xcellent-dev/Velvet_Test2/140143e1aca26001482dd8359aabd86fe182c2b3
[2022-06-16 14:57:06]  <INFO>  No new commit in 2 repositories.
[2022-06-16 14:57:39]  <WARN>  commit already exists: xcellent-dev/Velvet_Test2/140143e1aca26001482dd8359aabd86fe182c2b3
[2022-06-16 14:57:41]  <INFO>  No new commit in 2 repositories.
[2022-06-16 14:58:15]  <WARN>  commit already exists: xcellent-dev/Velvet_Test2/140143e1aca26001482dd8359aabd86fe182c2b3
[2022-06-16 14:58:16]  <INFO>  No new commit in 2 repositories.
[2022-06-16 14:58:55]  <WARN>  commit already exists: xcellent-dev/Velvet_Test2/140143e1aca26001482dd8359aabd86fe182c2b3
[2022-06-16 14:58:56]  <INFO>  No new commit in 2 repositories.
[2022-06-16 14:59:28]  <INFO>  9 new commits on xcellent-dev/Ryan
[2022-06-16 14:59:29]  <WARN>  commit already exists: xcellent-dev/Velvet_Test2/140143e1aca26001482dd8359aabd86fe182c2b3
[2022-06-16 14:59:30]  <INFO>  9 new commits in 3 repositories.
[2022-06-16 15:00:01]  <INFO>  1 new commits on xcellent-dev/QuizDrop
[2022-06-16 15:00:02]  <WARN>  commit already exists: xcellent-dev/Ryan/76518353c95a193af32e906bcfc3611635c6ee92
[2022-06-16 15:00:02]  <WARN>  commit already exists: xcellent-dev/Ryan/2fc0435c546cf7d71e590a36e55c398cb4d3a2b5
[2022-06-16 15:00:02]  <WARN>  commit already exists: xcellent-dev/Ryan/2250e55d342c9d0643ae66a26641c00a1a534d03
[2022-06-16 15:00:02]  <WARN>  commit already exists: xcellent-dev/Ryan/a45e91f712d71fa7068d37debc78a1d75424dbdf
[2022-06-16 15:00:02]  <WARN>  commit already exists: xcellent-dev/Ryan/70c6a62a34d60c47867acf85cf4524b99bdd0298
[2022-06-16 15:00:02]  <WARN>  commit already exists: xcellent-dev/Ryan/c19dfd699401f2e2e4fd55b81b0024b20719535c
[2022-06-16 15:00:02]  <WARN>  commit already exists: xcellent-dev/Ryan/5b818c857bb4483950b43ae70b7cffb664eb6f38
[2022-06-16 15:00:02]  <WARN>  commit already exists: xcellent-dev/Ryan/17e51a992a9c60451b36acd1e0a49a67ef955c9e
[2022-06-16 15:00:02]  <WARN>  commit already exists: xcellent-dev/Ryan/bc71b68c3d2d54c8a771e64deceb6b4b79146bb7
[2022-06-16 15:00:03]  <WARN>  commit already exists: xcellent-dev/Velvet_Test2/140143e1aca26001482dd8359aabd86fe182c2b3
[2022-06-16 15:00:04]  <INFO>  1 new commits in 4 repositories.
[2022-06-16 15:00:37]  <WARN>  commit already exists: xcellent-dev/Ryan/76518353c95a193af32e906bcfc3611635c6ee92
[2022-06-16 15:00:37]  <WARN>  commit already exists: xcellent-dev/Ryan/2fc0435c546cf7d71e590a36e55c398cb4d3a2b5
[2022-06-16 15:00:37]  <WARN>  commit already exists: xcellent-dev/Ryan/2250e55d342c9d0643ae66a26641c00a1a534d03
[2022-06-16 15:00:37]  <WARN>  commit already exists: xcellent-dev/Ryan/a45e91f712d71fa7068d37debc78a1d75424dbdf
[2022-06-16 15:00:37]  <WARN>  commit already exists: xcellent-dev/Ryan/70c6a62a34d60c47867acf85cf4524b99bdd0298
[2022-06-16 15:00:38]  <WARN>  commit already exists: xcellent-dev/Ryan/c19dfd699401f2e2e4fd55b81b0024b20719535c
[2022-06-16 15:00:38]  <ERROR>  failed to insert into database: xcellent-dev/Ryan/5b818c857bb4483950b43ae70b7cffb664eb6f38
	Expected prepared statement marker
[2022-06-16 15:00:38]  <ERROR>  failed to insert into database: xcellent-dev/Ryan/17e51a992a9c60451b36acd1e0a49a67ef955c9e
	Expected prepared statement marker
[2022-06-16 15:00:38]  <ERROR>  failed to insert into database: xcellent-dev/Ryan/bc71b68c3d2d54c8a771e64deceb6b4b79146bb7
	Expected prepared statement marker
System.NotSupportedException:  The ReadAsync method cannot be called when another read operation is pending.
   at System.Net.Security.SslStream.ReadAsyncInternal[TIOAdapter](TIOAdapter adapter, Memory`1 buffer)
   at System.Net.Security.SslStream.Read(Byte[] buffer, Int32 offset, Int32 count)
   at MySql.Data.MySqlClient.TimedStream.Read(Byte[] buffer, Int32 offset, Int32 count)
   at MySql.Data.MySqlClient.MySqlStream.ReadFully(Stream stream, Byte[] buffer, Int32 offset, Int32 count)
   at MySql.Data.MySqlClient.MySqlStream.LoadPacket()
   at MySql.Data.MySqlClient.MySqlStream.ReadPacket()
   at MySql.Data.MySqlClient.NativeDriver.PrepareStatement(String sql, MySqlField[]& parameters)
   at MySql.Data.MySqlClient.PreparableStatement.Prepare()
   at MySql.Data.MySqlClient.MySqlCommand.Prepare(Int32 cursorPageSize)
   at Github2Telegram.Dao.GithubCommitDao.SelectLast(Int32 offset, Int32 limit) in D:\Valloon\Workspace\VisualStudio2022\Github2Telegram\Github2Telegram\Dao\GithubCommitDao.cs:line 44
   at Github2Telegram.TelegramClient.HandleUpdateAsync(ITelegramBotClient botClient, Update update, CancellationToken cancellationToken) in D:\Valloon\Workspace\VisualStudio2022\Github2Telegram\Github2Telegram\TelegramClient.cs:line 158
   at Telegram.Bot.Extensions.Polling.DefaultUpdateHandler.HandleUpdateAsync(ITelegramBotClient botClient, Update update, CancellationToken cancellationToken)
   at Telegram.Bot.Extensions.Polling.DefaultUpdateReceiver.ReceiveAsync(IUpdateHandler updateHandler, CancellationToken cancellationToken)
   at Telegram.Bot.TelegramBotClientPollingExtensions.ReceiveAsync(ITelegramBotClient botClient, IUpdateHandler updateHandler, ReceiverOptions receiverOptions, CancellationToken cancellationToken)
   at Telegram.Bot.TelegramBotClientPollingExtensions.<>c__DisplayClass3_0.<<StartReceiving>b__0>d.MoveNext()
Telegram connected: username = github65bot
Telegram connected: username = github65bot
[2022-06-16 15:02:33]  <WARN>  commit already exists: xcellent-dev/Ryan/76518353c95a193af32e906bcfc3611635c6ee92
[2022-06-16 15:02:33]  <WARN>  commit already exists: xcellent-dev/Ryan/2fc0435c546cf7d71e590a36e55c398cb4d3a2b5
[2022-06-16 15:02:33]  <WARN>  commit already exists: xcellent-dev/Ryan/2250e55d342c9d0643ae66a26641c00a1a534d03
[2022-06-16 15:02:33]  <WARN>  commit already exists: xcellent-dev/Ryan/a45e91f712d71fa7068d37debc78a1d75424dbdf
[2022-06-16 15:02:33]  <WARN>  commit already exists: xcellent-dev/Ryan/70c6a62a34d60c47867acf85cf4524b99bdd0298
[2022-06-16 15:02:33]  <WARN>  commit already exists: xcellent-dev/Ryan/c19dfd699401f2e2e4fd55b81b0024b20719535c
[2022-06-16 15:02:33]  <WARN>  commit already exists: xcellent-dev/Ryan/5b818c857bb4483950b43ae70b7cffb664eb6f38
[2022-06-16 15:02:33]  <WARN>  commit already exists: xcellent-dev/Ryan/17e51a992a9c60451b36acd1e0a49a67ef955c9e
[2022-06-16 15:02:33]  <WARN>  commit already exists: xcellent-dev/Ryan/bc71b68c3d2d54c8a771e64deceb6b4b79146bb7
[2022-06-16 15:02:34]  <WARN>  commit already exists: xcellent-dev/Velvet_Test2/140143e1aca26001482dd8359aabd86fe182c2b3
[2022-06-16 15:02:35]  <INFO>  No new commit in 4 repositories.
[2022-06-16 15:03:08]  <WARN>  commit already exists: xcellent-dev/Ryan/76518353c95a193af32e906bcfc3611635c6ee92
[2022-06-16 15:03:08]  <WARN>  commit already exists: xcellent-dev/Ryan/2fc0435c546cf7d71e590a36e55c398cb4d3a2b5
[2022-06-16 15:03:08]  <WARN>  commit already exists: xcellent-dev/Ryan/2250e55d342c9d0643ae66a26641c00a1a534d03
[2022-06-16 15:03:08]  <WARN>  commit already exists: xcellent-dev/Ryan/a45e91f712d71fa7068d37debc78a1d75424dbdf
[2022-06-16 15:03:08]  <WARN>  commit already exists: xcellent-dev/Ryan/70c6a62a34d60c47867acf85cf4524b99bdd0298
[2022-06-16 15:03:08]  <WARN>  commit already exists: xcellent-dev/Ryan/c19dfd699401f2e2e4fd55b81b0024b20719535c
[2022-06-16 15:03:08]  <WARN>  commit already exists: xcellent-dev/Ryan/5b818c857bb4483950b43ae70b7cffb664eb6f38
[2022-06-16 15:03:08]  <WARN>  commit already exists: xcellent-dev/Ryan/17e51a992a9c60451b36acd1e0a49a67ef955c9e
[2022-06-16 15:03:08]  <WARN>  commit already exists: xcellent-dev/Ryan/bc71b68c3d2d54c8a771e64deceb6b4b79146bb7
[2022-06-16 15:03:09]  <WARN>  commit already exists: xcellent-dev/Velvet_Test2/140143e1aca26001482dd8359aabd86fe182c2b3
[2022-06-16 15:03:09]  <INFO>  No new commit in 4 repositories.
[2022-06-16 15:03:43]  <WARN>  commit already exists: xcellent-dev/Ryan/76518353c95a193af32e906bcfc3611635c6ee92
[2022-06-16 15:03:43]  <WARN>  commit already exists: xcellent-dev/Ryan/2fc0435c546cf7d71e590a36e55c398cb4d3a2b5
[2022-06-16 15:03:43]  <WARN>  commit already exists: xcellent-dev/Ryan/2250e55d342c9d0643ae66a26641c00a1a534d03
[2022-06-16 15:03:43]  <WARN>  commit already exists: xcellent-dev/Ryan/a45e91f712d71fa7068d37debc78a1d75424dbdf
[2022-06-16 15:03:43]  <WARN>  commit already exists: xcellent-dev/Ryan/70c6a62a34d60c47867acf85cf4524b99bdd0298
[2022-06-16 15:03:43]  <WARN>  commit already exists: xcellent-dev/Ryan/c19dfd699401f2e2e4fd55b81b0024b20719535c
[2022-06-16 15:03:43]  <WARN>  commit already exists: xcellent-dev/Ryan/5b818c857bb4483950b43ae70b7cffb664eb6f38
[2022-06-16 15:03:43]  <WARN>  commit already exists: xcellent-dev/Ryan/17e51a992a9c60451b36acd1e0a49a67ef955c9e
[2022-06-16 15:03:43]  <WARN>  commit already exists: xcellent-dev/Ryan/bc71b68c3d2d54c8a771e64deceb6b4b79146bb7
[2022-06-16 15:03:44]  <WARN>  commit already exists: xcellent-dev/Velvet_Test2/140143e1aca26001482dd8359aabd86fe182c2b3
[2022-06-16 15:03:44]  <INFO>  No new commit in 4 repositories.
[2022-06-16 15:04:16]  <WARN>  commit already exists: xcellent-dev/Ryan/76518353c95a193af32e906bcfc3611635c6ee92
[2022-06-16 15:04:17]  <WARN>  commit already exists: xcellent-dev/Ryan/2fc0435c546cf7d71e590a36e55c398cb4d3a2b5
[2022-06-16 15:04:17]  <WARN>  commit already exists: xcellent-dev/Ryan/2250e55d342c9d0643ae66a26641c00a1a534d03
[2022-06-16 15:04:17]  <WARN>  commit already exists: xcellent-dev/Ryan/a45e91f712d71fa7068d37debc78a1d75424dbdf
[2022-06-16 15:04:17]  <WARN>  commit already exists: xcellent-dev/Ryan/70c6a62a34d60c47867acf85cf4524b99bdd0298
[2022-06-16 15:04:17]  <WARN>  commit already exists: xcellent-dev/Ryan/c19dfd699401f2e2e4fd55b81b0024b20719535c
[2022-06-16 15:04:17]  <WARN>  commit already exists: xcellent-dev/Ryan/5b818c857bb4483950b43ae70b7cffb664eb6f38
[2022-06-16 15:04:17]  <WARN>  commit already exists: xcellent-dev/Ryan/17e51a992a9c60451b36acd1e0a49a67ef955c9e
[2022-06-16 15:04:17]  <WARN>  commit already exists: xcellent-dev/Ryan/bc71b68c3d2d54c8a771e64deceb6b4b79146bb7
[2022-06-16 15:04:18]  <WARN>  commit already exists: xcellent-dev/Velvet_Test2/140143e1aca26001482dd8359aabd86fe182c2b3
[2022-06-16 15:04:19]  <INFO>  No new commit in 4 repositories.
[2022-06-16 15:04:52]  <WARN>  commit already exists: xcellent-dev/Ryan/76518353c95a193af32e906bcfc3611635c6ee92
[2022-06-16 15:04:52]  <WARN>  commit already exists: xcellent-dev/Ryan/2fc0435c546cf7d71e590a36e55c398cb4d3a2b5
[2022-06-16 15:04:53]  <WARN>  commit already exists: xcellent-dev/Ryan/2250e55d342c9d0643ae66a26641c00a1a534d03
[2022-06-16 15:04:53]  <WARN>  commit already exists: xcellent-dev/Ryan/a45e91f712d71fa7068d37debc78a1d75424dbdf
[2022-06-16 15:04:53]  <WARN>  commit already exists: xcellent-dev/Ryan/70c6a62a34d60c47867acf85cf4524b99bdd0298
[2022-06-16 15:04:53]  <WARN>  commit already exists: xcellent-dev/Ryan/c19dfd699401f2e2e4fd55b81b0024b20719535c
[2022-06-16 15:04:53]  <WARN>  commit already exists: xcellent-dev/Ryan/5b818c857bb4483950b43ae70b7cffb664eb6f38
[2022-06-16 15:04:53]  <WARN>  commit already exists: xcellent-dev/Ryan/17e51a992a9c60451b36acd1e0a49a67ef955c9e
[2022-06-16 15:04:53]  <WARN>  commit already exists: xcellent-dev/Ryan/bc71b68c3d2d54c8a771e64deceb6b4b79146bb7
[2022-06-16 15:04:54]  <WARN>  commit already exists: xcellent-dev/Velvet_Test2/140143e1aca26001482dd8359aabd86fe182c2b3
[2022-06-16 15:04:54]  <INFO>  No new commit in 4 repositories.
[2022-06-16 15:05:27]  <WARN>  commit already exists: xcellent-dev/Ryan/76518353c95a193af32e906bcfc3611635c6ee92
[2022-06-16 15:05:27]  <WARN>  commit already exists: xcellent-dev/Ryan/2fc0435c546cf7d71e590a36e55c398cb4d3a2b5
[2022-06-16 15:05:27]  <WARN>  commit already exists: xcellent-dev/Ryan/2250e55d342c9d0643ae66a26641c00a1a534d03
[2022-06-16 15:05:27]  <WARN>  commit already exists: xcellent-dev/Ryan/a45e91f712d71fa7068d37debc78a1d75424dbdf
[2022-06-16 15:05:27]  <WARN>  commit already exists: xcellent-dev/Ryan/70c6a62a34d60c47867acf85cf4524b99bdd0298
[2022-06-16 15:05:27]  <WARN>  commit already exists: xcellent-dev/Ryan/c19dfd699401f2e2e4fd55b81b0024b20719535c
[2022-06-16 15:05:27]  <WARN>  commit already exists: xcellent-dev/Ryan/5b818c857bb4483950b43ae70b7cffb664eb6f38
[2022-06-16 15:05:27]  <WARN>  commit already exists: xcellent-dev/Ryan/17e51a992a9c60451b36acd1e0a49a67ef955c9e
[2022-06-16 15:05:27]  <WARN>  commit already exists: xcellent-dev/Ryan/bc71b68c3d2d54c8a771e64deceb6b4b79146bb7
[2022-06-16 15:05:29]  <WARN>  commit already exists: xcellent-dev/Velvet_Test2/140143e1aca26001482dd8359aabd86fe182c2b3
[2022-06-16 15:05:29]  <INFO>  No new commit in 4 repositories.
[2022-06-16 15:06:06]  <WARN>  commit already exists: xcellent-dev/Ryan/76518353c95a193af32e906bcfc3611635c6ee92
[2022-06-16 15:06:06]  <WARN>  commit already exists: xcellent-dev/Ryan/2fc0435c546cf7d71e590a36e55c398cb4d3a2b5
[2022-06-16 15:06:06]  <WARN>  commit already exists: xcellent-dev/Ryan/2250e55d342c9d0643ae66a26641c00a1a534d03
[2022-06-16 15:06:06]  <WARN>  commit already exists: xcellent-dev/Ryan/a45e91f712d71fa7068d37debc78a1d75424dbdf
[2022-06-16 15:06:06]  <WARN>  commit already exists: xcellent-dev/Ryan/70c6a62a34d60c47867acf85cf4524b99bdd0298
[2022-06-16 15:06:06]  <WARN>  commit already exists: xcellent-dev/Ryan/c19dfd699401f2e2e4fd55b81b0024b20719535c
[2022-06-16 15:06:06]  <WARN>  commit already exists: xcellent-dev/Ryan/5b818c857bb4483950b43ae70b7cffb664eb6f38
[2022-06-16 15:06:06]  <WARN>  commit already exists: xcellent-dev/Ryan/17e51a992a9c60451b36acd1e0a49a67ef955c9e
[2022-06-16 15:06:06]  <WARN>  commit already exists: xcellent-dev/Ryan/bc71b68c3d2d54c8a771e64deceb6b4b79146bb7
[2022-06-16 15:06:08]  <WARN>  commit already exists: xcellent-dev/Velvet_Test2/140143e1aca26001482dd8359aabd86fe182c2b3
[2022-06-16 15:06:08]  <INFO>  No new commit in 4 repositories.
[2022-06-16 15:06:41]  <WARN>  commit already exists: xcellent-dev/Ryan/76518353c95a193af32e906bcfc3611635c6ee92
[2022-06-16 15:06:41]  <WARN>  commit already exists: xcellent-dev/Ryan/2fc0435c546cf7d71e590a36e55c398cb4d3a2b5
[2022-06-16 15:06:41]  <WARN>  commit already exists: xcellent-dev/Ryan/2250e55d342c9d0643ae66a26641c00a1a534d03
[2022-06-16 15:06:41]  <WARN>  commit already exists: xcellent-dev/Ryan/a45e91f712d71fa7068d37debc78a1d75424dbdf
[2022-06-16 15:06:41]  <WARN>  commit already exists: xcellent-dev/Ryan/70c6a62a34d60c47867acf85cf4524b99bdd0298
[2022-06-16 15:06:41]  <WARN>  commit already exists: xcellent-dev/Ryan/c19dfd699401f2e2e4fd55b81b0024b20719535c
[2022-06-16 15:06:41]  <WARN>  commit already exists: xcellent-dev/Ryan/5b818c857bb4483950b43ae70b7cffb664eb6f38
[2022-06-16 15:06:41]  <WARN>  commit already exists: xcellent-dev/Ryan/17e51a992a9c60451b36acd1e0a49a67ef955c9e
[2022-06-16 15:06:41]  <WARN>  commit already exists: xcellent-dev/Ryan/bc71b68c3d2d54c8a771e64deceb6b4b79146bb7
[2022-06-16 15:06:42]  <WARN>  commit already exists: xcellent-dev/Velvet_Test2/140143e1aca26001482dd8359aabd86fe182c2b3
[2022-06-16 15:06:43]  <INFO>  No new commit in 4 repositories.
[2022-06-16 15:07:15]  <WARN>  commit already exists: xcellent-dev/Ryan/76518353c95a193af32e906bcfc3611635c6ee92
[2022-06-16 15:07:15]  <WARN>  commit already exists: xcellent-dev/Ryan/2fc0435c546cf7d71e590a36e55c398cb4d3a2b5
[2022-06-16 15:07:15]  <WARN>  commit already exists: xcellent-dev/Ryan/2250e55d342c9d0643ae66a26641c00a1a534d03
[2022-06-16 15:07:15]  <WARN>  commit already exists: xcellent-dev/Ryan/a45e91f712d71fa7068d37debc78a1d75424dbdf
[2022-06-16 15:07:15]  <WARN>  commit already exists: xcellent-dev/Ryan/70c6a62a34d60c47867acf85cf4524b99bdd0298
[2022-06-16 15:07:15]  <WARN>  commit already exists: xcellent-dev/Ryan/c19dfd699401f2e2e4fd55b81b0024b20719535c
[2022-06-16 15:07:15]  <WARN>  commit already exists: xcellent-dev/Ryan/5b818c857bb4483950b43ae70b7cffb664eb6f38
[2022-06-16 15:07:15]  <WARN>  commit already exists: xcellent-dev/Ryan/17e51a992a9c60451b36acd1e0a49a67ef955c9e
[2022-06-16 15:07:15]  <WARN>  commit already exists: xcellent-dev/Ryan/bc71b68c3d2d54c8a771e64deceb6b4b79146bb7
[2022-06-16 15:07:16]  <WARN>  commit already exists: xcellent-dev/Velvet_Test2/140143e1aca26001482dd8359aabd86fe182c2b3
[2022-06-16 15:07:17]  <INFO>  No new commit in 4 repositories.
[2022-06-16 15:07:50]  <WARN>  commit already exists: xcellent-dev/Ryan/76518353c95a193af32e906bcfc3611635c6ee92
[2022-06-16 15:07:50]  <WARN>  commit already exists: xcellent-dev/Ryan/2fc0435c546cf7d71e590a36e55c398cb4d3a2b5
[2022-06-16 15:07:50]  <WARN>  commit already exists: xcellent-dev/Ryan/2250e55d342c9d0643ae66a26641c00a1a534d03
[2022-06-16 15:07:50]  <WARN>  commit already exists: xcellent-dev/Ryan/a45e91f712d71fa7068d37debc78a1d75424dbdf
[2022-06-16 15:07:50]  <WARN>  commit already exists: xcellent-dev/Ryan/70c6a62a34d60c47867acf85cf4524b99bdd0298
[2022-06-16 15:07:50]  <WARN>  commit already exists: xcellent-dev/Ryan/c19dfd699401f2e2e4fd55b81b0024b20719535c
[2022-06-16 15:07:50]  <WARN>  commit already exists: xcellent-dev/Ryan/5b818c857bb4483950b43ae70b7cffb664eb6f38
[2022-06-16 15:07:51]  <WARN>  commit already exists: xcellent-dev/Ryan/17e51a992a9c60451b36acd1e0a49a67ef955c9e
[2022-06-16 15:07:51]  <WARN>  commit already exists: xcellent-dev/Ryan/bc71b68c3d2d54c8a771e64deceb6b4b79146bb7
[2022-06-16 15:07:52]  <WARN>  commit already exists: xcellent-dev/Velvet_Test2/140143e1aca26001482dd8359aabd86fe182c2b3
[2022-06-16 15:07:52]  <INFO>  No new commit in 4 repositories.
[2022-06-16 15:08:26]  <WARN>  commit already exists: xcellent-dev/Ryan/76518353c95a193af32e906bcfc3611635c6ee92
[2022-06-16 15:08:26]  <WARN>  commit already exists: xcellent-dev/Ryan/2fc0435c546cf7d71e590a36e55c398cb4d3a2b5
[2022-06-16 15:08:26]  <WARN>  commit already exists: xcellent-dev/Ryan/2250e55d342c9d0643ae66a26641c00a1a534d03
[2022-06-16 15:08:26]  <WARN>  commit already exists: xcellent-dev/Ryan/a45e91f712d71fa7068d37debc78a1d75424dbdf
[2022-06-16 15:08:26]  <WARN>  commit already exists: xcellent-dev/Ryan/70c6a62a34d60c47867acf85cf4524b99bdd0298
[2022-06-16 15:08:26]  <WARN>  commit already exists: xcellent-dev/Ryan/c19dfd699401f2e2e4fd55b81b0024b20719535c
[2022-06-16 15:08:26]  <WARN>  commit already exists: xcellent-dev/Ryan/5b818c857bb4483950b43ae70b7cffb664eb6f38
[2022-06-16 15:08:26]  <WARN>  commit already exists: xcellent-dev/Ryan/17e51a992a9c60451b36acd1e0a49a67ef955c9e
[2022-06-16 15:08:27]  <WARN>  commit already exists: xcellent-dev/Ryan/bc71b68c3d2d54c8a771e64deceb6b4b79146bb7
[2022-06-16 15:08:27]  <WARN>  commit already exists: xcellent-dev/Velvet_Test2/140143e1aca26001482dd8359aabd86fe182c2b3
[2022-06-16 15:08:28]  <INFO>  No new commit in 4 repositories.
[2022-06-16 15:09:02]  <WARN>  commit already exists: xcellent-dev/Ryan/76518353c95a193af32e906bcfc3611635c6ee92
[2022-06-16 15:09:02]  <WARN>  commit already exists: xcellent-dev/Ryan/2fc0435c546cf7d71e590a36e55c398cb4d3a2b5
[2022-06-16 15:09:02]  <WARN>  commit already exists: xcellent-dev/Ryan/2250e55d342c9d0643ae66a26641c00a1a534d03
[2022-06-16 15:09:02]  <WARN>  commit already exists: xcellent-dev/Ryan/a45e91f712d71fa7068d37debc78a1d75424dbdf
[2022-06-16 15:09:02]  <WARN>  commit already exists: xcellent-dev/Ryan/70c6a62a34d60c47867acf85cf4524b99bdd0298
[2022-06-16 15:09:02]  <WARN>  commit already exists: xcellent-dev/Ryan/c19dfd699401f2e2e4fd55b81b0024b20719535c
[2022-06-16 15:09:02]  <WARN>  commit already exists: xcellent-dev/Ryan/5b818c857bb4483950b43ae70b7cffb664eb6f38
[2022-06-16 15:09:02]  <WARN>  commit already exists: xcellent-dev/Ryan/17e51a992a9c60451b36acd1e0a49a67ef955c9e
[2022-06-16 15:09:02]  <WARN>  commit already exists: xcellent-dev/Ryan/bc71b68c3d2d54c8a771e64deceb6b4b79146bb7
[2022-06-16 15:09:03]  <WARN>  commit already exists: xcellent-dev/Velvet_Test2/140143e1aca26001482dd8359aabd86fe182c2b3
[2022-06-16 15:09:04]  <INFO>  No new commit in 4 repositories.
[2022-06-16 15:09:36]  <WARN>  commit already exists: xcellent-dev/Ryan/76518353c95a193af32e906bcfc3611635c6ee92
[2022-06-16 15:09:36]  <WARN>  commit already exists: xcellent-dev/Ryan/2fc0435c546cf7d71e590a36e55c398cb4d3a2b5
[2022-06-16 15:09:36]  <WARN>  commit already exists: xcellent-dev/Ryan/2250e55d342c9d0643ae66a26641c00a1a534d03
[2022-06-16 15:09:36]  <WARN>  commit already exists: xcellent-dev/Ryan/a45e91f712d71fa7068d37debc78a1d75424dbdf
[2022-06-16 15:09:36]  <WARN>  commit already exists: xcellent-dev/Ryan/70c6a62a34d60c47867acf85cf4524b99bdd0298
[2022-06-16 15:09:36]  <WARN>  commit already exists: xcellent-dev/Ryan/c19dfd699401f2e2e4fd55b81b0024b20719535c
[2022-06-16 15:09:36]  <WARN>  commit already exists: xcellent-dev/Ryan/5b818c857bb4483950b43ae70b7cffb664eb6f38
[2022-06-16 15:09:36]  <WARN>  commit already exists: xcellent-dev/Ryan/17e51a992a9c60451b36acd1e0a49a67ef955c9e
[2022-06-16 15:09:36]  <WARN>  commit already exists: xcellent-dev/Ryan/bc71b68c3d2d54c8a771e64deceb6b4b79146bb7
[2022-06-16 15:09:37]  <WARN>  commit already exists: xcellent-dev/Velvet_Test2/140143e1aca26001482dd8359aabd86fe182c2b3
[2022-06-16 15:09:38]  <INFO>  No new commit in 4 repositories.
[2022-06-16 15:10:10]  <WARN>  commit already exists: xcellent-dev/Ryan/76518353c95a193af32e906bcfc3611635c6ee92
[2022-06-16 15:10:10]  <WARN>  commit already exists: xcellent-dev/Ryan/2fc0435c546cf7d71e590a36e55c398cb4d3a2b5
[2022-06-16 15:10:10]  <WARN>  commit already exists: xcellent-dev/Ryan/2250e55d342c9d0643ae66a26641c00a1a534d03
[2022-06-16 15:10:10]  <WARN>  commit already exists: xcellent-dev/Ryan/a45e91f712d71fa7068d37debc78a1d75424dbdf
[2022-06-16 15:10:11]  <WARN>  commit already exists: xcellent-dev/Ryan/70c6a62a34d60c47867acf85cf4524b99bdd0298
[2022-06-16 15:10:11]  <WARN>  commit already exists: xcellent-dev/Ryan/c19dfd699401f2e2e4fd55b81b0024b20719535c
[2022-06-16 15:10:11]  <WARN>  commit already exists: xcellent-dev/Ryan/5b818c857bb4483950b43ae70b7cffb664eb6f38
[2022-06-16 15:10:11]  <WARN>  commit already exists: xcellent-dev/Ryan/17e51a992a9c60451b36acd1e0a49a67ef955c9e
[2022-06-16 15:10:11]  <WARN>  commit already exists: xcellent-dev/Ryan/bc71b68c3d2d54c8a771e64deceb6b4b79146bb7
[2022-06-16 15:10:12]  <WARN>  commit already exists: xcellent-dev/Velvet_Test2/140143e1aca26001482dd8359aabd86fe182c2b3
[2022-06-16 15:10:12]  <INFO>  No new commit in 4 repositories.
[2022-06-16 15:10:45]  <WARN>  commit already exists: xcellent-dev/Ryan/76518353c95a193af32e906bcfc3611635c6ee92
[2022-06-16 15:10:45]  <WARN>  commit already exists: xcellent-dev/Ryan/2fc0435c546cf7d71e590a36e55c398cb4d3a2b5
[2022-06-16 15:10:45]  <WARN>  commit already exists: xcellent-dev/Ryan/2250e55d342c9d0643ae66a26641c00a1a534d03
[2022-06-16 15:10:45]  <WARN>  commit already exists: xcellent-dev/Ryan/a45e91f712d71fa7068d37debc78a1d75424dbdf
[2022-06-16 15:10:45]  <WARN>  commit already exists: xcellent-dev/Ryan/70c6a62a34d60c47867acf85cf4524b99bdd0298
[2022-06-16 15:10:45]  <WARN>  commit already exists: xcellent-dev/Ryan/c19dfd699401f2e2e4fd55b81b0024b20719535c
[2022-06-16 15:10:45]  <WARN>  commit already exists: xcellent-dev/Ryan/5b818c857bb4483950b43ae70b7cffb664eb6f38
[2022-06-16 15:10:45]  <WARN>  commit already exists: xcellent-dev/Ryan/17e51a992a9c60451b36acd1e0a49a67ef955c9e
[2022-06-16 15:10:45]  <WARN>  commit already exists: xcellent-dev/Ryan/bc71b68c3d2d54c8a771e64deceb6b4b79146bb7
[2022-06-16 15:10:46]  <WARN>  commit already exists: xcellent-dev/Velvet_Test2/140143e1aca26001482dd8359aabd86fe182c2b3
[2022-06-16 15:10:47]  <INFO>  No new commit in 4 repositories.
[2022-06-16 15:11:19]  <WARN>  commit already exists: xcellent-dev/Ryan/76518353c95a193af32e906bcfc3611635c6ee92
[2022-06-16 15:11:20]  <WARN>  commit already exists: xcellent-dev/Ryan/2fc0435c546cf7d71e590a36e55c398cb4d3a2b5
[2022-06-16 15:11:20]  <WARN>  commit already exists: xcellent-dev/Ryan/2250e55d342c9d0643ae66a26641c00a1a534d03
[2022-06-16 15:11:20]  <WARN>  commit already exists: xcellent-dev/Ryan/a45e91f712d71fa7068d37debc78a1d75424dbdf
[2022-06-16 15:11:20]  <WARN>  commit already exists: xcellent-dev/Ryan/70c6a62a34d60c47867acf85cf4524b99bdd0298
[2022-06-16 15:11:20]  <WARN>  commit already exists: xcellent-dev/Ryan/c19dfd699401f2e2e4fd55b81b0024b20719535c
[2022-06-16 15:11:20]  <WARN>  commit already exists: xcellent-dev/Ryan/5b818c857bb4483950b43ae70b7cffb664eb6f38
[2022-06-16 15:11:20]  <WARN>  commit already exists: xcellent-dev/Ryan/17e51a992a9c60451b36acd1e0a49a67ef955c9e
[2022-06-16 15:11:20]  <WARN>  commit already exists: xcellent-dev/Ryan/bc71b68c3d2d54c8a771e64deceb6b4b79146bb7
[2022-06-16 15:11:21]  <WARN>  commit already exists: xcellent-dev/Velvet_Test2/140143e1aca26001482dd8359aabd86fe182c2b3
[2022-06-16 15:11:21]  <INFO>  No new commit in 4 repositories.
[2022-06-16 15:11:54]  <WARN>  commit already exists: xcellent-dev/Ryan/76518353c95a193af32e906bcfc3611635c6ee92
[2022-06-16 15:11:54]  <WARN>  commit already exists: xcellent-dev/Ryan/2fc0435c546cf7d71e590a36e55c398cb4d3a2b5
[2022-06-16 15:11:54]  <WARN>  commit already exists: xcellent-dev/Ryan/2250e55d342c9d0643ae66a26641c00a1a534d03
[2022-06-16 15:11:54]  <WARN>  commit already exists: xcellent-dev/Ryan/a45e91f712d71fa7068d37debc78a1d75424dbdf
[2022-06-16 15:11:54]  <WARN>  commit already exists: xcellent-dev/Ryan/70c6a62a34d60c47867acf85cf4524b99bdd0298
[2022-06-16 15:11:54]  <WARN>  commit already exists: xcellent-dev/Ryan/c19dfd699401f2e2e4fd55b81b0024b20719535c
[2022-06-16 15:11:54]  <WARN>  commit already exists: xcellent-dev/Ryan/5b818c857bb4483950b43ae70b7cffb664eb6f38
[2022-06-16 15:11:54]  <WARN>  commit already exists: xcellent-dev/Ryan/17e51a992a9c60451b36acd1e0a49a67ef955c9e
[2022-06-16 15:11:54]  <WARN>  commit already exists: xcellent-dev/Ryan/bc71b68c3d2d54c8a771e64deceb6b4b79146bb7
[2022-06-16 15:11:55]  <WARN>  commit already exists: xcellent-dev/Velvet_Test2/140143e1aca26001482dd8359aabd86fe182c2b3
[2022-06-16 15:11:55]  <INFO>  No new commit in 4 repositories.
[2022-06-16 15:12:30]  <WARN>  commit already exists: xcellent-dev/Ryan/76518353c95a193af32e906bcfc3611635c6ee92
[2022-06-16 15:12:30]  <WARN>  commit already exists: xcellent-dev/Ryan/2fc0435c546cf7d71e590a36e55c398cb4d3a2b5
[2022-06-16 15:12:30]  <WARN>  commit already exists: xcellent-dev/Ryan/2250e55d342c9d0643ae66a26641c00a1a534d03
[2022-06-16 15:12:31]  <WARN>  commit already exists: xcellent-dev/Ryan/a45e91f712d71fa7068d37debc78a1d75424dbdf
[2022-06-16 15:12:31]  <WARN>  commit already exists: xcellent-dev/Ryan/70c6a62a34d60c47867acf85cf4524b99bdd0298
[2022-06-16 15:12:31]  <WARN>  commit already exists: xcellent-dev/Ryan/c19dfd699401f2e2e4fd55b81b0024b20719535c
[2022-06-16 15:12:31]  <WARN>  commit already exists: xcellent-dev/Ryan/5b818c857bb4483950b43ae70b7cffb664eb6f38
[2022-06-16 15:12:31]  <WARN>  commit already exists: xcellent-dev/Ryan/17e51a992a9c60451b36acd1e0a49a67ef955c9e
[2022-06-16 15:12:31]  <WARN>  commit already exists: xcellent-dev/Ryan/bc71b68c3d2d54c8a771e64deceb6b4b79146bb7
[2022-06-16 15:12:35]  <WARN>  commit already exists: xcellent-dev/Velvet_Test2/140143e1aca26001482dd8359aabd86fe182c2b3
[2022-06-16 15:12:37]  <INFO>  No new commit in 4 repositories.
[2022-06-16 15:13:09]  <WARN>  commit already exists: xcellent-dev/Ryan/76518353c95a193af32e906bcfc3611635c6ee92
[2022-06-16 15:13:09]  <WARN>  commit already exists: xcellent-dev/Ryan/2fc0435c546cf7d71e590a36e55c398cb4d3a2b5
[2022-06-16 15:13:09]  <WARN>  commit already exists: xcellent-dev/Ryan/2250e55d342c9d0643ae66a26641c00a1a534d03
[2022-06-16 15:13:10]  <WARN>  commit already exists: xcellent-dev/Ryan/a45e91f712d71fa7068d37debc78a1d75424dbdf
[2022-06-16 15:13:10]  <WARN>  commit already exists: xcellent-dev/Ryan/70c6a62a34d60c47867acf85cf4524b99bdd0298
[2022-06-16 15:13:10]  <WARN>  commit already exists: xcellent-dev/Ryan/c19dfd699401f2e2e4fd55b81b0024b20719535c
[2022-06-16 15:13:10]  <WARN>  commit already exists: xcellent-dev/Ryan/5b818c857bb4483950b43ae70b7cffb664eb6f38
[2022-06-16 15:13:10]  <WARN>  commit already exists: xcellent-dev/Ryan/17e51a992a9c60451b36acd1e0a49a67ef955c9e
[2022-06-16 15:13:10]  <WARN>  commit already exists: xcellent-dev/Ryan/bc71b68c3d2d54c8a771e64deceb6b4b79146bb7
[2022-06-16 15:13:11]  <WARN>  commit already exists: xcellent-dev/Velvet_Test2/140143e1aca26001482dd8359aabd86fe182c2b3
[2022-06-16 15:13:11]  <INFO>  No new commit in 4 repositories.
Telegram connected: username = github65bot
[2022-06-16 15:16:36]  <INFO>  1 new commits on xcellent-dev/QuizDrop
[2022-06-16 15:16:37]  <INFO>  9 new commits on xcellent-dev/Ryan
[2022-06-16 15:16:38]  <INFO>  1 new commits on xcellent-dev/Velvet_Test2
[2022-06-16 15:16:41]  <INFO>  1 new commits on xcellent-dev/web-3D-building
[2022-06-16 15:16:41]  <INFO>  12 new commits in 4 repositories.
