Telegram connected: username = github65bot
[2022-06-19 23:36:53]  Message sent to group: test
[2022-06-19 23:37:03]  <INFO>  No new commit in 4 repositories.
Telegram connected: username = github65bot
[2022-06-19 23:38:26]  Message sent to group: test
[2022-06-19 23:38:30]  <INFO>  No new commit in 4 repositories.
Telegram connected: username = github65bot
[2022-06-19 23:44:17]  <INFO>  No new commit in 4 repositories.
[2022-06-19 23:44:54]  Message sent to group: 2022-03-18 01:38:03
"xcellent-dev" committed on "xcellent-dev/QuizDrop": "init"
[Go](https://api.github.com/repos/xcellent-dev/QuizDrop/commits/c9509d1972cb15ba993d038f407564c18dd4386c)
Telegram connected: username = github65bot
[2022-06-19 23:48:13]  Message sent to group: 2020-11-19 03:28:05
"kong" committed on "xcellent-dev/Ryan": "change the style"
https://github.com/xcellent-dev/Ryan/commit/76518353c95a193af32e906bcfc3611635c6ee92
[2022-06-19 23:48:19]  Message sent to group: 2020-11-21 07:02:09
"kong" committed on "xcellent-dev/Ryan": "origin code"
https://github.com/xcellent-dev/Ryan/commit/2fc0435c546cf7d71e590a36e55c398cb4d3a2b5
[2022-06-19 23:48:19]  Message sent to group: 2020-11-24 02:46:00
"kong" committed on "xcellent-dev/Ryan": "notification"
https://github.com/xcellent-dev/Ryan/commit/2250e55d342c9d0643ae66a26641c00a1a534d03
[2022-06-19 23:48:19]  Message sent to group: 2020-11-25 01:52:03
"kong" committed on "xcellent-dev/Ryan": "NINO RTW"
https://github.com/xcellent-dev/Ryan/commit/a45e91f712d71fa7068d37debc78a1d75424dbdf
[2022-06-19 23:48:19]  Message sent to group: 2020-11-25 20:15:18
"kong" committed on "xcellent-dev/Ryan": "NINO correct sentence"
https://github.com/xcellent-dev/Ryan/commit/70c6a62a34d60c47867acf85cf4524b99bdd0298
[2022-06-19 23:48:19]  Message sent to group: 2020-11-27 07:49:04
"kong" committed on "xcellent-dev/Ryan": "complete the section"
https://github.com/xcellent-dev/Ryan/commit/c19dfd699401f2e2e4fd55b81b0024b20719535c
[2022-06-19 23:48:20]  Message sent to group: 2020-11-30 23:03:12
"kong" committed on "xcellent-dev/Ryan": "expiry date color"
https://github.com/xcellent-dev/Ryan/commit/5b818c857bb4483950b43ae70b7cffb664eb6f38
[2022-06-19 23:48:20]  Message sent to group: 2020-12-03 04:07:09
"kong" committed on "xcellent-dev/Ryan": "carryout 1"
https://github.com/xcellent-dev/Ryan/commit/17e51a992a9c60451b36acd1e0a49a67ef955c9e
[2022-06-19 23:48:20]  Message sent to group: 2020-12-10 18:02:27
"kong" committed on "xcellent-dev/Ryan": "restart"
https://github.com/xcellent-dev/Ryan/commit/bc71b68c3d2d54c8a771e64deceb6b4b79146bb7
[2022-06-19 23:48:20]  <INFO>  9 new commits on xcellent-dev/Ryan
[2022-06-19 23:48:21]  Message sent to group: 2022-02-11 16:42:51
"daylight1019" committed on "xcellent-dev/Velvet_Test2": "solve test2"
https://github.com/xcellent-dev/Velvet_Test2/commit/140143e1aca26001482dd8359aabd86fe182c2b3
[2022-06-19 23:48:21]  <INFO>  1 new commits on xcellent-dev/Velvet_Test2
[2022-06-19 23:48:22]  Message sent to group: 2020-09-23 05:37:09
"xcellent-dev" committed on "xcellent-dev/web-3D-building": "add: first commit"
https://github.com/xcellent-dev/web-3D-building/commit/a5bf6abb4ed87dba180a9c929ca2b6012eaac833
[2022-06-19 23:48:22]  <INFO>  1 new commits on xcellent-dev/web-3D-building
[2022-06-19 23:48:22]  <INFO>  11 new commits in 4 repositories.
Telegram connected: username = github65bot
[2022-06-19 23:52:00]  Message sent to group: 2022-02-11 16:42:51
"daylight1019" committed on "xcellent-dev/Velvet_Test2": "solve test2"
https://github.com/xcellent-dev/Velvet_Test2/commit/140143e1aca26001482dd8359aabd86fe182c2b3
[2022-06-19 23:52:00]  <INFO>  1 new commits on xcellent-dev/Velvet_Test2
[2022-06-19 23:52:01]  Message sent to group: 2020-09-23 05:37:09
"xcellent-dev" committed on "xcellent-dev/web-3D-building": "add: first commit"
https://github.com/xcellent-dev/web-3D-building/commit/a5bf6abb4ed87dba180a9c929ca2b6012eaac833
[2022-06-19 23:52:01]  <INFO>  1 new commits on xcellent-dev/web-3D-building
[2022-06-19 23:52:01]  <INFO>  2 new commits in 4 repositories.
Telegram connected: username = github65bot
[2022-06-19 23:56:09]  <INFO>  1 new commits on xcellent-dev/QuizDrop
[2022-06-19 23:56:09]  Message sent to group: Repository initialized: "xcellent-dev/QuizDrop" (1 commits)
[2022-06-19 23:56:11]  <INFO>  9 new commits on xcellent-dev/Ryan
[2022-06-19 23:56:11]  Message sent to group: Repository initialized: "xcellent-dev/Ryan" (9 commits)
[2022-06-19 23:56:12]  <INFO>  1 new commits on xcellent-dev/Velvet_Test2
[2022-06-19 23:56:12]  Message sent to group: Repository initialized: "xcellent-dev/Velvet_Test2" (1 commits)
[2022-06-19 23:56:13]  <INFO>  1 new commits on xcellent-dev/web-3D-building
[2022-06-19 23:56:13]  Message sent to group: Repository initialized: "xcellent-dev/web-3D-building" (1 commits)
[2022-06-19 23:56:13]  <INFO>  12 new commits in 4 repositories.
[2022-06-19 23:56:50]  <INFO>  No new commit in 4 repositories.
[2022-06-19 23:57:27]  <INFO>  No new commit in 4 repositories.
[2022-06-19 23:58:03]  <INFO>  No new commit in 4 repositories.
[2022-06-19 23:58:41]  <INFO>  No new commit in 4 repositories.
